-- The C compiler identification is GNU 13.3.0
-- The CXX compiler identification is GNU 13.3.0
-- Detecting C compiler ABI info
-- Detecting C compiler ABI info - done
-- Check for working C compiler: /usr/bin/cc - skipped
-- Detecting C compile features
-- Detecting C compile features - done
-- Detecting CXX compiler ABI info
-- Detecting CXX compiler ABI info - done
-- Check for working CXX compiler: /usr/bin/c++ - skipped
-- Detecting CXX compile features
-- Detecting CXX compile features - done
-- Found ament_cmake: 2.5.4 (/opt/ros/jazzy/share/ament_cmake/cmake)
-- Found Python3: /usr/bin/python3 (found version "3.12.3") found components: Interpreter 
-- Found rosidl_default_generators: 1.6.0 (/opt/ros/jazzy/share/rosidl_default_generators/cmake)
-- Using all available rosidl_typesupport_c: rosidl_typesupport_fastrtps_c;rosidl_typesupport_introspection_c
-- Using all available rosidl_typesupport_cpp: rosidl_typesupport_fastrtps_cpp;rosidl_typesupport_introspection_cpp
-- Found rosidl_adapter: 4.6.5 (/opt/ros/jazzy/share/rosidl_adapter/cmake)
-- Found ament_cmake_ros: 0.12.0 (/opt/ros/jazzy/share/ament_cmake_ros/cmake)
-- Using all available rosidl_typesupport_c: rosidl_typesupport_fastrtps_c;rosidl_typesupport_introspection_c
-- Using all available rosidl_typesupport_cpp: rosidl_typesupport_fastrtps_cpp;rosidl_typesupport_introspection_cpp
-- Found python_cmake_module: 0.11.1 (/opt/ros/jazzy/share/python_cmake_module/cmake)
-- Found PythonExtra: /usr/bin/python3  
-- Found Python3: /usr/bin/python3 (found version "3.12.3") found components: Interpreter Development NumPy Development.Module Development.Embed 
-- Configuring done (2.3s)
-- Generating done (0.0s)
-- Build files have been written to: /home/zach/arphi_driver/build/arphi_interfaces
[  2%] [34m[1mGenerating type hashes for ROS interfaces[0m
[  2%] Built target ament_cmake_python_copy_arphi_interfaces
[  2%] Built target arphi_interfaces__rosidl_generator_type_description
[  5%] [34m[1mGenerating C code for ROS interfaces[0m
running egg_info
creating arphi_interfaces.egg-info
[  8%] [34m[1mGenerating C++ code for ROS interfaces[0m
writing arphi_interfaces.egg-info/PKG-INFO
writing dependency_links to arphi_interfaces.egg-info/dependency_links.txt
writing top-level names to arphi_interfaces.egg-info/top_level.txt
writing manifest file 'arphi_interfaces.egg-info/SOURCES.txt'
reading manifest file 'arphi_interfaces.egg-info/SOURCES.txt'
writing manifest file 'arphi_interfaces.egg-info/SOURCES.txt'
[  8%] Built target ament_cmake_python_build_arphi_interfaces_egg
[  8%] Built target arphi_interfaces__cpp
[ 11%] [32mBuilding C object CMakeFiles/arphi_interfaces__rosidl_generator_c.dir/rosidl_generator_c/arphi_interfaces/msg/detail/stepper_commands__description.c.o[0m
[ 14%] [32mBuilding C object CMakeFiles/arphi_interfaces__rosidl_generator_c.dir/rosidl_generator_c/arphi_interfaces/msg/detail/stepper_commands__functions.c.o[0m
[ 17%] [32mBuilding C object CMakeFiles/arphi_interfaces__rosidl_generator_c.dir/rosidl_generator_c/arphi_interfaces/msg/detail/stepper_commands__type_support.c.o[0m
[ 20%] [32m[1mLinking C shared library libarphi_interfaces__rosidl_generator_c.so[0m
[ 20%] Built target arphi_interfaces__rosidl_generator_c
[ 38%] [34m[1mGenerating C type support for eProsima Fast-RTPS[0m
[ 38%] [34m[1mGenerating C++ introspection for ROS interfaces[0m
[ 38%] [34m[1mGenerating C introspection for ROS interfaces[0m
[ 38%] [34m[1mGenerating C++ type support for eProsima Fast-RTPS[0m
[ 38%] [34m[1mGenerating C type support dispatch for ROS interfaces[0m
[ 38%] [34m[1mGenerating C++ type support dispatch for ROS interfaces[0m
[ 44%] [32mBuilding CXX object CMakeFiles/arphi_interfaces__rosidl_typesupport_c.dir/rosidl_typesupport_c/arphi_interfaces/msg/stepper_commands__type_support.cpp.o[0m
[ 44%] [32mBuilding CXX object CMakeFiles/arphi_interfaces__rosidl_typesupport_cpp.dir/rosidl_typesupport_cpp/arphi_interfaces/msg/stepper_commands__type_support.cpp.o[0m
[ 50%] [32mBuilding CXX object CMakeFiles/arphi_interfaces__rosidl_typesupport_introspection_cpp.dir/rosidl_typesupport_introspection_cpp/arphi_interfaces/msg/detail/stepper_commands__type_support.cpp.o[0m
[ 50%] [32mBuilding C object CMakeFiles/arphi_interfaces__rosidl_typesupport_introspection_c.dir/rosidl_typesupport_introspection_c/arphi_interfaces/msg/detail/stepper_commands__type_support.c.o[0m
[ 55%] [32mBuilding CXX object CMakeFiles/arphi_interfaces__rosidl_typesupport_fastrtps_cpp.dir/rosidl_typesupport_fastrtps_cpp/arphi_interfaces/msg/detail/dds_fastrtps/stepper_commands__type_support.cpp.o[0m
[ 55%] [32mBuilding CXX object CMakeFiles/arphi_interfaces__rosidl_typesupport_fastrtps_c.dir/rosidl_typesupport_fastrtps_c/arphi_interfaces/msg/detail/stepper_commands__type_support_c.cpp.o[0m
[ 58%] [32m[1mLinking CXX shared library libarphi_interfaces__rosidl_typesupport_c.so[0m
[ 61%] [32m[1mLinking C shared library libarphi_interfaces__rosidl_typesupport_introspection_c.so[0m
[ 61%] Built target arphi_interfaces__rosidl_typesupport_c
[ 61%] Built target arphi_interfaces__rosidl_typesupport_introspection_c
[ 64%] [32m[1mLinking CXX shared library libarphi_interfaces__rosidl_typesupport_cpp.so[0m
[ 67%] [32m[1mLinking CXX shared library libarphi_interfaces__rosidl_typesupport_introspection_cpp.so[0m
[ 67%] Built target arphi_interfaces__rosidl_typesupport_cpp
[ 67%] Built target arphi_interfaces__rosidl_typesupport_introspection_cpp
[ 70%] [32m[1mLinking CXX shared library libarphi_interfaces__rosidl_typesupport_fastrtps_c.so[0m
[ 73%] [32m[1mLinking CXX shared library libarphi_interfaces__rosidl_typesupport_fastrtps_cpp.so[0m
[ 73%] Built target arphi_interfaces__rosidl_typesupport_fastrtps_c
[ 73%] Built target arphi_interfaces__rosidl_typesupport_fastrtps_cpp
[ 73%] Built target arphi_interfaces
[ 76%] [34m[1mGenerating Python code for ROS interfaces[0m
[ 76%] Built target arphi_interfaces__py
[ 79%] [32mBuilding C object CMakeFiles/arphi_interfaces__rosidl_generator_py.dir/rosidl_generator_py/arphi_interfaces/msg/_stepper_commands_s.c.o[0m
[ 82%] [32m[1mLinking C shared library libarphi_interfaces__rosidl_generator_py.so[0m
[ 82%] Built target arphi_interfaces__rosidl_generator_py
[ 88%] [32mBuilding C object CMakeFiles/arphi_interfaces_s__rosidl_typesupport_c.dir/rosidl_generator_py/arphi_interfaces/_arphi_interfaces_s.ep.rosidl_typesupport_c.c.o[0m
[ 88%] [32mBuilding C object CMakeFiles/arphi_interfaces_s__rosidl_typesupport_fastrtps_c.dir/rosidl_generator_py/arphi_interfaces/_arphi_interfaces_s.ep.rosidl_typesupport_fastrtps_c.c.o[0m
[ 91%] [32mBuilding C object CMakeFiles/arphi_interfaces_s__rosidl_typesupport_introspection_c.dir/rosidl_generator_py/arphi_interfaces/_arphi_interfaces_s.ep.rosidl_typesupport_introspection_c.c.o[0m
[ 97%] [32m[1mLinking C shared module rosidl_generator_py/arphi_interfaces/arphi_interfaces_s__rosidl_typesupport_introspection_c.so[0m
[ 97%] [32m[1mLinking C shared module rosidl_generator_py/arphi_interfaces/arphi_interfaces_s__rosidl_typesupport_c.so[0m
[100%] [32m[1mLinking C shared module rosidl_generator_py/arphi_interfaces/arphi_interfaces_s__rosidl_typesupport_fastrtps_c.so[0m
[100%] Built target arphi_interfaces_s__rosidl_typesupport_introspection_c
[100%] Built target arphi_interfaces_s__rosidl_typesupport_c
[100%] Built target arphi_interfaces_s__rosidl_typesupport_fastrtps_c
-- Install configuration: ""
-- Installing: /home/zach/arphi_driver/install/arphi_interfaces/share/ament_index/resource_index/rosidl_interfaces/arphi_interfaces
-- Installing: /home/zach/arphi_driver/install/arphi_interfaces/share/arphi_interfaces/msg/StepperCommands.json
-- Installing: /home/zach/arphi_driver/install/arphi_interfaces/include/arphi_interfaces/arphi_interfaces
-- Installing: /home/zach/arphi_driver/install/arphi_interfaces/include/arphi_interfaces/arphi_interfaces/msg
-- Installing: /home/zach/arphi_driver/install/arphi_interfaces/include/arphi_interfaces/arphi_interfaces/msg/rosidl_generator_c__visibility_control.h
-- Installing: /home/zach/arphi_driver/install/arphi_interfaces/include/arphi_interfaces/arphi_interfaces/msg/stepper_commands.h
-- Installing: /home/zach/arphi_driver/install/arphi_interfaces/include/arphi_interfaces/arphi_interfaces/msg/detail
-- Installing: /home/zach/arphi_driver/install/arphi_interfaces/include/arphi_interfaces/arphi_interfaces/msg/detail/stepper_commands__type_support.h
-- Installing: /home/zach/arphi_driver/install/arphi_interfaces/include/arphi_interfaces/arphi_interfaces/msg/detail/stepper_commands__description.c
-- Installing: /home/zach/arphi_driver/install/arphi_interfaces/include/arphi_interfaces/arphi_interfaces/msg/detail/stepper_commands__functions.h
-- Installing: /home/zach/arphi_driver/install/arphi_interfaces/include/arphi_interfaces/arphi_interfaces/msg/detail/stepper_commands__struct.h
-- Installing: /home/zach/arphi_driver/install/arphi_interfaces/include/arphi_interfaces/arphi_interfaces/msg/detail/stepper_commands__type_support.c
-- Installing: /home/zach/arphi_driver/install/arphi_interfaces/include/arphi_interfaces/arphi_interfaces/msg/detail/stepper_commands__functions.c
-- Installing: /home/zach/arphi_driver/install/arphi_interfaces/share/arphi_interfaces/environment/library_path.sh
-- Installing: /home/zach/arphi_driver/install/arphi_interfaces/share/arphi_interfaces/environment/library_path.dsv
-- Installing: /home/zach/arphi_driver/install/arphi_interfaces/lib/libarphi_interfaces__rosidl_generator_c.so
-- Set non-toolchain portion of runtime path of "/home/zach/arphi_driver/install/arphi_interfaces/lib/libarphi_interfaces__rosidl_generator_c.so" to ""
-- Up-to-date: /home/zach/arphi_driver/install/arphi_interfaces/include/arphi_interfaces/arphi_interfaces
-- Up-to-date: /home/zach/arphi_driver/install/arphi_interfaces/include/arphi_interfaces/arphi_interfaces/msg
-- Installing: /home/zach/arphi_driver/install/arphi_interfaces/include/arphi_interfaces/arphi_interfaces/msg/rosidl_typesupport_fastrtps_c__visibility_control.h
-- Up-to-date: /home/zach/arphi_driver/install/arphi_interfaces/include/arphi_interfaces/arphi_interfaces/msg/detail
-- Installing: /home/zach/arphi_driver/install/arphi_interfaces/include/arphi_interfaces/arphi_interfaces/msg/detail/stepper_commands__rosidl_typesupport_fastrtps_c.h
-- Installing: /home/zach/arphi_driver/install/arphi_interfaces/lib/libarphi_interfaces__rosidl_typesupport_fastrtps_c.so
-- Set non-toolchain portion of runtime path of "/home/zach/arphi_driver/install/arphi_interfaces/lib/libarphi_interfaces__rosidl_typesupport_fastrtps_c.so" to ""
-- Up-to-date: /home/zach/arphi_driver/install/arphi_interfaces/include/arphi_interfaces/arphi_interfaces
-- Up-to-date: /home/zach/arphi_driver/install/arphi_interfaces/include/arphi_interfaces/arphi_interfaces/msg
-- Installing: /home/zach/arphi_driver/install/arphi_interfaces/include/arphi_interfaces/arphi_interfaces/msg/rosidl_typesupport_introspection_c__visibility_control.h
-- Up-to-date: /home/zach/arphi_driver/install/arphi_interfaces/include/arphi_interfaces/arphi_interfaces/msg/detail
-- Installing: /home/zach/arphi_driver/install/arphi_interfaces/include/arphi_interfaces/arphi_interfaces/msg/detail/stepper_commands__rosidl_typesupport_introspection_c.h
-- Up-to-date: /home/zach/arphi_driver/install/arphi_interfaces/include/arphi_interfaces/arphi_interfaces/msg/detail/stepper_commands__type_support.c
-- Installing: /home/zach/arphi_driver/install/arphi_interfaces/lib/libarphi_interfaces__rosidl_typesupport_introspection_c.so
-- Set non-toolchain portion of runtime path of "/home/zach/arphi_driver/install/arphi_interfaces/lib/libarphi_interfaces__rosidl_typesupport_introspection_c.so" to ""
-- Installing: /home/zach/arphi_driver/install/arphi_interfaces/lib/libarphi_interfaces__rosidl_typesupport_c.so
-- Set non-toolchain portion of runtime path of "/home/zach/arphi_driver/install/arphi_interfaces/lib/libarphi_interfaces__rosidl_typesupport_c.so" to ""
-- Up-to-date: /home/zach/arphi_driver/install/arphi_interfaces/include/arphi_interfaces/arphi_interfaces
-- Up-to-date: /home/zach/arphi_driver/install/arphi_interfaces/include/arphi_interfaces/arphi_interfaces/msg
-- Installing: /home/zach/arphi_driver/install/arphi_interfaces/include/arphi_interfaces/arphi_interfaces/msg/rosidl_generator_cpp__visibility_control.hpp
-- Installing: /home/zach/arphi_driver/install/arphi_interfaces/include/arphi_interfaces/arphi_interfaces/msg/stepper_commands.hpp
-- Up-to-date: /home/zach/arphi_driver/install/arphi_interfaces/include/arphi_interfaces/arphi_interfaces/msg/detail
-- Installing: /home/zach/arphi_driver/install/arphi_interfaces/include/arphi_interfaces/arphi_interfaces/msg/detail/stepper_commands__builder.hpp
-- Installing: /home/zach/arphi_driver/install/arphi_interfaces/include/arphi_interfaces/arphi_interfaces/msg/detail/stepper_commands__type_support.hpp
-- Installing: /home/zach/arphi_driver/install/arphi_interfaces/include/arphi_interfaces/arphi_interfaces/msg/detail/stepper_commands__struct.hpp
-- Installing: /home/zach/arphi_driver/install/arphi_interfaces/include/arphi_interfaces/arphi_interfaces/msg/detail/stepper_commands__traits.hpp
-- Up-to-date: /home/zach/arphi_driver/install/arphi_interfaces/include/arphi_interfaces/arphi_interfaces
-- Up-to-date: /home/zach/arphi_driver/install/arphi_interfaces/include/arphi_interfaces/arphi_interfaces/msg
-- Installing: /home/zach/arphi_driver/install/arphi_interfaces/include/arphi_interfaces/arphi_interfaces/msg/rosidl_typesupport_fastrtps_cpp__visibility_control.h
-- Up-to-date: /home/zach/arphi_driver/install/arphi_interfaces/include/arphi_interfaces/arphi_interfaces/msg/detail
-- Installing: /home/zach/arphi_driver/install/arphi_interfaces/include/arphi_interfaces/arphi_interfaces/msg/detail/dds_fastrtps
-- Installing: /home/zach/arphi_driver/install/arphi_interfaces/include/arphi_interfaces/arphi_interfaces/msg/detail/stepper_commands__rosidl_typesupport_fastrtps_cpp.hpp
-- Installing: /home/zach/arphi_driver/install/arphi_interfaces/lib/libarphi_interfaces__rosidl_typesupport_fastrtps_cpp.so
-- Set non-toolchain portion of runtime path of "/home/zach/arphi_driver/install/arphi_interfaces/lib/libarphi_interfaces__rosidl_typesupport_fastrtps_cpp.so" to ""
-- Up-to-date: /home/zach/arphi_driver/install/arphi_interfaces/include/arphi_interfaces/arphi_interfaces
-- Up-to-date: /home/zach/arphi_driver/install/arphi_interfaces/include/arphi_interfaces/arphi_interfaces/msg
-- Up-to-date: /home/zach/arphi_driver/install/arphi_interfaces/include/arphi_interfaces/arphi_interfaces/msg/detail
-- Installing: /home/zach/arphi_driver/install/arphi_interfaces/include/arphi_interfaces/arphi_interfaces/msg/detail/stepper_commands__type_support.cpp
-- Installing: /home/zach/arphi_driver/install/arphi_interfaces/include/arphi_interfaces/arphi_interfaces/msg/detail/stepper_commands__rosidl_typesupport_introspection_cpp.hpp
-- Installing: /home/zach/arphi_driver/install/arphi_interfaces/lib/libarphi_interfaces__rosidl_typesupport_introspection_cpp.so
-- Set non-toolchain portion of runtime path of "/home/zach/arphi_driver/install/arphi_interfaces/lib/libarphi_interfaces__rosidl_typesupport_introspection_cpp.so" to ""
-- Installing: /home/zach/arphi_driver/install/arphi_interfaces/lib/libarphi_interfaces__rosidl_typesupport_cpp.so
-- Set non-toolchain portion of runtime path of "/home/zach/arphi_driver/install/arphi_interfaces/lib/libarphi_interfaces__rosidl_typesupport_cpp.so" to ""
-- Installing: /home/zach/arphi_driver/install/arphi_interfaces/share/arphi_interfaces/environment/pythonpath.sh
-- Installing: /home/zach/arphi_driver/install/arphi_interfaces/share/arphi_interfaces/environment/pythonpath.dsv
-- Installing: /home/zach/arphi_driver/install/arphi_interfaces/lib/python3.12/site-packages/arphi_interfaces-1.0.0-py3.12.egg-info
-- Installing: /home/zach/arphi_driver/install/arphi_interfaces/lib/python3.12/site-packages/arphi_interfaces-1.0.0-py3.12.egg-info/top_level.txt
-- Installing: /home/zach/arphi_driver/install/arphi_interfaces/lib/python3.12/site-packages/arphi_interfaces-1.0.0-py3.12.egg-info/SOURCES.txt
-- Installing: /home/zach/arphi_driver/install/arphi_interfaces/lib/python3.12/site-packages/arphi_interfaces-1.0.0-py3.12.egg-info/dependency_links.txt
-- Installing: /home/zach/arphi_driver/install/arphi_interfaces/lib/python3.12/site-packages/arphi_interfaces-1.0.0-py3.12.egg-info/PKG-INFO
-- Installing: /home/zach/arphi_driver/install/arphi_interfaces/lib/python3.12/site-packages/arphi_interfaces
-- Installing: /home/zach/arphi_driver/install/arphi_interfaces/lib/python3.12/site-packages/arphi_interfaces/_arphi_interfaces_s.ep.rosidl_typesupport_fastrtps_c.c
-- Installing: /home/zach/arphi_driver/install/arphi_interfaces/lib/python3.12/site-packages/arphi_interfaces/_arphi_interfaces_s.ep.rosidl_typesupport_c.c
-- Installing: /home/zach/arphi_driver/install/arphi_interfaces/lib/python3.12/site-packages/arphi_interfaces/msg
-- Installing: /home/zach/arphi_driver/install/arphi_interfaces/lib/python3.12/site-packages/arphi_interfaces/msg/_stepper_commands.py
-- Installing: /home/zach/arphi_driver/install/arphi_interfaces/lib/python3.12/site-packages/arphi_interfaces/msg/__init__.py
-- Installing: /home/zach/arphi_driver/install/arphi_interfaces/lib/python3.12/site-packages/arphi_interfaces/msg/_stepper_commands_s.c
-- Installing: /home/zach/arphi_driver/install/arphi_interfaces/lib/python3.12/site-packages/arphi_interfaces/arphi_interfaces_s__rosidl_typesupport_c.so
-- Installing: /home/zach/arphi_driver/install/arphi_interfaces/lib/python3.12/site-packages/arphi_interfaces/__init__.py
-- Installing: /home/zach/arphi_driver/install/arphi_interfaces/lib/python3.12/site-packages/arphi_interfaces/arphi_interfaces_s__rosidl_typesupport_introspection_c.so
-- Installing: /home/zach/arphi_driver/install/arphi_interfaces/lib/python3.12/site-packages/arphi_interfaces/arphi_interfaces_s__rosidl_typesupport_fastrtps_c.so
-- Installing: /home/zach/arphi_driver/install/arphi_interfaces/lib/python3.12/site-packages/arphi_interfaces/_arphi_interfaces_s.ep.rosidl_typesupport_introspection_c.c
Listing '/home/zach/arphi_driver/install/arphi_interfaces/lib/python3.12/site-packages/arphi_interfaces'...
Compiling '/home/zach/arphi_driver/install/arphi_interfaces/lib/python3.12/site-packages/arphi_interfaces/__init__.py'...
Listing '/home/zach/arphi_driver/install/arphi_interfaces/lib/python3.12/site-packages/arphi_interfaces/msg'...
Compiling '/home/zach/arphi_driver/install/arphi_interfaces/lib/python3.12/site-packages/arphi_interfaces/msg/__init__.py'...
Compiling '/home/zach/arphi_driver/install/arphi_interfaces/lib/python3.12/site-packages/arphi_interfaces/msg/_stepper_commands.py'...
-- Installing: /home/zach/arphi_driver/install/arphi_interfaces/lib/python3.12/site-packages/arphi_interfaces/arphi_interfaces_s__rosidl_typesupport_fastrtps_c.so
-- Set non-toolchain portion of runtime path of "/home/zach/arphi_driver/install/arphi_interfaces/lib/python3.12/site-packages/arphi_interfaces/arphi_interfaces_s__rosidl_typesupport_fastrtps_c.so" to ""
-- Installing: /home/zach/arphi_driver/install/arphi_interfaces/lib/python3.12/site-packages/arphi_interfaces/arphi_interfaces_s__rosidl_typesupport_introspection_c.so
-- Set non-toolchain portion of runtime path of "/home/zach/arphi_driver/install/arphi_interfaces/lib/python3.12/site-packages/arphi_interfaces/arphi_interfaces_s__rosidl_typesupport_introspection_c.so" to ""
-- Installing: /home/zach/arphi_driver/install/arphi_interfaces/lib/python3.12/site-packages/arphi_interfaces/arphi_interfaces_s__rosidl_typesupport_c.so
-- Set non-toolchain portion of runtime path of "/home/zach/arphi_driver/install/arphi_interfaces/lib/python3.12/site-packages/arphi_interfaces/arphi_interfaces_s__rosidl_typesupport_c.so" to ""
-- Installing: /home/zach/arphi_driver/install/arphi_interfaces/lib/libarphi_interfaces__rosidl_generator_py.so
-- Set non-toolchain portion of runtime path of "/home/zach/arphi_driver/install/arphi_interfaces/lib/libarphi_interfaces__rosidl_generator_py.so" to ""
-- Installing: /home/zach/arphi_driver/install/arphi_interfaces/share/arphi_interfaces/msg/StepperCommands.idl
-- Installing: /home/zach/arphi_driver/install/arphi_interfaces/share/arphi_interfaces/msg/StepperCommands.msg
-- Installing: /home/zach/arphi_driver/install/arphi_interfaces/share/ament_index/resource_index/package_run_dependencies/arphi_interfaces
-- Installing: /home/zach/arphi_driver/install/arphi_interfaces/share/ament_index/resource_index/parent_prefix_path/arphi_interfaces
-- Installing: /home/zach/arphi_driver/install/arphi_interfaces/share/arphi_interfaces/environment/ament_prefix_path.sh
-- Installing: /home/zach/arphi_driver/install/arphi_interfaces/share/arphi_interfaces/environment/ament_prefix_path.dsv
-- Installing: /home/zach/arphi_driver/install/arphi_interfaces/share/arphi_interfaces/environment/path.sh
-- Installing: /home/zach/arphi_driver/install/arphi_interfaces/share/arphi_interfaces/environment/path.dsv
-- Installing: /home/zach/arphi_driver/install/arphi_interfaces/share/arphi_interfaces/local_setup.bash
-- Installing: /home/zach/arphi_driver/install/arphi_interfaces/share/arphi_interfaces/local_setup.sh
-- Installing: /home/zach/arphi_driver/install/arphi_interfaces/share/arphi_interfaces/local_setup.zsh
-- Installing: /home/zach/arphi_driver/install/arphi_interfaces/share/arphi_interfaces/local_setup.dsv
-- Installing: /home/zach/arphi_driver/install/arphi_interfaces/share/arphi_interfaces/package.dsv
-- Installing: /home/zach/arphi_driver/install/arphi_interfaces/share/ament_index/resource_index/packages/arphi_interfaces
-- Installing: /home/zach/arphi_driver/install/arphi_interfaces/share/arphi_interfaces/cmake/export_arphi_interfaces__rosidl_generator_cExport.cmake
-- Installing: /home/zach/arphi_driver/install/arphi_interfaces/share/arphi_interfaces/cmake/export_arphi_interfaces__rosidl_generator_cExport-noconfig.cmake
-- Installing: /home/zach/arphi_driver/install/arphi_interfaces/share/arphi_interfaces/cmake/export_arphi_interfaces__rosidl_typesupport_fastrtps_cExport.cmake
-- Installing: /home/zach/arphi_driver/install/arphi_interfaces/share/arphi_interfaces/cmake/export_arphi_interfaces__rosidl_typesupport_fastrtps_cExport-noconfig.cmake
-- Installing: /home/zach/arphi_driver/install/arphi_interfaces/share/arphi_interfaces/cmake/arphi_interfaces__rosidl_typesupport_introspection_cExport.cmake
-- Installing: /home/zach/arphi_driver/install/arphi_interfaces/share/arphi_interfaces/cmake/arphi_interfaces__rosidl_typesupport_introspection_cExport-noconfig.cmake
-- Installing: /home/zach/arphi_driver/install/arphi_interfaces/share/arphi_interfaces/cmake/arphi_interfaces__rosidl_typesupport_cExport.cmake
-- Installing: /home/zach/arphi_driver/install/arphi_interfaces/share/arphi_interfaces/cmake/arphi_interfaces__rosidl_typesupport_cExport-noconfig.cmake
-- Installing: /home/zach/arphi_driver/install/arphi_interfaces/share/arphi_interfaces/cmake/export_arphi_interfaces__rosidl_generator_cppExport.cmake
-- Installing: /home/zach/arphi_driver/install/arphi_interfaces/share/arphi_interfaces/cmake/export_arphi_interfaces__rosidl_typesupport_fastrtps_cppExport.cmake
-- Installing: /home/zach/arphi_driver/install/arphi_interfaces/share/arphi_interfaces/cmake/export_arphi_interfaces__rosidl_typesupport_fastrtps_cppExport-noconfig.cmake
-- Installing: /home/zach/arphi_driver/install/arphi_interfaces/share/arphi_interfaces/cmake/arphi_interfaces__rosidl_typesupport_introspection_cppExport.cmake
-- Installing: /home/zach/arphi_driver/install/arphi_interfaces/share/arphi_interfaces/cmake/arphi_interfaces__rosidl_typesupport_introspection_cppExport-noconfig.cmake
-- Installing: /home/zach/arphi_driver/install/arphi_interfaces/share/arphi_interfaces/cmake/arphi_interfaces__rosidl_typesupport_cppExport.cmake
-- Installing: /home/zach/arphi_driver/install/arphi_interfaces/share/arphi_interfaces/cmake/arphi_interfaces__rosidl_typesupport_cppExport-noconfig.cmake
-- Installing: /home/zach/arphi_driver/install/arphi_interfaces/share/arphi_interfaces/cmake/export_arphi_interfaces__rosidl_generator_pyExport.cmake
-- Installing: /home/zach/arphi_driver/install/arphi_interfaces/share/arphi_interfaces/cmake/export_arphi_interfaces__rosidl_generator_pyExport-noconfig.cmake
-- Installing: /home/zach/arphi_driver/install/arphi_interfaces/share/arphi_interfaces/cmake/rosidl_cmake-extras.cmake
-- Installing: /home/zach/arphi_driver/install/arphi_interfaces/share/arphi_interfaces/cmake/ament_cmake_export_include_directories-extras.cmake
-- Installing: /home/zach/arphi_driver/install/arphi_interfaces/share/arphi_interfaces/cmake/ament_cmake_export_libraries-extras.cmake
-- Installing: /home/zach/arphi_driver/install/arphi_interfaces/share/arphi_interfaces/cmake/ament_cmake_export_targets-extras.cmake
-- Installing: /home/zach/arphi_driver/install/arphi_interfaces/share/arphi_interfaces/cmake/rosidl_cmake_export_typesupport_targets-extras.cmake
-- Installing: /home/zach/arphi_driver/install/arphi_interfaces/share/arphi_interfaces/cmake/ament_cmake_export_dependencies-extras.cmake
-- Installing: /home/zach/arphi_driver/install/arphi_interfaces/share/arphi_interfaces/cmake/rosidl_cmake_export_typesupport_libraries-extras.cmake
-- Installing: /home/zach/arphi_driver/install/arphi_interfaces/share/arphi_interfaces/cmake/arphi_interfacesConfig.cmake
-- Installing: /home/zach/arphi_driver/install/arphi_interfaces/share/arphi_interfaces/cmake/arphi_interfacesConfig-version.cmake
-- Installing: /home/zach/arphi_driver/install/arphi_interfaces/share/arphi_interfaces/package.xml
