[0.010s] Invoking command in '/home/zach/arphi_driver/build/arphi_gazebo': CMAKE_PREFIX_PATH=/home/zach/arphi_driver/install/arphi_description:/home/zach/ar4_ros_driver/install/annin_ar4_moveit_config:/home/zach/ar4_ros_driver/install/annin_ar4_gazebo:/home/zach/ar4_ros_driver/install/annin_ar4_driver:/home/zach/ar4_ros_driver/install/annin_ar4_description:/home/zach/arphi_driver/install/interfaces:/home/zach/arphi_driver/install/arphi_interfaces:/home/zach/arphi_driver/install/arphi_moveit:/home/zach/arphi_driver/install/arphi_gazebo:/opt/ros/jazzy/opt/gz_sim_vendor:/opt/ros/jazzy/opt/gz_sensors_vendor:/opt/ros/jazzy/opt/gz_physics_vendor:/opt/ros/jazzy/opt/sdformat_vendor:/opt/ros/jazzy/opt/gz_gui_vendor:/opt/ros/jazzy/opt/gz_transport_vendor:/opt/ros/jazzy/opt/gz_rendering_vendor:/opt/ros/jazzy/opt/gz_plugin_vendor:/opt/ros/jazzy/opt/gz_fuel_tools_vendor:/opt/ros/jazzy/opt/gz_msgs_vendor:/opt/ros/jazzy/opt/gz_common_vendor:/opt/ros/jazzy/opt/gz_math_vendor:/opt/ros/jazzy/opt/gz_utils_vendor:/opt/ros/jazzy/opt/gz_tools_vendor:/opt/ros/jazzy/opt/gz_ogre_next_vendor:/opt/ros/jazzy/opt/gz_dartsim_vendor:/opt/ros/jazzy/opt/gz_cmake_vendor:/home/zach/arphi_driver/install/arphi_controllers:/opt/ros/jazzy DEBUGINFOD_URLS=https://debuginfod.ubuntu.com /usr/bin/cmake /home/zach/arphi_driver/src/arphi_gazebo -DCMAKE_INSTALL_PREFIX=/home/zach/arphi_driver/install/arphi_gazebo
[0.064s] -- The C compiler identification is GNU 13.3.0
[0.117s] -- The CXX compiler identification is GNU 13.3.0
[0.133s] -- Detecting C compiler ABI info
[0.219s] -- Detecting C compiler ABI info - done
[0.226s] -- Check for working C compiler: /usr/bin/cc - skipped
[0.226s] -- Detecting C compile features
[0.226s] -- Detecting C compile features - done
[0.235s] -- Detecting CXX compiler ABI info
[0.331s] -- Detecting CXX compiler ABI info - done
[0.337s] -- Check for working CXX compiler: /usr/bin/c++ - skipped
[0.337s] -- Detecting CXX compile features
[0.337s] -- Detecting CXX compile features - done
[0.341s] -- Found ament_cmake: 2.5.4 (/opt/ros/jazzy/share/ament_cmake/cmake)
[0.474s] -- Found Python3: /usr/bin/python3 (found version "3.12.3") found components: Interpreter 
[0.670s] -- Configuring done (0.7s)
[0.672s] -- Generating done (0.0s)
[0.673s] -- Build files have been written to: /home/zach/arphi_driver/build/arphi_gazebo
[0.677s] Invoked command in '/home/zach/arphi_driver/build/arphi_gazebo' returned '0': CMAKE_PREFIX_PATH=/home/zach/arphi_driver/install/arphi_description:/home/zach/ar4_ros_driver/install/annin_ar4_moveit_config:/home/zach/ar4_ros_driver/install/annin_ar4_gazebo:/home/zach/ar4_ros_driver/install/annin_ar4_driver:/home/zach/ar4_ros_driver/install/annin_ar4_description:/home/zach/arphi_driver/install/interfaces:/home/zach/arphi_driver/install/arphi_interfaces:/home/zach/arphi_driver/install/arphi_moveit:/home/zach/arphi_driver/install/arphi_gazebo:/opt/ros/jazzy/opt/gz_sim_vendor:/opt/ros/jazzy/opt/gz_sensors_vendor:/opt/ros/jazzy/opt/gz_physics_vendor:/opt/ros/jazzy/opt/sdformat_vendor:/opt/ros/jazzy/opt/gz_gui_vendor:/opt/ros/jazzy/opt/gz_transport_vendor:/opt/ros/jazzy/opt/gz_rendering_vendor:/opt/ros/jazzy/opt/gz_plugin_vendor:/opt/ros/jazzy/opt/gz_fuel_tools_vendor:/opt/ros/jazzy/opt/gz_msgs_vendor:/opt/ros/jazzy/opt/gz_common_vendor:/opt/ros/jazzy/opt/gz_math_vendor:/opt/ros/jazzy/opt/gz_utils_vendor:/opt/ros/jazzy/opt/gz_tools_vendor:/opt/ros/jazzy/opt/gz_ogre_next_vendor:/opt/ros/jazzy/opt/gz_dartsim_vendor:/opt/ros/jazzy/opt/gz_cmake_vendor:/home/zach/arphi_driver/install/arphi_controllers:/opt/ros/jazzy DEBUGINFOD_URLS=https://debuginfod.ubuntu.com /usr/bin/cmake /home/zach/arphi_driver/src/arphi_gazebo -DCMAKE_INSTALL_PREFIX=/home/zach/arphi_driver/install/arphi_gazebo
[0.680s] Invoking command in '/home/zach/arphi_driver/build/arphi_gazebo': CMAKE_PREFIX_PATH=/home/zach/arphi_driver/install/arphi_description:/home/zach/ar4_ros_driver/install/annin_ar4_moveit_config:/home/zach/ar4_ros_driver/install/annin_ar4_gazebo:/home/zach/ar4_ros_driver/install/annin_ar4_driver:/home/zach/ar4_ros_driver/install/annin_ar4_description:/home/zach/arphi_driver/install/interfaces:/home/zach/arphi_driver/install/arphi_interfaces:/home/zach/arphi_driver/install/arphi_moveit:/home/zach/arphi_driver/install/arphi_gazebo:/opt/ros/jazzy/opt/gz_sim_vendor:/opt/ros/jazzy/opt/gz_sensors_vendor:/opt/ros/jazzy/opt/gz_physics_vendor:/opt/ros/jazzy/opt/sdformat_vendor:/opt/ros/jazzy/opt/gz_gui_vendor:/opt/ros/jazzy/opt/gz_transport_vendor:/opt/ros/jazzy/opt/gz_rendering_vendor:/opt/ros/jazzy/opt/gz_plugin_vendor:/opt/ros/jazzy/opt/gz_fuel_tools_vendor:/opt/ros/jazzy/opt/gz_msgs_vendor:/opt/ros/jazzy/opt/gz_common_vendor:/opt/ros/jazzy/opt/gz_math_vendor:/opt/ros/jazzy/opt/gz_utils_vendor:/opt/ros/jazzy/opt/gz_tools_vendor:/opt/ros/jazzy/opt/gz_ogre_next_vendor:/opt/ros/jazzy/opt/gz_dartsim_vendor:/opt/ros/jazzy/opt/gz_cmake_vendor:/home/zach/arphi_driver/install/arphi_controllers:/opt/ros/jazzy DEBUGINFOD_URLS=https://debuginfod.ubuntu.com /usr/bin/cmake --build /home/zach/arphi_driver/build/arphi_gazebo -- -j16 -l16
[0.750s] Invoked command in '/home/zach/arphi_driver/build/arphi_gazebo' returned '0': CMAKE_PREFIX_PATH=/home/zach/arphi_driver/install/arphi_description:/home/zach/ar4_ros_driver/install/annin_ar4_moveit_config:/home/zach/ar4_ros_driver/install/annin_ar4_gazebo:/home/zach/ar4_ros_driver/install/annin_ar4_driver:/home/zach/ar4_ros_driver/install/annin_ar4_description:/home/zach/arphi_driver/install/interfaces:/home/zach/arphi_driver/install/arphi_interfaces:/home/zach/arphi_driver/install/arphi_moveit:/home/zach/arphi_driver/install/arphi_gazebo:/opt/ros/jazzy/opt/gz_sim_vendor:/opt/ros/jazzy/opt/gz_sensors_vendor:/opt/ros/jazzy/opt/gz_physics_vendor:/opt/ros/jazzy/opt/sdformat_vendor:/opt/ros/jazzy/opt/gz_gui_vendor:/opt/ros/jazzy/opt/gz_transport_vendor:/opt/ros/jazzy/opt/gz_rendering_vendor:/opt/ros/jazzy/opt/gz_plugin_vendor:/opt/ros/jazzy/opt/gz_fuel_tools_vendor:/opt/ros/jazzy/opt/gz_msgs_vendor:/opt/ros/jazzy/opt/gz_common_vendor:/opt/ros/jazzy/opt/gz_math_vendor:/opt/ros/jazzy/opt/gz_utils_vendor:/opt/ros/jazzy/opt/gz_tools_vendor:/opt/ros/jazzy/opt/gz_ogre_next_vendor:/opt/ros/jazzy/opt/gz_dartsim_vendor:/opt/ros/jazzy/opt/gz_cmake_vendor:/home/zach/arphi_driver/install/arphi_controllers:/opt/ros/jazzy DEBUGINFOD_URLS=https://debuginfod.ubuntu.com /usr/bin/cmake --build /home/zach/arphi_driver/build/arphi_gazebo -- -j16 -l16
[0.751s] Invoking command in '/home/zach/arphi_driver/build/arphi_gazebo': CMAKE_PREFIX_PATH=/home/zach/arphi_driver/install/arphi_description:/home/zach/ar4_ros_driver/install/annin_ar4_moveit_config:/home/zach/ar4_ros_driver/install/annin_ar4_gazebo:/home/zach/ar4_ros_driver/install/annin_ar4_driver:/home/zach/ar4_ros_driver/install/annin_ar4_description:/home/zach/arphi_driver/install/interfaces:/home/zach/arphi_driver/install/arphi_interfaces:/home/zach/arphi_driver/install/arphi_moveit:/home/zach/arphi_driver/install/arphi_gazebo:/opt/ros/jazzy/opt/gz_sim_vendor:/opt/ros/jazzy/opt/gz_sensors_vendor:/opt/ros/jazzy/opt/gz_physics_vendor:/opt/ros/jazzy/opt/sdformat_vendor:/opt/ros/jazzy/opt/gz_gui_vendor:/opt/ros/jazzy/opt/gz_transport_vendor:/opt/ros/jazzy/opt/gz_rendering_vendor:/opt/ros/jazzy/opt/gz_plugin_vendor:/opt/ros/jazzy/opt/gz_fuel_tools_vendor:/opt/ros/jazzy/opt/gz_msgs_vendor:/opt/ros/jazzy/opt/gz_common_vendor:/opt/ros/jazzy/opt/gz_math_vendor:/opt/ros/jazzy/opt/gz_utils_vendor:/opt/ros/jazzy/opt/gz_tools_vendor:/opt/ros/jazzy/opt/gz_ogre_next_vendor:/opt/ros/jazzy/opt/gz_dartsim_vendor:/opt/ros/jazzy/opt/gz_cmake_vendor:/home/zach/arphi_driver/install/arphi_controllers:/opt/ros/jazzy DEBUGINFOD_URLS=https://debuginfod.ubuntu.com /usr/bin/cmake --install /home/zach/arphi_driver/build/arphi_gazebo
[0.759s] -- Install configuration: ""
[0.759s] -- Installing: /home/zach/arphi_driver/install/arphi_gazebo/share/arphi_gazebo/launch
[0.759s] -- Installing: /home/zach/arphi_driver/install/arphi_gazebo/share/arphi_gazebo/launch/launch.py
[0.759s] -- Installing: /home/zach/arphi_driver/install/arphi_gazebo/share/arphi_gazebo/worlds
[0.759s] -- Installing: /home/zach/arphi_driver/install/arphi_gazebo/share/arphi_gazebo/worlds/empty.world
[0.759s] -- Installing: /home/zach/arphi_driver/install/arphi_gazebo/share/ament_index/resource_index/package_run_dependencies/arphi_gazebo
[0.759s] -- Installing: /home/zach/arphi_driver/install/arphi_gazebo/share/ament_index/resource_index/parent_prefix_path/arphi_gazebo
[0.759s] -- Installing: /home/zach/arphi_driver/install/arphi_gazebo/share/arphi_gazebo/environment/ament_prefix_path.sh
[0.760s] -- Installing: /home/zach/arphi_driver/install/arphi_gazebo/share/arphi_gazebo/environment/ament_prefix_path.dsv
[0.760s] -- Installing: /home/zach/arphi_driver/install/arphi_gazebo/share/arphi_gazebo/environment/path.sh
[0.760s] -- Installing: /home/zach/arphi_driver/install/arphi_gazebo/share/arphi_gazebo/environment/path.dsv
[0.760s] -- Installing: /home/zach/arphi_driver/install/arphi_gazebo/share/arphi_gazebo/local_setup.bash
[0.760s] -- Installing: /home/zach/arphi_driver/install/arphi_gazebo/share/arphi_gazebo/local_setup.sh
[0.760s] -- Installing: /home/zach/arphi_driver/install/arphi_gazebo/share/arphi_gazebo/local_setup.zsh
[0.760s] -- Installing: /home/zach/arphi_driver/install/arphi_gazebo/share/arphi_gazebo/local_setup.dsv
[0.760s] -- Installing: /home/zach/arphi_driver/install/arphi_gazebo/share/arphi_gazebo/package.dsv
[0.760s] -- Installing: /home/zach/arphi_driver/install/arphi_gazebo/share/ament_index/resource_index/packages/arphi_gazebo
[0.760s] -- Installing: /home/zach/arphi_driver/install/arphi_gazebo/share/arphi_gazebo/cmake/arphi_gazeboConfig.cmake
[0.760s] -- Installing: /home/zach/arphi_driver/install/arphi_gazebo/share/arphi_gazebo/cmake/arphi_gazeboConfig-version.cmake
[0.761s] -- Installing: /home/zach/arphi_driver/install/arphi_gazebo/share/arphi_gazebo/package.xml
[0.763s] Invoked command in '/home/zach/arphi_driver/build/arphi_gazebo' returned '0': CMAKE_PREFIX_PATH=/home/zach/arphi_driver/install/arphi_description:/home/zach/ar4_ros_driver/install/annin_ar4_moveit_config:/home/zach/ar4_ros_driver/install/annin_ar4_gazebo:/home/zach/ar4_ros_driver/install/annin_ar4_driver:/home/zach/ar4_ros_driver/install/annin_ar4_description:/home/zach/arphi_driver/install/interfaces:/home/zach/arphi_driver/install/arphi_interfaces:/home/zach/arphi_driver/install/arphi_moveit:/home/zach/arphi_driver/install/arphi_gazebo:/opt/ros/jazzy/opt/gz_sim_vendor:/opt/ros/jazzy/opt/gz_sensors_vendor:/opt/ros/jazzy/opt/gz_physics_vendor:/opt/ros/jazzy/opt/sdformat_vendor:/opt/ros/jazzy/opt/gz_gui_vendor:/opt/ros/jazzy/opt/gz_transport_vendor:/opt/ros/jazzy/opt/gz_rendering_vendor:/opt/ros/jazzy/opt/gz_plugin_vendor:/opt/ros/jazzy/opt/gz_fuel_tools_vendor:/opt/ros/jazzy/opt/gz_msgs_vendor:/opt/ros/jazzy/opt/gz_common_vendor:/opt/ros/jazzy/opt/gz_math_vendor:/opt/ros/jazzy/opt/gz_utils_vendor:/opt/ros/jazzy/opt/gz_tools_vendor:/opt/ros/jazzy/opt/gz_ogre_next_vendor:/opt/ros/jazzy/opt/gz_dartsim_vendor:/opt/ros/jazzy/opt/gz_cmake_vendor:/home/zach/arphi_driver/install/arphi_controllers:/opt/ros/jazzy DEBUGINFOD_URLS=https://debuginfod.ubuntu.com /usr/bin/cmake --install /home/zach/arphi_driver/build/arphi_gazebo
