-- Install configuration: ""
-- Up-to-date: /home/zach/arphi_driver/install/arphi_moveit/share/arphi_moveit/config
-- Up-to-date: /home/zach/arphi_driver/install/arphi_moveit/share/arphi_moveit/config/joint_limits.yaml
-- Up-to-date: /home/zach/arphi_driver/install/arphi_moveit/share/arphi_moveit/config/kinematics.yaml
-- Up-to-date: /home/zach/arphi_driver/install/arphi_moveit/share/arphi_moveit/config/controllers.yaml
-- Up-to-date: /home/zach/arphi_driver/install/arphi_moveit/share/arphi_moveit/config/servo.yaml
-- Up-to-date: /home/zach/arphi_driver/install/arphi_moveit/share/arphi_moveit/config/pilz_planning.yaml
-- Up-to-date: /home/zach/arphi_driver/install/arphi_moveit/share/arphi_moveit/config/ompl_planning.yaml
-- Up-to-date: /home/zach/arphi_driver/install/arphi_moveit/share/arphi_moveit/config/config.yaml
-- Up-to-date: /home/zach/arphi_driver/install/arphi_moveit/share/arphi_moveit/launch
-- Up-to-date: /home/zach/arphi_driver/install/arphi_moveit/share/arphi_moveit/launch/moveit.launch.py
-- Up-to-date: /home/zach/arphi_driver/install/arphi_moveit/share/arphi_moveit/rviz
-- Up-to-date: /home/zach/arphi_driver/install/arphi_moveit/share/arphi_moveit/rviz/moveit.rviz
-- Up-to-date: /home/zach/arphi_driver/install/arphi_moveit/share/arphi_moveit/srdf
-- Up-to-date: /home/zach/arphi_driver/install/arphi_moveit/share/arphi_moveit/srdf/arphi.srdf.xacro
-- Up-to-date: /home/zach/arphi_driver/install/arphi_moveit/share/ament_index/resource_index/package_run_dependencies/arphi_moveit
-- Up-to-date: /home/zach/arphi_driver/install/arphi_moveit/share/ament_index/resource_index/parent_prefix_path/arphi_moveit
-- Up-to-date: /home/zach/arphi_driver/install/arphi_moveit/share/arphi_moveit/environment/ament_prefix_path.sh
-- Up-to-date: /home/zach/arphi_driver/install/arphi_moveit/share/arphi_moveit/environment/ament_prefix_path.dsv
-- Up-to-date: /home/zach/arphi_driver/install/arphi_moveit/share/arphi_moveit/environment/path.sh
-- Up-to-date: /home/zach/arphi_driver/install/arphi_moveit/share/arphi_moveit/environment/path.dsv
-- Up-to-date: /home/zach/arphi_driver/install/arphi_moveit/share/arphi_moveit/local_setup.bash
-- Up-to-date: /home/zach/arphi_driver/install/arphi_moveit/share/arphi_moveit/local_setup.sh
-- Up-to-date: /home/zach/arphi_driver/install/arphi_moveit/share/arphi_moveit/local_setup.zsh
-- Up-to-date: /home/zach/arphi_driver/install/arphi_moveit/share/arphi_moveit/local_setup.dsv
-- Up-to-date: /home/zach/arphi_driver/install/arphi_moveit/share/arphi_moveit/package.dsv
-- Up-to-date: /home/zach/arphi_driver/install/arphi_moveit/share/ament_index/resource_index/packages/arphi_moveit
-- Up-to-date: /home/zach/arphi_driver/install/arphi_moveit/share/arphi_moveit/cmake/arphi_moveitConfig.cmake
-- Up-to-date: /home/zach/arphi_driver/install/arphi_moveit/share/arphi_moveit/cmake/arphi_moveitConfig-version.cmake
-- Up-to-date: /home/zach/arphi_driver/install/arphi_moveit/share/arphi_moveit/package.xml
