[0.217s] Invoking command in '/home/zach/arphi_driver/build/arphi_moveit': CMAKE_PREFIX_PATH=${CMAKE_PREFIX_PATH}:/home/zach/arphi_driver/install/arphi_controllers:/opt/ros/jazzy DEBUGINFOD_URLS=https://debuginfod.ubuntu.com /usr/bin/cmake --build /home/zach/arphi_driver/build/arphi_moveit -- -j16 -l16
[0.262s] Invoked command in '/home/zach/arphi_driver/build/arphi_moveit' returned '0': CMAKE_PREFIX_PATH=${CMAKE_PREFIX_PATH}:/home/zach/arphi_driver/install/arphi_controllers:/opt/ros/jazzy DEBUGINFOD_URLS=https://debuginfod.ubuntu.com /usr/bin/cmake --build /home/zach/arphi_driver/build/arphi_moveit -- -j16 -l16
[0.262s] Invoking command in '/home/zach/arphi_driver/build/arphi_moveit': CMAKE_PREFIX_PATH=${CMAKE_PREFIX_PATH}:/home/zach/arphi_driver/install/arphi_controllers:/opt/ros/jazzy DEBUGINFOD_URLS=https://debuginfod.ubuntu.com /usr/bin/cmake --install /home/zach/arphi_driver/build/arphi_moveit
[0.271s] -- Install configuration: ""
[0.271s] -- Up-to-date: /home/zach/arphi_driver/install/arphi_moveit/share/arphi_moveit/config
[0.271s] -- Up-to-date: /home/zach/arphi_driver/install/arphi_moveit/share/arphi_moveit/config/joint_limits.yaml
[0.271s] -- Up-to-date: /home/zach/arphi_driver/install/arphi_moveit/share/arphi_moveit/config/kinematics.yaml
[0.271s] -- Up-to-date: /home/zach/arphi_driver/install/arphi_moveit/share/arphi_moveit/config/controllers.yaml
[0.271s] -- Up-to-date: /home/zach/arphi_driver/install/arphi_moveit/share/arphi_moveit/config/servo.yaml
[0.272s] -- Up-to-date: /home/zach/arphi_driver/install/arphi_moveit/share/arphi_moveit/config/pilz_planning.yaml
[0.272s] -- Up-to-date: /home/zach/arphi_driver/install/arphi_moveit/share/arphi_moveit/config/ompl_planning.yaml
[0.272s] -- Up-to-date: /home/zach/arphi_driver/install/arphi_moveit/share/arphi_moveit/config/config.yaml
[0.272s] -- Up-to-date: /home/zach/arphi_driver/install/arphi_moveit/share/arphi_moveit/launch
[0.272s] -- Up-to-date: /home/zach/arphi_driver/install/arphi_moveit/share/arphi_moveit/launch/moveit.launch.py
[0.272s] -- Up-to-date: /home/zach/arphi_driver/install/arphi_moveit/share/arphi_moveit/rviz
[0.272s] -- Up-to-date: /home/zach/arphi_driver/install/arphi_moveit/share/arphi_moveit/rviz/moveit.rviz
[0.272s] -- Up-to-date: /home/zach/arphi_driver/install/arphi_moveit/share/arphi_moveit/srdf
[0.272s] -- Up-to-date: /home/zach/arphi_driver/install/arphi_moveit/share/arphi_moveit/srdf/arphi.srdf.xacro
[0.272s] -- Up-to-date: /home/zach/arphi_driver/install/arphi_moveit/share/ament_index/resource_index/package_run_dependencies/arphi_moveit
[0.272s] -- Up-to-date: /home/zach/arphi_driver/install/arphi_moveit/share/ament_index/resource_index/parent_prefix_path/arphi_moveit
[0.273s] -- Up-to-date: /home/zach/arphi_driver/install/arphi_moveit/share/arphi_moveit/environment/ament_prefix_path.sh
[0.273s] -- Up-to-date: /home/zach/arphi_driver/install/arphi_moveit/share/arphi_moveit/environment/ament_prefix_path.dsv
[0.273s] -- Up-to-date: /home/zach/arphi_driver/install/arphi_moveit/share/arphi_moveit/environment/path.sh
[0.273s] -- Up-to-date: /home/zach/arphi_driver/install/arphi_moveit/share/arphi_moveit/environment/path.dsv
[0.273s] -- Up-to-date: /home/zach/arphi_driver/install/arphi_moveit/share/arphi_moveit/local_setup.bash
[0.273s] -- Up-to-date: /home/zach/arphi_driver/install/arphi_moveit/share/arphi_moveit/local_setup.sh
[0.273s] -- Up-to-date: /home/zach/arphi_driver/install/arphi_moveit/share/arphi_moveit/local_setup.zsh
[0.273s] -- Up-to-date: /home/zach/arphi_driver/install/arphi_moveit/share/arphi_moveit/local_setup.dsv
[0.273s] -- Up-to-date: /home/zach/arphi_driver/install/arphi_moveit/share/arphi_moveit/package.dsv
[0.273s] -- Up-to-date: /home/zach/arphi_driver/install/arphi_moveit/share/ament_index/resource_index/packages/arphi_moveit
[0.274s] -- Up-to-date: /home/zach/arphi_driver/install/arphi_moveit/share/arphi_moveit/cmake/arphi_moveitConfig.cmake
[0.274s] -- Up-to-date: /home/zach/arphi_driver/install/arphi_moveit/share/arphi_moveit/cmake/arphi_moveitConfig-version.cmake
[0.274s] -- Up-to-date: /home/zach/arphi_driver/install/arphi_moveit/share/arphi_moveit/package.xml
[0.274s] Invoked command in '/home/zach/arphi_driver/build/arphi_moveit' returned '0': CMAKE_PREFIX_PATH=${CMAKE_PREFIX_PATH}:/home/zach/arphi_driver/install/arphi_controllers:/opt/ros/jazzy DEBUGINFOD_URLS=https://debuginfod.ubuntu.com /usr/bin/cmake --install /home/zach/arphi_driver/build/arphi_moveit
