-- Install configuration: ""
-- Installing: /home/zach/arphi_driver/install/arphi_description/share/arphi_description/meshes
-- Installing: /home/zach/arphi_driver/install/arphi_description/share/arphi_description/meshes/link_4.STL
-- Installing: /home/zach/arphi_driver/install/arphi_description/share/arphi_description/meshes/link_6.STL
-- Installing: /home/zach/arphi_driver/install/arphi_description/share/arphi_description/meshes/link_3.STL
-- Installing: /home/zach/arphi_driver/install/arphi_description/share/arphi_description/meshes/link_2.STL
-- Installing: /home/zach/arphi_driver/install/arphi_description/share/arphi_description/meshes/link_1.STL
-- Installing: /home/zach/arphi_driver/install/arphi_description/share/arphi_description/meshes/base_link.STL
-- Installing: /home/zach/arphi_driver/install/arphi_description/share/arphi_description/meshes/link_5.STL
-- Installing: /home/zach/arphi_driver/install/arphi_description/share/arphi_description/urdf
-- Installing: /home/zach/arphi_driver/install/arphi_description/share/arphi_description/urdf/arphi.urdf.xacro
-- Installing: /home/zach/arphi_driver/install/arphi_description/share/arphi_description/urdf/your_robot.urdf
-- Installing: /home/zach/arphi_driver/install/arphi_description/share/arphi_description/urdf/arphi.ros2_control.xacro
-- Installing: /home/zach/arphi_driver/install/arphi_description/share/arphi_description/urdf/primary.urdf.xacro
-- Installing: /home/zach/arphi_driver/install/arphi_description/share/arphi_description/urdf/arphi_gazebo.urdf.xacro
-- Installing: /home/zach/arphi_driver/install/arphi_description/share/arphi_description/config
-- Installing: /home/zach/arphi_driver/install/arphi_description/share/arphi_description/config/controllers.yaml
-- Installing: /home/zach/arphi_driver/install/arphi_description/share/arphi_description/config/arphi_gz.ros2_control.yaml
-- Installing: /home/zach/arphi_driver/install/arphi_description/share/arphi_description/config/gazebo_params.yaml
-- Installing: /home/zach/arphi_driver/install/arphi_description/share/ament_index/resource_index/package_run_dependencies/arphi_description
-- Installing: /home/zach/arphi_driver/install/arphi_description/share/ament_index/resource_index/parent_prefix_path/arphi_description
-- Installing: /home/zach/arphi_driver/install/arphi_description/share/arphi_description/environment/ament_prefix_path.sh
-- Installing: /home/zach/arphi_driver/install/arphi_description/share/arphi_description/environment/ament_prefix_path.dsv
-- Installing: /home/zach/arphi_driver/install/arphi_description/share/arphi_description/environment/path.sh
-- Installing: /home/zach/arphi_driver/install/arphi_description/share/arphi_description/environment/path.dsv
-- Installing: /home/zach/arphi_driver/install/arphi_description/share/arphi_description/local_setup.bash
-- Installing: /home/zach/arphi_driver/install/arphi_description/share/arphi_description/local_setup.sh
-- Installing: /home/zach/arphi_driver/install/arphi_description/share/arphi_description/local_setup.zsh
-- Installing: /home/zach/arphi_driver/install/arphi_description/share/arphi_description/local_setup.dsv
-- Installing: /home/zach/arphi_driver/install/arphi_description/share/arphi_description/package.dsv
-- Installing: /home/zach/arphi_driver/install/arphi_description/share/ament_index/resource_index/packages/arphi_description
-- Installing: /home/zach/arphi_driver/install/arphi_description/share/arphi_description/cmake/arphi_descriptionConfig.cmake
-- Installing: /home/zach/arphi_driver/install/arphi_description/share/arphi_description/cmake/arphi_descriptionConfig-version.cmake
-- Installing: /home/zach/arphi_driver/install/arphi_description/share/arphi_description/package.xml
