[0.644s] Invoking command in '/home/zach/arphi_driver/src/arphi_controllers': DEBUGINFOD_URLS=https://debuginfod.ubuntu.com PYTHONPATH=/home/zach/arphi_driver/build/arphi_controllers/prefix_override:/usr/lib/python3/dist-packages/colcon_core/task/python/colcon_distutils_commands:/home/zach/arphi_driver/install/arphi_controllers/lib/python3.12/site-packages:${PYTHONPATH} /usr/bin/python3 -W ignore:setup.py install is deprecated -W ignore:easy_install command is deprecated setup.py egg_info --egg-base ../../build/arphi_controllers build --build-base /home/zach/arphi_driver/build/arphi_controllers/build install --record /home/zach/arphi_driver/build/arphi_controllers/install.log --single-version-externally-managed
[0.780s] running egg_info
[0.789s] writing ../../build/arphi_controllers/arphi_controllers.egg-info/PKG-INFO
[0.790s] writing dependency_links to ../../build/arphi_controllers/arphi_controllers.egg-info/dependency_links.txt
[0.790s] writing entry points to ../../build/arphi_controllers/arphi_controllers.egg-info/entry_points.txt
[0.790s] writing requirements to ../../build/arphi_controllers/arphi_controllers.egg-info/requires.txt
[0.790s] writing top-level names to ../../build/arphi_controllers/arphi_controllers.egg-info/top_level.txt
[0.811s] reading manifest file '../../build/arphi_controllers/arphi_controllers.egg-info/SOURCES.txt'
[0.811s] writing manifest file '../../build/arphi_controllers/arphi_controllers.egg-info/SOURCES.txt'
[0.811s] running build
[0.811s] running build_py
[0.812s] running install
[0.815s] running install_lib
[0.824s] running install_egg_info
[0.834s] removing '/home/zach/arphi_driver/install/arphi_controllers/lib/python3.12/site-packages/arphi_controllers-1.0.0-py3.12.egg-info' (and everything under it)
[0.835s] Copying ../../build/arphi_controllers/arphi_controllers.egg-info to /home/zach/arphi_driver/install/arphi_controllers/lib/python3.12/site-packages/arphi_controllers-1.0.0-py3.12.egg-info
[0.835s] running install_scripts
[0.908s] Installing arphi_controller script to /home/zach/arphi_driver/install/arphi_controllers/lib/arphi_controllers
[0.909s] Installing enclosure_interface script to /home/zach/arphi_driver/install/arphi_controllers/lib/arphi_controllers
[0.909s] writing list of installed files to '/home/zach/arphi_driver/build/arphi_controllers/install.log'
[0.927s] Invoked command in '/home/zach/arphi_driver/src/arphi_controllers' returned '0': DEBUGINFOD_URLS=https://debuginfod.ubuntu.com PYTHONPATH=/home/zach/arphi_driver/build/arphi_controllers/prefix_override:/usr/lib/python3/dist-packages/colcon_core/task/python/colcon_distutils_commands:/home/zach/arphi_driver/install/arphi_controllers/lib/python3.12/site-packages:${PYTHONPATH} /usr/bin/python3 -W ignore:setup.py install is deprecated -W ignore:easy_install command is deprecated setup.py egg_info --egg-base ../../build/arphi_controllers build --build-base /home/zach/arphi_driver/build/arphi_controllers/build install --record /home/zach/arphi_driver/build/arphi_controllers/install.log --single-version-externally-managed
