running egg_info
creating ../../build/arphi_controllers/arphi_controllers.egg-info
writing ../../build/arphi_controllers/arphi_controllers.egg-info/PKG-INFO
writing dependency_links to ../../build/arphi_controllers/arphi_controllers.egg-info/dependency_links.txt
writing entry points to ../../build/arphi_controllers/arphi_controllers.egg-info/entry_points.txt
writing requirements to ../../build/arphi_controllers/arphi_controllers.egg-info/requires.txt
writing top-level names to ../../build/arphi_controllers/arphi_controllers.egg-info/top_level.txt
writing manifest file '../../build/arphi_controllers/arphi_controllers.egg-info/SOURCES.txt'
reading manifest file '../../build/arphi_controllers/arphi_controllers.egg-info/SOURCES.txt'
writing manifest file '../../build/arphi_controllers/arphi_controllers.egg-info/SOURCES.txt'
running build
running build_py
creating /home/zach/arphi_driver/build/arphi_controllers/build
creating /home/zach/arphi_driver/build/arphi_controllers/build/lib
creating /home/zach/arphi_driver/build/arphi_controllers/build/lib/arphi_controllers
copying arphi_controllers/arphi_controller.py -> /home/zach/arphi_driver/build/arphi_controllers/build/lib/arphi_controllers
copying arphi_controllers/__init__.py -> /home/zach/arphi_driver/build/arphi_controllers/build/lib/arphi_controllers
copying arphi_controllers/enclosure_interface.py -> /home/zach/arphi_driver/build/arphi_controllers/build/lib/arphi_controllers
running install
running install_lib
creating /home/zach/arphi_driver/install/arphi_controllers/lib/python3.12/site-packages/arphi_controllers
copying /home/zach/arphi_driver/build/arphi_controllers/build/lib/arphi_controllers/arphi_controller.py -> /home/zach/arphi_driver/install/arphi_controllers/lib/python3.12/site-packages/arphi_controllers
copying /home/zach/arphi_driver/build/arphi_controllers/build/lib/arphi_controllers/__init__.py -> /home/zach/arphi_driver/install/arphi_controllers/lib/python3.12/site-packages/arphi_controllers
copying /home/zach/arphi_driver/build/arphi_controllers/build/lib/arphi_controllers/enclosure_interface.py -> /home/zach/arphi_driver/install/arphi_controllers/lib/python3.12/site-packages/arphi_controllers
byte-compiling /home/zach/arphi_driver/install/arphi_controllers/lib/python3.12/site-packages/arphi_controllers/arphi_controller.py to arphi_controller.cpython-312.pyc
byte-compiling /home/zach/arphi_driver/install/arphi_controllers/lib/python3.12/site-packages/arphi_controllers/__init__.py to __init__.cpython-312.pyc
byte-compiling /home/zach/arphi_driver/install/arphi_controllers/lib/python3.12/site-packages/arphi_controllers/enclosure_interface.py to enclosure_interface.cpython-312.pyc
running install_egg_info
Copying ../../build/arphi_controllers/arphi_controllers.egg-info to /home/zach/arphi_driver/install/arphi_controllers/lib/python3.12/site-packages/arphi_controllers-1.0.0-py3.12.egg-info
running install_scripts
Installing arphi_controller script to /home/zach/arphi_driver/install/arphi_controllers/lib/arphi_controllers
Installing enclosure_interface script to /home/zach/arphi_driver/install/arphi_controllers/lib/arphi_controllers
writing list of installed files to '/home/zach/arphi_driver/build/arphi_controllers/install.log'
