[0.648s] Invoking command in '/home/zach/arphi_driver/src/arphi_controllers': DEBUGINFOD_URLS=https://debuginfod.ubuntu.com PYTHONPATH=/home/zach/arphi_driver/build/arphi_controllers/prefix_override:/usr/lib/python3/dist-packages/colcon_core/task/python/colcon_distutils_commands:/home/zach/arphi_driver/install/arphi_controllers/lib/python3.12/site-packages:${PYTHONPATH} /usr/bin/python3 -W ignore:setup.py install is deprecated -W ignore:easy_install command is deprecated setup.py egg_info --egg-base ../../build/arphi_controllers build --build-base /home/zach/arphi_driver/build/arphi_controllers/build install --record /home/zach/arphi_driver/build/arphi_controllers/install.log --single-version-externally-managed
[0.823s] running egg_info
[0.823s] creating ../../build/arphi_controllers/arphi_controllers.egg-info
[0.833s] writing ../../build/arphi_controllers/arphi_controllers.egg-info/PKG-INFO
[0.833s] writing dependency_links to ../../build/arphi_controllers/arphi_controllers.egg-info/dependency_links.txt
[0.833s] writing entry points to ../../build/arphi_controllers/arphi_controllers.egg-info/entry_points.txt
[0.833s] writing requirements to ../../build/arphi_controllers/arphi_controllers.egg-info/requires.txt
[0.833s] writing top-level names to ../../build/arphi_controllers/arphi_controllers.egg-info/top_level.txt
[0.833s] writing manifest file '../../build/arphi_controllers/arphi_controllers.egg-info/SOURCES.txt'
[0.864s] reading manifest file '../../build/arphi_controllers/arphi_controllers.egg-info/SOURCES.txt'
[0.865s] writing manifest file '../../build/arphi_controllers/arphi_controllers.egg-info/SOURCES.txt'
[0.865s] running build
[0.865s] running build_py
[0.865s] creating /home/zach/arphi_driver/build/arphi_controllers/build
[0.865s] creating /home/zach/arphi_driver/build/arphi_controllers/build/lib
[0.865s] creating /home/zach/arphi_driver/build/arphi_controllers/build/lib/arphi_controllers
[0.865s] copying arphi_controllers/arphi_controller.py -> /home/zach/arphi_driver/build/arphi_controllers/build/lib/arphi_controllers
[0.865s] copying arphi_controllers/__init__.py -> /home/zach/arphi_driver/build/arphi_controllers/build/lib/arphi_controllers
[0.865s] copying arphi_controllers/enclosure_interface.py -> /home/zach/arphi_driver/build/arphi_controllers/build/lib/arphi_controllers
[0.865s] running install
[0.869s] running install_lib
[0.879s] creating /home/zach/arphi_driver/install/arphi_controllers/lib/python3.12/site-packages/arphi_controllers
[0.879s] copying /home/zach/arphi_driver/build/arphi_controllers/build/lib/arphi_controllers/arphi_controller.py -> /home/zach/arphi_driver/install/arphi_controllers/lib/python3.12/site-packages/arphi_controllers
[0.880s] copying /home/zach/arphi_driver/build/arphi_controllers/build/lib/arphi_controllers/__init__.py -> /home/zach/arphi_driver/install/arphi_controllers/lib/python3.12/site-packages/arphi_controllers
[0.880s] copying /home/zach/arphi_driver/build/arphi_controllers/build/lib/arphi_controllers/enclosure_interface.py -> /home/zach/arphi_driver/install/arphi_controllers/lib/python3.12/site-packages/arphi_controllers
[0.880s] byte-compiling /home/zach/arphi_driver/install/arphi_controllers/lib/python3.12/site-packages/arphi_controllers/arphi_controller.py to arphi_controller.cpython-312.pyc
[0.881s] byte-compiling /home/zach/arphi_driver/install/arphi_controllers/lib/python3.12/site-packages/arphi_controllers/__init__.py to __init__.cpython-312.pyc
[0.881s] byte-compiling /home/zach/arphi_driver/install/arphi_controllers/lib/python3.12/site-packages/arphi_controllers/enclosure_interface.py to enclosure_interface.cpython-312.pyc
[0.881s] running install_egg_info
[0.893s] Copying ../../build/arphi_controllers/arphi_controllers.egg-info to /home/zach/arphi_driver/install/arphi_controllers/lib/python3.12/site-packages/arphi_controllers-1.0.0-py3.12.egg-info
[0.893s] running install_scripts
[1.007s] Installing arphi_controller script to /home/zach/arphi_driver/install/arphi_controllers/lib/arphi_controllers
[1.007s] Installing enclosure_interface script to /home/zach/arphi_driver/install/arphi_controllers/lib/arphi_controllers
[1.007s] writing list of installed files to '/home/zach/arphi_driver/build/arphi_controllers/install.log'
[1.032s] Invoked command in '/home/zach/arphi_driver/src/arphi_controllers' returned '0': DEBUGINFOD_URLS=https://debuginfod.ubuntu.com PYTHONPATH=/home/zach/arphi_driver/build/arphi_controllers/prefix_override:/usr/lib/python3/dist-packages/colcon_core/task/python/colcon_distutils_commands:/home/zach/arphi_driver/install/arphi_controllers/lib/python3.12/site-packages:${PYTHONPATH} /usr/bin/python3 -W ignore:setup.py install is deprecated -W ignore:easy_install command is deprecated setup.py egg_info --egg-base ../../build/arphi_controllers build --build-base /home/zach/arphi_driver/build/arphi_controllers/build install --record /home/zach/arphi_driver/build/arphi_controllers/install.log --single-version-externally-managed
