[0.155s] DEBUG:colcon:Command line arguments: ['/usr/bin/colcon', 'build']
[0.155s] DEBUG:colcon:Parsed command line arguments: Namespace(log_base=None, log_level=None, verb_name='build', build_base='build', install_base='install', merge_install=False, symlink_install=False, test_result_base=None, continue_on_error=False, executor='parallel', parallel_workers=16, event_handlers=None, ignore_user_meta=False, metas=['./colcon.meta'], base_paths=['.'], packages_ignore=None, packages_ignore_regex=None, paths=None, packages_up_to=None, packages_up_to_regex=None, packages_above=None, packages_above_and_dependencies=None, packages_above_depth=None, packages_select_by_dep=None, packages_skip_by_dep=None, packages_skip_up_to=None, packages_select_build_failed=False, packages_skip_build_finished=False, packages_select_test_failures=False, packages_skip_test_passed=False, packages_select=None, packages_skip=None, packages_select_regex=None, packages_skip_regex=None, packages_start=None, packages_end=None, allow_overriding=[], cmake_args=None, cmake_target=None, cmake_target_skip_unavailable=False, cmake_clean_cache=False, cmake_clean_first=False, cmake_force_configure=False, ament_cmake_args=None, catkin_cmake_args=None, catkin_skip_building_tests=False, mixin_files=None, mixin=None, verb_parser=<colcon_mixin.mixin.mixin_argument.MixinArgumentDecorator object at 0x79df4c0ae060>, verb_extension=<colcon_core.verb.build.BuildVerb object at 0x79df4c0adcd0>, main=<bound method BuildVerb.main of <colcon_core.verb.build.BuildVerb object at 0x79df4c0adcd0>>, mixin_verb=('build',))
[0.205s] Level 1:colcon.colcon_core.package_discovery:discover_packages(colcon_meta) check parameters
[0.205s] Level 1:colcon.colcon_core.package_discovery:discover_packages(recursive) check parameters
[0.205s] Level 1:colcon.colcon_core.package_discovery:discover_packages(ignore) check parameters
[0.205s] Level 1:colcon.colcon_core.package_discovery:discover_packages(path) check parameters
[0.205s] Level 1:colcon.colcon_core.package_discovery:discover_packages(colcon_meta) discover
[0.205s] Level 1:colcon.colcon_core.package_discovery:discover_packages(recursive) discover
[0.205s] INFO:colcon.colcon_core.package_discovery:Crawling recursively for packages in '/home/zach/arphi_driver'
[0.205s] Level 1:colcon.colcon_core.package_identification:_identify(.) by extensions ['ignore', 'ignore_ament_install']
[0.205s] Level 1:colcon.colcon_core.package_identification:_identify(.) by extension 'ignore'
[0.205s] Level 1:colcon.colcon_core.package_identification:_identify(.) by extension 'ignore_ament_install'
[0.205s] Level 1:colcon.colcon_core.package_identification:_identify(.) by extensions ['colcon_pkg']
[0.205s] Level 1:colcon.colcon_core.package_identification:_identify(.) by extension 'colcon_pkg'
[0.205s] Level 1:colcon.colcon_core.package_identification:_identify(.) by extensions ['colcon_meta']
[0.205s] Level 1:colcon.colcon_core.package_identification:_identify(.) by extension 'colcon_meta'
[0.205s] Level 1:colcon.colcon_core.package_identification:_identify(.) by extensions ['ros']
[0.206s] Level 1:colcon.colcon_core.package_identification:_identify(.) by extension 'ros'
[0.235s] Level 1:colcon.colcon_core.package_identification:_identify(.) by extensions ['cmake', 'python']
[0.235s] Level 1:colcon.colcon_core.package_identification:_identify(.) by extension 'cmake'
[0.235s] Level 1:colcon.colcon_core.package_identification:_identify(.) by extension 'python'
[0.235s] Level 1:colcon.colcon_core.package_identification:_identify(.) by extensions ['python_setup_py']
[0.235s] Level 1:colcon.colcon_core.package_identification:_identify(.) by extension 'python_setup_py'
[0.235s] Level 1:colcon.colcon_core.package_identification:_identify(build) by extensions ['ignore', 'ignore_ament_install']
[0.235s] Level 1:colcon.colcon_core.package_identification:_identify(build) by extension 'ignore'
[0.235s] Level 1:colcon.colcon_core.package_identification:_identify(build) ignored
[0.235s] Level 1:colcon.colcon_core.package_identification:_identify(install) by extensions ['ignore', 'ignore_ament_install']
[0.235s] Level 1:colcon.colcon_core.package_identification:_identify(install) by extension 'ignore'
[0.235s] Level 1:colcon.colcon_core.package_identification:_identify(install) ignored
[0.236s] Level 1:colcon.colcon_core.package_identification:_identify(log) by extensions ['ignore', 'ignore_ament_install']
[0.236s] Level 1:colcon.colcon_core.package_identification:_identify(log) by extension 'ignore'
[0.236s] Level 1:colcon.colcon_core.package_identification:_identify(log) ignored
[0.236s] Level 1:colcon.colcon_core.package_identification:_identify(src) by extensions ['ignore', 'ignore_ament_install']
[0.236s] Level 1:colcon.colcon_core.package_identification:_identify(src) by extension 'ignore'
[0.236s] Level 1:colcon.colcon_core.package_identification:_identify(src) by extension 'ignore_ament_install'
[0.236s] Level 1:colcon.colcon_core.package_identification:_identify(src) by extensions ['colcon_pkg']
[0.236s] Level 1:colcon.colcon_core.package_identification:_identify(src) by extension 'colcon_pkg'
[0.236s] Level 1:colcon.colcon_core.package_identification:_identify(src) by extensions ['colcon_meta']
[0.236s] Level 1:colcon.colcon_core.package_identification:_identify(src) by extension 'colcon_meta'
[0.236s] Level 1:colcon.colcon_core.package_identification:_identify(src) by extensions ['ros']
[0.236s] Level 1:colcon.colcon_core.package_identification:_identify(src) by extension 'ros'
[0.236s] Level 1:colcon.colcon_core.package_identification:_identify(src) by extensions ['cmake', 'python']
[0.236s] Level 1:colcon.colcon_core.package_identification:_identify(src) by extension 'cmake'
[0.236s] Level 1:colcon.colcon_core.package_identification:_identify(src) by extension 'python'
[0.236s] Level 1:colcon.colcon_core.package_identification:_identify(src) by extensions ['python_setup_py']
[0.236s] Level 1:colcon.colcon_core.package_identification:_identify(src) by extension 'python_setup_py'
[0.236s] Level 1:colcon.colcon_core.package_identification:_identify(src/arphi_arduino_sketches) by extensions ['ignore', 'ignore_ament_install']
[0.236s] Level 1:colcon.colcon_core.package_identification:_identify(src/arphi_arduino_sketches) by extension 'ignore'
[0.236s] Level 1:colcon.colcon_core.package_identification:_identify(src/arphi_arduino_sketches) by extension 'ignore_ament_install'
[0.237s] Level 1:colcon.colcon_core.package_identification:_identify(src/arphi_arduino_sketches) by extensions ['colcon_pkg']
[0.237s] Level 1:colcon.colcon_core.package_identification:_identify(src/arphi_arduino_sketches) by extension 'colcon_pkg'
[0.237s] Level 1:colcon.colcon_core.package_identification:_identify(src/arphi_arduino_sketches) by extensions ['colcon_meta']
[0.237s] Level 1:colcon.colcon_core.package_identification:_identify(src/arphi_arduino_sketches) by extension 'colcon_meta'
[0.237s] Level 1:colcon.colcon_core.package_identification:_identify(src/arphi_arduino_sketches) by extensions ['ros']
[0.237s] Level 1:colcon.colcon_core.package_identification:_identify(src/arphi_arduino_sketches) by extension 'ros'
[0.237s] Level 1:colcon.colcon_core.package_identification:_identify(src/arphi_arduino_sketches) by extensions ['cmake', 'python']
[0.237s] Level 1:colcon.colcon_core.package_identification:_identify(src/arphi_arduino_sketches) by extension 'cmake'
[0.237s] Level 1:colcon.colcon_core.package_identification:_identify(src/arphi_arduino_sketches) by extension 'python'
[0.237s] Level 1:colcon.colcon_core.package_identification:_identify(src/arphi_arduino_sketches) by extensions ['python_setup_py']
[0.237s] Level 1:colcon.colcon_core.package_identification:_identify(src/arphi_arduino_sketches) by extension 'python_setup_py'
[0.237s] Level 1:colcon.colcon_core.package_identification:_identify(src/arphi_controllers) by extensions ['ignore', 'ignore_ament_install']
[0.237s] Level 1:colcon.colcon_core.package_identification:_identify(src/arphi_controllers) by extension 'ignore'
[0.237s] Level 1:colcon.colcon_core.package_identification:_identify(src/arphi_controllers) by extension 'ignore_ament_install'
[0.237s] Level 1:colcon.colcon_core.package_identification:_identify(src/arphi_controllers) by extensions ['colcon_pkg']
[0.237s] Level 1:colcon.colcon_core.package_identification:_identify(src/arphi_controllers) by extension 'colcon_pkg'
[0.237s] Level 1:colcon.colcon_core.package_identification:_identify(src/arphi_controllers) by extensions ['colcon_meta']
[0.237s] Level 1:colcon.colcon_core.package_identification:_identify(src/arphi_controllers) by extension 'colcon_meta'
[0.237s] Level 1:colcon.colcon_core.package_identification:_identify(src/arphi_controllers) by extensions ['ros']
[0.237s] Level 1:colcon.colcon_core.package_identification:_identify(src/arphi_controllers) by extension 'ros'
[0.240s] DEBUG:colcon.colcon_core.package_identification:Package 'src/arphi_controllers' with type 'ros.ament_python' and name 'arphi_controllers'
[0.240s] Level 1:colcon.colcon_core.package_identification:_identify(src/arphi_description) by extensions ['ignore', 'ignore_ament_install']
[0.240s] Level 1:colcon.colcon_core.package_identification:_identify(src/arphi_description) by extension 'ignore'
[0.240s] Level 1:colcon.colcon_core.package_identification:_identify(src/arphi_description) by extension 'ignore_ament_install'
[0.240s] Level 1:colcon.colcon_core.package_identification:_identify(src/arphi_description) by extensions ['colcon_pkg']
[0.240s] Level 1:colcon.colcon_core.package_identification:_identify(src/arphi_description) by extension 'colcon_pkg'
[0.240s] Level 1:colcon.colcon_core.package_identification:_identify(src/arphi_description) by extensions ['colcon_meta']
[0.240s] Level 1:colcon.colcon_core.package_identification:_identify(src/arphi_description) by extension 'colcon_meta'
[0.240s] Level 1:colcon.colcon_core.package_identification:_identify(src/arphi_description) by extensions ['ros']
[0.240s] Level 1:colcon.colcon_core.package_identification:_identify(src/arphi_description) by extension 'ros'
[0.241s] DEBUG:colcon.colcon_core.package_identification:Package 'src/arphi_description' with type 'ros.ament_cmake' and name 'arphi_description'
[0.241s] Level 1:colcon.colcon_core.package_identification:_identify(src/arphi_driver) by extensions ['ignore', 'ignore_ament_install']
[0.241s] Level 1:colcon.colcon_core.package_identification:_identify(src/arphi_driver) by extension 'ignore'
[0.241s] Level 1:colcon.colcon_core.package_identification:_identify(src/arphi_driver) by extension 'ignore_ament_install'
[0.241s] Level 1:colcon.colcon_core.package_identification:_identify(src/arphi_driver) by extensions ['colcon_pkg']
[0.241s] Level 1:colcon.colcon_core.package_identification:_identify(src/arphi_driver) by extension 'colcon_pkg'
[0.241s] Level 1:colcon.colcon_core.package_identification:_identify(src/arphi_driver) by extensions ['colcon_meta']
[0.241s] Level 1:colcon.colcon_core.package_identification:_identify(src/arphi_driver) by extension 'colcon_meta'
[0.241s] Level 1:colcon.colcon_core.package_identification:_identify(src/arphi_driver) by extensions ['ros']
[0.241s] Level 1:colcon.colcon_core.package_identification:_identify(src/arphi_driver) by extension 'ros'
[0.241s] Level 1:colcon.colcon_core.package_identification:_identify(src/arphi_driver) by extensions ['cmake', 'python']
[0.242s] Level 1:colcon.colcon_core.package_identification:_identify(src/arphi_driver) by extension 'cmake'
[0.242s] Level 1:colcon.colcon_core.package_identification:_identify(src/arphi_driver) by extension 'python'
[0.242s] Level 1:colcon.colcon_core.package_identification:_identify(src/arphi_driver) by extensions ['python_setup_py']
[0.242s] Level 1:colcon.colcon_core.package_identification:_identify(src/arphi_driver) by extension 'python_setup_py'
[0.242s] Level 1:colcon.colcon_core.package_identification:_identify(src/arphi_driver/config) by extensions ['ignore', 'ignore_ament_install']
[0.242s] Level 1:colcon.colcon_core.package_identification:_identify(src/arphi_driver/config) by extension 'ignore'
[0.242s] Level 1:colcon.colcon_core.package_identification:_identify(src/arphi_driver/config) by extension 'ignore_ament_install'
[0.242s] Level 1:colcon.colcon_core.package_identification:_identify(src/arphi_driver/config) by extensions ['colcon_pkg']
[0.242s] Level 1:colcon.colcon_core.package_identification:_identify(src/arphi_driver/config) by extension 'colcon_pkg'
[0.242s] Level 1:colcon.colcon_core.package_identification:_identify(src/arphi_driver/config) by extensions ['colcon_meta']
[0.242s] Level 1:colcon.colcon_core.package_identification:_identify(src/arphi_driver/config) by extension 'colcon_meta'
[0.242s] Level 1:colcon.colcon_core.package_identification:_identify(src/arphi_driver/config) by extensions ['ros']
[0.242s] Level 1:colcon.colcon_core.package_identification:_identify(src/arphi_driver/config) by extension 'ros'
[0.242s] Level 1:colcon.colcon_core.package_identification:_identify(src/arphi_driver/config) by extensions ['cmake', 'python']
[0.242s] Level 1:colcon.colcon_core.package_identification:_identify(src/arphi_driver/config) by extension 'cmake'
[0.242s] Level 1:colcon.colcon_core.package_identification:_identify(src/arphi_driver/config) by extension 'python'
[0.242s] Level 1:colcon.colcon_core.package_identification:_identify(src/arphi_driver/config) by extensions ['python_setup_py']
[0.242s] Level 1:colcon.colcon_core.package_identification:_identify(src/arphi_driver/config) by extension 'python_setup_py'
[0.242s] Level 1:colcon.colcon_core.package_identification:_identify(src/arphi_driver/include) by extensions ['ignore', 'ignore_ament_install']
[0.242s] Level 1:colcon.colcon_core.package_identification:_identify(src/arphi_driver/include) by extension 'ignore'
[0.242s] Level 1:colcon.colcon_core.package_identification:_identify(src/arphi_driver/include) by extension 'ignore_ament_install'
[0.242s] Level 1:colcon.colcon_core.package_identification:_identify(src/arphi_driver/include) by extensions ['colcon_pkg']
[0.242s] Level 1:colcon.colcon_core.package_identification:_identify(src/arphi_driver/include) by extension 'colcon_pkg'
[0.242s] Level 1:colcon.colcon_core.package_identification:_identify(src/arphi_driver/include) by extensions ['colcon_meta']
[0.243s] Level 1:colcon.colcon_core.package_identification:_identify(src/arphi_driver/include) by extension 'colcon_meta'
[0.243s] Level 1:colcon.colcon_core.package_identification:_identify(src/arphi_driver/include) by extensions ['ros']
[0.243s] Level 1:colcon.colcon_core.package_identification:_identify(src/arphi_driver/include) by extension 'ros'
[0.243s] Level 1:colcon.colcon_core.package_identification:_identify(src/arphi_driver/include) by extensions ['cmake', 'python']
[0.243s] Level 1:colcon.colcon_core.package_identification:_identify(src/arphi_driver/include) by extension 'cmake'
[0.243s] Level 1:colcon.colcon_core.package_identification:_identify(src/arphi_driver/include) by extension 'python'
[0.243s] Level 1:colcon.colcon_core.package_identification:_identify(src/arphi_driver/include) by extensions ['python_setup_py']
[0.243s] Level 1:colcon.colcon_core.package_identification:_identify(src/arphi_driver/include) by extension 'python_setup_py'
[0.243s] Level 1:colcon.colcon_core.package_identification:_identify(src/arphi_gazebo) by extensions ['ignore', 'ignore_ament_install']
[0.243s] Level 1:colcon.colcon_core.package_identification:_identify(src/arphi_gazebo) by extension 'ignore'
[0.243s] Level 1:colcon.colcon_core.package_identification:_identify(src/arphi_gazebo) by extension 'ignore_ament_install'
[0.243s] Level 1:colcon.colcon_core.package_identification:_identify(src/arphi_gazebo) by extensions ['colcon_pkg']
[0.243s] Level 1:colcon.colcon_core.package_identification:_identify(src/arphi_gazebo) by extension 'colcon_pkg'
[0.243s] Level 1:colcon.colcon_core.package_identification:_identify(src/arphi_gazebo) by extensions ['colcon_meta']
[0.243s] Level 1:colcon.colcon_core.package_identification:_identify(src/arphi_gazebo) by extension 'colcon_meta'
[0.243s] Level 1:colcon.colcon_core.package_identification:_identify(src/arphi_gazebo) by extensions ['ros']
[0.243s] Level 1:colcon.colcon_core.package_identification:_identify(src/arphi_gazebo) by extension 'ros'
[0.244s] DEBUG:colcon.colcon_core.package_identification:Package 'src/arphi_gazebo' with type 'ros.ament_cmake' and name 'arphi_gazebo'
[0.244s] Level 1:colcon.colcon_core.package_identification:_identify(src/arphi_interfaces) by extensions ['ignore', 'ignore_ament_install']
[0.244s] Level 1:colcon.colcon_core.package_identification:_identify(src/arphi_interfaces) by extension 'ignore'
[0.244s] Level 1:colcon.colcon_core.package_identification:_identify(src/arphi_interfaces) by extension 'ignore_ament_install'
[0.244s] Level 1:colcon.colcon_core.package_identification:_identify(src/arphi_interfaces) by extensions ['colcon_pkg']
[0.244s] Level 1:colcon.colcon_core.package_identification:_identify(src/arphi_interfaces) by extension 'colcon_pkg'
[0.244s] Level 1:colcon.colcon_core.package_identification:_identify(src/arphi_interfaces) by extensions ['colcon_meta']
[0.244s] Level 1:colcon.colcon_core.package_identification:_identify(src/arphi_interfaces) by extension 'colcon_meta'
[0.244s] Level 1:colcon.colcon_core.package_identification:_identify(src/arphi_interfaces) by extensions ['ros']
[0.244s] Level 1:colcon.colcon_core.package_identification:_identify(src/arphi_interfaces) by extension 'ros'
[0.245s] DEBUG:colcon.colcon_core.package_identification:Package 'src/arphi_interfaces' with type 'ros.ament_cmake' and name 'arphi_interfaces'
[0.245s] Level 1:colcon.colcon_core.package_identification:_identify(src/arphi_moveit) by extensions ['ignore', 'ignore_ament_install']
[0.245s] Level 1:colcon.colcon_core.package_identification:_identify(src/arphi_moveit) by extension 'ignore'
[0.245s] Level 1:colcon.colcon_core.package_identification:_identify(src/arphi_moveit) by extension 'ignore_ament_install'
[0.245s] Level 1:colcon.colcon_core.package_identification:_identify(src/arphi_moveit) by extensions ['colcon_pkg']
[0.245s] Level 1:colcon.colcon_core.package_identification:_identify(src/arphi_moveit) by extension 'colcon_pkg'
[0.245s] Level 1:colcon.colcon_core.package_identification:_identify(src/arphi_moveit) by extensions ['colcon_meta']
[0.245s] Level 1:colcon.colcon_core.package_identification:_identify(src/arphi_moveit) by extension 'colcon_meta'
[0.245s] Level 1:colcon.colcon_core.package_identification:_identify(src/arphi_moveit) by extensions ['ros']
[0.245s] Level 1:colcon.colcon_core.package_identification:_identify(src/arphi_moveit) by extension 'ros'
[0.246s] DEBUG:colcon.colcon_core.package_identification:Package 'src/arphi_moveit' with type 'ros.ament_cmake' and name 'arphi_moveit'
[0.246s] Level 1:colcon.colcon_core.package_discovery:discover_packages(recursive) using defaults
[0.246s] Level 1:colcon.colcon_core.package_discovery:discover_packages(ignore) discover
[0.246s] Level 1:colcon.colcon_core.package_discovery:discover_packages(ignore) using defaults
[0.246s] Level 1:colcon.colcon_core.package_discovery:discover_packages(path) discover
[0.246s] Level 1:colcon.colcon_core.package_discovery:discover_packages(path) using defaults
[0.265s] Level 1:colcon.colcon_core.package_discovery:discover_packages(prefix_path) check parameters
[0.265s] Level 1:colcon.colcon_core.package_discovery:discover_packages(prefix_path) discover
[0.266s] WARNING:colcon.colcon_ros.prefix_path.ament:The path '/home/zach/arphi_driver/install/interfaces' in the environment variable AMENT_PREFIX_PATH doesn't exist
[0.267s] WARNING:colcon.colcon_ros.prefix_path.catkin:The path '/home/zach/arphi_driver/install/interfaces' in the environment variable CMAKE_PREFIX_PATH doesn't exist
[0.268s] DEBUG:colcon.colcon_installed_package_information.package_discovery:Found 5 installed packages in /home/zach/arphi_driver/install
[0.268s] DEBUG:colcon.colcon_installed_package_information.package_discovery:Found 4 installed packages in /home/zach/ar4_ros_driver/install
[0.271s] DEBUG:colcon.colcon_installed_package_information.package_discovery:Found 390 installed packages in /opt/ros/jazzy
[0.274s] Level 1:colcon.colcon_core.package_discovery:discover_packages(prefix_path) using defaults
[0.324s] Level 5:colcon.colcon_core.verb:set package 'arphi_controllers' build argument 'cmake_args' from command line to 'None'
[0.324s] Level 5:colcon.colcon_core.verb:set package 'arphi_controllers' build argument 'cmake_target' from command line to 'None'
[0.324s] Level 5:colcon.colcon_core.verb:set package 'arphi_controllers' build argument 'cmake_target_skip_unavailable' from command line to 'False'
[0.324s] Level 5:colcon.colcon_core.verb:set package 'arphi_controllers' build argument 'cmake_clean_cache' from command line to 'False'
[0.324s] Level 5:colcon.colcon_core.verb:set package 'arphi_controllers' build argument 'cmake_clean_first' from command line to 'False'
[0.324s] Level 5:colcon.colcon_core.verb:set package 'arphi_controllers' build argument 'cmake_force_configure' from command line to 'False'
[0.324s] Level 5:colcon.colcon_core.verb:set package 'arphi_controllers' build argument 'ament_cmake_args' from command line to 'None'
[0.324s] Level 5:colcon.colcon_core.verb:set package 'arphi_controllers' build argument 'catkin_cmake_args' from command line to 'None'
[0.324s] Level 5:colcon.colcon_core.verb:set package 'arphi_controllers' build argument 'catkin_skip_building_tests' from command line to 'False'
[0.324s] DEBUG:colcon.colcon_core.verb:Building package 'arphi_controllers' with the following arguments: {'ament_cmake_args': None, 'build_base': '/home/zach/arphi_driver/build/arphi_controllers', 'catkin_cmake_args': None, 'catkin_skip_building_tests': False, 'cmake_args': None, 'cmake_clean_cache': False, 'cmake_clean_first': False, 'cmake_force_configure': False, 'cmake_target': None, 'cmake_target_skip_unavailable': False, 'install_base': '/home/zach/arphi_driver/install/arphi_controllers', 'merge_install': False, 'path': '/home/zach/arphi_driver/src/arphi_controllers', 'symlink_install': False, 'test_result_base': None}
[0.325s] Level 5:colcon.colcon_core.verb:set package 'arphi_description' build argument 'cmake_args' from command line to 'None'
[0.325s] Level 5:colcon.colcon_core.verb:set package 'arphi_description' build argument 'cmake_target' from command line to 'None'
[0.325s] Level 5:colcon.colcon_core.verb:set package 'arphi_description' build argument 'cmake_target_skip_unavailable' from command line to 'False'
[0.325s] Level 5:colcon.colcon_core.verb:set package 'arphi_description' build argument 'cmake_clean_cache' from command line to 'False'
[0.325s] Level 5:colcon.colcon_core.verb:set package 'arphi_description' build argument 'cmake_clean_first' from command line to 'False'
[0.325s] Level 5:colcon.colcon_core.verb:set package 'arphi_description' build argument 'cmake_force_configure' from command line to 'False'
[0.325s] Level 5:colcon.colcon_core.verb:set package 'arphi_description' build argument 'ament_cmake_args' from command line to 'None'
[0.325s] Level 5:colcon.colcon_core.verb:set package 'arphi_description' build argument 'catkin_cmake_args' from command line to 'None'
[0.325s] Level 5:colcon.colcon_core.verb:set package 'arphi_description' build argument 'catkin_skip_building_tests' from command line to 'False'
[0.325s] DEBUG:colcon.colcon_core.verb:Building package 'arphi_description' with the following arguments: {'ament_cmake_args': None, 'build_base': '/home/zach/arphi_driver/build/arphi_description', 'catkin_cmake_args': None, 'catkin_skip_building_tests': False, 'cmake_args': None, 'cmake_clean_cache': False, 'cmake_clean_first': False, 'cmake_force_configure': False, 'cmake_target': None, 'cmake_target_skip_unavailable': False, 'install_base': '/home/zach/arphi_driver/install/arphi_description', 'merge_install': False, 'path': '/home/zach/arphi_driver/src/arphi_description', 'symlink_install': False, 'test_result_base': None}
[0.325s] Level 5:colcon.colcon_core.verb:set package 'arphi_interfaces' build argument 'cmake_args' from command line to 'None'
[0.325s] Level 5:colcon.colcon_core.verb:set package 'arphi_interfaces' build argument 'cmake_target' from command line to 'None'
[0.325s] Level 5:colcon.colcon_core.verb:set package 'arphi_interfaces' build argument 'cmake_target_skip_unavailable' from command line to 'False'
[0.325s] Level 5:colcon.colcon_core.verb:set package 'arphi_interfaces' build argument 'cmake_clean_cache' from command line to 'False'
[0.325s] Level 5:colcon.colcon_core.verb:set package 'arphi_interfaces' build argument 'cmake_clean_first' from command line to 'False'
[0.325s] Level 5:colcon.colcon_core.verb:set package 'arphi_interfaces' build argument 'cmake_force_configure' from command line to 'False'
[0.325s] Level 5:colcon.colcon_core.verb:set package 'arphi_interfaces' build argument 'ament_cmake_args' from command line to 'None'
[0.325s] Level 5:colcon.colcon_core.verb:set package 'arphi_interfaces' build argument 'catkin_cmake_args' from command line to 'None'
[0.325s] Level 5:colcon.colcon_core.verb:set package 'arphi_interfaces' build argument 'catkin_skip_building_tests' from command line to 'False'
[0.325s] DEBUG:colcon.colcon_core.verb:Building package 'arphi_interfaces' with the following arguments: {'ament_cmake_args': None, 'build_base': '/home/zach/arphi_driver/build/arphi_interfaces', 'catkin_cmake_args': None, 'catkin_skip_building_tests': False, 'cmake_args': None, 'cmake_clean_cache': False, 'cmake_clean_first': False, 'cmake_force_configure': False, 'cmake_target': None, 'cmake_target_skip_unavailable': False, 'install_base': '/home/zach/arphi_driver/install/arphi_interfaces', 'merge_install': False, 'path': '/home/zach/arphi_driver/src/arphi_interfaces', 'symlink_install': False, 'test_result_base': None}
[0.325s] Level 5:colcon.colcon_core.verb:set package 'arphi_moveit' build argument 'cmake_args' from command line to 'None'
[0.325s] Level 5:colcon.colcon_core.verb:set package 'arphi_moveit' build argument 'cmake_target' from command line to 'None'
[0.325s] Level 5:colcon.colcon_core.verb:set package 'arphi_moveit' build argument 'cmake_target_skip_unavailable' from command line to 'False'
[0.325s] Level 5:colcon.colcon_core.verb:set package 'arphi_moveit' build argument 'cmake_clean_cache' from command line to 'False'
[0.325s] Level 5:colcon.colcon_core.verb:set package 'arphi_moveit' build argument 'cmake_clean_first' from command line to 'False'
[0.325s] Level 5:colcon.colcon_core.verb:set package 'arphi_moveit' build argument 'cmake_force_configure' from command line to 'False'
[0.325s] Level 5:colcon.colcon_core.verb:set package 'arphi_moveit' build argument 'ament_cmake_args' from command line to 'None'
[0.325s] Level 5:colcon.colcon_core.verb:set package 'arphi_moveit' build argument 'catkin_cmake_args' from command line to 'None'
[0.325s] Level 5:colcon.colcon_core.verb:set package 'arphi_moveit' build argument 'catkin_skip_building_tests' from command line to 'False'
[0.325s] DEBUG:colcon.colcon_core.verb:Building package 'arphi_moveit' with the following arguments: {'ament_cmake_args': None, 'build_base': '/home/zach/arphi_driver/build/arphi_moveit', 'catkin_cmake_args': None, 'catkin_skip_building_tests': False, 'cmake_args': None, 'cmake_clean_cache': False, 'cmake_clean_first': False, 'cmake_force_configure': False, 'cmake_target': None, 'cmake_target_skip_unavailable': False, 'install_base': '/home/zach/arphi_driver/install/arphi_moveit', 'merge_install': False, 'path': '/home/zach/arphi_driver/src/arphi_moveit', 'symlink_install': False, 'test_result_base': None}
[0.326s] Level 5:colcon.colcon_core.verb:set package 'arphi_gazebo' build argument 'cmake_args' from command line to 'None'
[0.326s] Level 5:colcon.colcon_core.verb:set package 'arphi_gazebo' build argument 'cmake_target' from command line to 'None'
[0.326s] Level 5:colcon.colcon_core.verb:set package 'arphi_gazebo' build argument 'cmake_target_skip_unavailable' from command line to 'False'
[0.326s] Level 5:colcon.colcon_core.verb:set package 'arphi_gazebo' build argument 'cmake_clean_cache' from command line to 'False'
[0.326s] Level 5:colcon.colcon_core.verb:set package 'arphi_gazebo' build argument 'cmake_clean_first' from command line to 'False'
[0.326s] Level 5:colcon.colcon_core.verb:set package 'arphi_gazebo' build argument 'cmake_force_configure' from command line to 'False'
[0.326s] Level 5:colcon.colcon_core.verb:set package 'arphi_gazebo' build argument 'ament_cmake_args' from command line to 'None'
[0.326s] Level 5:colcon.colcon_core.verb:set package 'arphi_gazebo' build argument 'catkin_cmake_args' from command line to 'None'
[0.326s] Level 5:colcon.colcon_core.verb:set package 'arphi_gazebo' build argument 'catkin_skip_building_tests' from command line to 'False'
[0.326s] DEBUG:colcon.colcon_core.verb:Building package 'arphi_gazebo' with the following arguments: {'ament_cmake_args': None, 'build_base': '/home/zach/arphi_driver/build/arphi_gazebo', 'catkin_cmake_args': None, 'catkin_skip_building_tests': False, 'cmake_args': None, 'cmake_clean_cache': False, 'cmake_clean_first': False, 'cmake_force_configure': False, 'cmake_target': None, 'cmake_target_skip_unavailable': False, 'install_base': '/home/zach/arphi_driver/install/arphi_gazebo', 'merge_install': False, 'path': '/home/zach/arphi_driver/src/arphi_gazebo', 'symlink_install': False, 'test_result_base': None}
[0.326s] INFO:colcon.colcon_core.executor:Executing jobs using 'parallel' executor
[0.327s] DEBUG:colcon.colcon_parallel_executor.executor.parallel:run_until_complete
[0.327s] INFO:colcon.colcon_ros.task.ament_cmake.build:Building ROS package in '/home/zach/arphi_driver/src/arphi_description' with build type 'ament_cmake'
[0.327s] INFO:colcon.colcon_cmake.task.cmake.build:Building CMake package in '/home/zach/arphi_driver/src/arphi_description'
[0.329s] INFO:colcon.colcon_core.plugin_system:Skipping extension 'colcon_core.shell.bat': Not used on non-Windows systems
[0.330s] INFO:colcon.colcon_core.shell:Skip shell extension 'powershell' for command environment: Not usable outside of PowerShell
[0.330s] DEBUG:colcon.colcon_core.shell:Skip shell extension 'dsv' for command environment
[0.336s] INFO:colcon.colcon_ros.task.ament_python.build:Building ROS package in '/home/zach/arphi_driver/src/arphi_controllers' with build type 'ament_python'
[0.336s] Level 1:colcon.colcon_core.shell:create_environment_hook('arphi_controllers', 'ament_prefix_path')
[0.336s] INFO:colcon.colcon_core.shell:Creating environment hook '/home/zach/arphi_driver/install/arphi_controllers/share/arphi_controllers/hook/ament_prefix_path.ps1'
[0.337s] INFO:colcon.colcon_core.shell:Creating environment descriptor '/home/zach/arphi_driver/install/arphi_controllers/share/arphi_controllers/hook/ament_prefix_path.dsv'
[0.338s] INFO:colcon.colcon_core.shell:Creating environment hook '/home/zach/arphi_driver/install/arphi_controllers/share/arphi_controllers/hook/ament_prefix_path.sh'
[0.338s] INFO:colcon.colcon_core.shell:Skip shell extension 'powershell' for command environment: Not usable outside of PowerShell
[0.338s] DEBUG:colcon.colcon_core.shell:Skip shell extension 'dsv' for command environment
[0.343s] INFO:colcon.colcon_ros.task.ament_cmake.build:Building ROS package in '/home/zach/arphi_driver/src/arphi_interfaces' with build type 'ament_cmake'
[0.343s] INFO:colcon.colcon_cmake.task.cmake.build:Building CMake package in '/home/zach/arphi_driver/src/arphi_interfaces'
[0.343s] INFO:colcon.colcon_core.shell:Skip shell extension 'powershell' for command environment: Not usable outside of PowerShell
[0.343s] DEBUG:colcon.colcon_core.shell:Skip shell extension 'dsv' for command environment
[0.347s] INFO:colcon.colcon_ros.task.ament_cmake.build:Building ROS package in '/home/zach/arphi_driver/src/arphi_moveit' with build type 'ament_cmake'
[0.348s] INFO:colcon.colcon_cmake.task.cmake.build:Building CMake package in '/home/zach/arphi_driver/src/arphi_moveit'
[0.348s] INFO:colcon.colcon_core.shell:Skip shell extension 'powershell' for command environment: Not usable outside of PowerShell
[0.348s] DEBUG:colcon.colcon_core.shell:Skip shell extension 'dsv' for command environment
[0.358s] DEBUG:colcon.colcon_core.event_handler.log_command:Invoking command in '/home/zach/arphi_driver/build/arphi_description': CMAKE_PREFIX_PATH=${CMAKE_PREFIX_PATH}:/home/zach/arphi_driver/install/arphi_controllers:/opt/ros/jazzy DEBUGINFOD_URLS=https://debuginfod.ubuntu.com /usr/bin/cmake --build /home/zach/arphi_driver/build/arphi_description -- -j16 -l16
[0.554s] WARNING:colcon.colcon_ros.task.ament_python.build:Package 'arphi_controllers' doesn't explicitly install a marker in the package index (colcon-ros currently does it implicitly but that fallback will be removed in the future)
[0.554s] WARNING:colcon.colcon_ros.task.ament_python.build:Package 'arphi_controllers' doesn't explicitly install the 'package.xml' file (colcon-ros currently does it implicitly but that fallback will be removed in the future)
[0.554s] INFO:colcon.colcon_core.task.python.build:Building Python package in '/home/zach/arphi_driver/src/arphi_controllers'
[0.554s] INFO:colcon.colcon_core.shell:Skip shell extension 'powershell' for command environment: Not usable outside of PowerShell
[0.554s] DEBUG:colcon.colcon_core.shell:Skip shell extension 'dsv' for command environment
[0.561s] DEBUG:colcon.colcon_core.event_handler.log_command:Invoking command in '/home/zach/arphi_driver/build/arphi_interfaces': CMAKE_PREFIX_PATH=${CMAKE_PREFIX_PATH}:/home/zach/arphi_driver/install/arphi_controllers:/opt/ros/jazzy DEBUGINFOD_URLS=https://debuginfod.ubuntu.com /usr/bin/cmake --build /home/zach/arphi_driver/build/arphi_interfaces -- -j16 -l16
[0.565s] DEBUG:colcon.colcon_core.event_handler.log_command:Invoking command in '/home/zach/arphi_driver/build/arphi_moveit': CMAKE_PREFIX_PATH=${CMAKE_PREFIX_PATH}:/home/zach/arphi_driver/install/arphi_controllers:/opt/ros/jazzy DEBUGINFOD_URLS=https://debuginfod.ubuntu.com /usr/bin/cmake --build /home/zach/arphi_driver/build/arphi_moveit -- -j16 -l16
[0.566s] DEBUG:colcon.colcon_core.event_handler.log_command:Invoked command in '/home/zach/arphi_driver/build/arphi_description' returned '0': CMAKE_PREFIX_PATH=${CMAKE_PREFIX_PATH}:/home/zach/arphi_driver/install/arphi_controllers:/opt/ros/jazzy DEBUGINFOD_URLS=https://debuginfod.ubuntu.com /usr/bin/cmake --build /home/zach/arphi_driver/build/arphi_description -- -j16 -l16
[0.577s] DEBUG:colcon.colcon_core.event_handler.log_command:Invoking command in '/home/zach/arphi_driver/build/arphi_description': CMAKE_PREFIX_PATH=${CMAKE_PREFIX_PATH}:/home/zach/arphi_driver/install/arphi_controllers:/opt/ros/jazzy DEBUGINFOD_URLS=https://debuginfod.ubuntu.com /usr/bin/cmake --install /home/zach/arphi_driver/build/arphi_description
[0.588s] Level 1:colcon.colcon_core.environment:create_environment_scripts_only(arphi_description)
[0.588s] DEBUG:colcon.colcon_core.event_handler.log_command:Invoked command in '/home/zach/arphi_driver/build/arphi_description' returned '0': CMAKE_PREFIX_PATH=${CMAKE_PREFIX_PATH}:/home/zach/arphi_driver/install/arphi_controllers:/opt/ros/jazzy DEBUGINFOD_URLS=https://debuginfod.ubuntu.com /usr/bin/cmake --install /home/zach/arphi_driver/build/arphi_description
[0.590s] Level 1:colcon.colcon_core.environment:checking '/home/zach/arphi_driver/install/arphi_description' for CMake module files
[0.590s] Level 1:colcon.colcon_core.environment:checking '/home/zach/arphi_driver/install/arphi_description' for CMake config files
[0.590s] Level 1:colcon.colcon_core.shell:create_environment_hook('arphi_description', 'cmake_prefix_path')
[0.590s] INFO:colcon.colcon_core.shell:Creating environment hook '/home/zach/arphi_driver/install/arphi_description/share/arphi_description/hook/cmake_prefix_path.ps1'
[0.591s] INFO:colcon.colcon_core.shell:Creating environment descriptor '/home/zach/arphi_driver/install/arphi_description/share/arphi_description/hook/cmake_prefix_path.dsv'
[0.591s] INFO:colcon.colcon_core.shell:Creating environment hook '/home/zach/arphi_driver/install/arphi_description/share/arphi_description/hook/cmake_prefix_path.sh'
[0.592s] Level 1:colcon.colcon_core.environment:checking '/home/zach/arphi_driver/install/arphi_description/bin'
[0.592s] Level 1:colcon.colcon_core.environment:checking '/home/zach/arphi_driver/install/arphi_description/lib/pkgconfig/arphi_description.pc'
[0.592s] Level 1:colcon.colcon_core.environment:checking '/home/zach/arphi_driver/install/arphi_description/lib/python3.12/site-packages'
[0.592s] Level 1:colcon.colcon_core.environment:checking '/home/zach/arphi_driver/install/arphi_description/bin'
[0.592s] INFO:colcon.colcon_core.shell:Creating package script '/home/zach/arphi_driver/install/arphi_description/share/arphi_description/package.ps1'
[0.593s] INFO:colcon.colcon_core.shell:Creating package descriptor '/home/zach/arphi_driver/install/arphi_description/share/arphi_description/package.dsv'
[0.593s] INFO:colcon.colcon_core.shell:Creating package script '/home/zach/arphi_driver/install/arphi_description/share/arphi_description/package.sh'
[0.594s] INFO:colcon.colcon_core.shell:Creating package script '/home/zach/arphi_driver/install/arphi_description/share/arphi_description/package.bash'
[0.594s] INFO:colcon.colcon_core.shell:Creating package script '/home/zach/arphi_driver/install/arphi_description/share/arphi_description/package.zsh'
[0.594s] Level 1:colcon.colcon_core.environment:create_file_with_runtime_dependencies(/home/zach/arphi_driver/install/arphi_description/share/colcon-core/packages/arphi_description)
[0.595s] Level 1:colcon.colcon_core.environment:create_environment_scripts_only(arphi_description)
[0.595s] Level 1:colcon.colcon_core.environment:checking '/home/zach/arphi_driver/install/arphi_description' for CMake module files
[0.595s] Level 1:colcon.colcon_core.environment:checking '/home/zach/arphi_driver/install/arphi_description' for CMake config files
[0.596s] Level 1:colcon.colcon_core.shell:create_environment_hook('arphi_description', 'cmake_prefix_path')
[0.596s] INFO:colcon.colcon_core.shell:Creating environment hook '/home/zach/arphi_driver/install/arphi_description/share/arphi_description/hook/cmake_prefix_path.ps1'
[0.596s] INFO:colcon.colcon_core.shell:Creating environment descriptor '/home/zach/arphi_driver/install/arphi_description/share/arphi_description/hook/cmake_prefix_path.dsv'
[0.596s] INFO:colcon.colcon_core.shell:Creating environment hook '/home/zach/arphi_driver/install/arphi_description/share/arphi_description/hook/cmake_prefix_path.sh'
[0.597s] Level 1:colcon.colcon_core.environment:checking '/home/zach/arphi_driver/install/arphi_description/bin'
[0.597s] Level 1:colcon.colcon_core.environment:checking '/home/zach/arphi_driver/install/arphi_description/lib/pkgconfig/arphi_description.pc'
[0.597s] Level 1:colcon.colcon_core.environment:checking '/home/zach/arphi_driver/install/arphi_description/lib/python3.12/site-packages'
[0.597s] Level 1:colcon.colcon_core.environment:checking '/home/zach/arphi_driver/install/arphi_description/bin'
[0.597s] INFO:colcon.colcon_core.shell:Creating package script '/home/zach/arphi_driver/install/arphi_description/share/arphi_description/package.ps1'
[0.598s] INFO:colcon.colcon_core.shell:Creating package descriptor '/home/zach/arphi_driver/install/arphi_description/share/arphi_description/package.dsv'
[0.598s] INFO:colcon.colcon_core.shell:Creating package script '/home/zach/arphi_driver/install/arphi_description/share/arphi_description/package.sh'
[0.598s] INFO:colcon.colcon_core.shell:Creating package script '/home/zach/arphi_driver/install/arphi_description/share/arphi_description/package.bash'
[0.599s] INFO:colcon.colcon_core.shell:Creating package script '/home/zach/arphi_driver/install/arphi_description/share/arphi_description/package.zsh'
[0.599s] Level 1:colcon.colcon_core.environment:create_file_with_runtime_dependencies(/home/zach/arphi_driver/install/arphi_description/share/colcon-core/packages/arphi_description)
[0.599s] INFO:colcon.colcon_ros.task.ament_cmake.build:Building ROS package in '/home/zach/arphi_driver/src/arphi_gazebo' with build type 'ament_cmake'
[0.599s] INFO:colcon.colcon_cmake.task.cmake.build:Building CMake package in '/home/zach/arphi_driver/src/arphi_gazebo'
[0.599s] INFO:colcon.colcon_core.shell:Skip shell extension 'powershell' for command environment: Not usable outside of PowerShell
[0.600s] DEBUG:colcon.colcon_core.shell:Skip shell extension 'dsv' for command environment
[0.609s] DEBUG:colcon.colcon_core.event_handler.log_command:Invoking command in '/home/zach/arphi_driver/build/arphi_gazebo': CMAKE_PREFIX_PATH=/home/zach/arphi_driver/install/arphi_description:/home/zach/ar4_ros_driver/install/annin_ar4_moveit_config:/home/zach/ar4_ros_driver/install/annin_ar4_gazebo:/home/zach/ar4_ros_driver/install/annin_ar4_driver:/home/zach/ar4_ros_driver/install/annin_ar4_description:/home/zach/arphi_driver/install/interfaces:/home/zach/arphi_driver/install/arphi_interfaces:/home/zach/arphi_driver/install/arphi_moveit:/home/zach/arphi_driver/install/arphi_gazebo:/opt/ros/jazzy/opt/gz_sim_vendor:/opt/ros/jazzy/opt/gz_sensors_vendor:/opt/ros/jazzy/opt/gz_physics_vendor:/opt/ros/jazzy/opt/sdformat_vendor:/opt/ros/jazzy/opt/gz_gui_vendor:/opt/ros/jazzy/opt/gz_transport_vendor:/opt/ros/jazzy/opt/gz_rendering_vendor:/opt/ros/jazzy/opt/gz_plugin_vendor:/opt/ros/jazzy/opt/gz_fuel_tools_vendor:/opt/ros/jazzy/opt/gz_msgs_vendor:/opt/ros/jazzy/opt/gz_common_vendor:/opt/ros/jazzy/opt/gz_math_vendor:/opt/ros/jazzy/opt/gz_utils_vendor:/opt/ros/jazzy/opt/gz_tools_vendor:/opt/ros/jazzy/opt/gz_ogre_next_vendor:/opt/ros/jazzy/opt/gz_dartsim_vendor:/opt/ros/jazzy/opt/gz_cmake_vendor:/home/zach/arphi_driver/install/arphi_controllers:/opt/ros/jazzy DEBUGINFOD_URLS=https://debuginfod.ubuntu.com /usr/bin/cmake --build /home/zach/arphi_driver/build/arphi_gazebo -- -j16 -l16
[0.610s] DEBUG:colcon.colcon_core.event_handler.log_command:Invoked command in '/home/zach/arphi_driver/build/arphi_moveit' returned '0': CMAKE_PREFIX_PATH=${CMAKE_PREFIX_PATH}:/home/zach/arphi_driver/install/arphi_controllers:/opt/ros/jazzy DEBUGINFOD_URLS=https://debuginfod.ubuntu.com /usr/bin/cmake --build /home/zach/arphi_driver/build/arphi_moveit -- -j16 -l16
[0.610s] DEBUG:colcon.colcon_core.event_handler.log_command:Invoking command in '/home/zach/arphi_driver/build/arphi_moveit': CMAKE_PREFIX_PATH=${CMAKE_PREFIX_PATH}:/home/zach/arphi_driver/install/arphi_controllers:/opt/ros/jazzy DEBUGINFOD_URLS=https://debuginfod.ubuntu.com /usr/bin/cmake --install /home/zach/arphi_driver/build/arphi_moveit
[0.622s] Level 1:colcon.colcon_core.environment:create_environment_scripts_only(arphi_moveit)
[0.622s] DEBUG:colcon.colcon_core.event_handler.log_command:Invoked command in '/home/zach/arphi_driver/build/arphi_moveit' returned '0': CMAKE_PREFIX_PATH=${CMAKE_PREFIX_PATH}:/home/zach/arphi_driver/install/arphi_controllers:/opt/ros/jazzy DEBUGINFOD_URLS=https://debuginfod.ubuntu.com /usr/bin/cmake --install /home/zach/arphi_driver/build/arphi_moveit
[0.622s] Level 1:colcon.colcon_core.environment:checking '/home/zach/arphi_driver/install/arphi_moveit' for CMake module files
[0.623s] Level 1:colcon.colcon_core.environment:checking '/home/zach/arphi_driver/install/arphi_moveit' for CMake config files
[0.623s] Level 1:colcon.colcon_core.shell:create_environment_hook('arphi_moveit', 'cmake_prefix_path')
[0.623s] INFO:colcon.colcon_core.shell:Creating environment hook '/home/zach/arphi_driver/install/arphi_moveit/share/arphi_moveit/hook/cmake_prefix_path.ps1'
[0.624s] INFO:colcon.colcon_core.shell:Creating environment descriptor '/home/zach/arphi_driver/install/arphi_moveit/share/arphi_moveit/hook/cmake_prefix_path.dsv'
[0.624s] INFO:colcon.colcon_core.shell:Creating environment hook '/home/zach/arphi_driver/install/arphi_moveit/share/arphi_moveit/hook/cmake_prefix_path.sh'
[0.624s] Level 1:colcon.colcon_core.environment:checking '/home/zach/arphi_driver/install/arphi_moveit/bin'
[0.624s] Level 1:colcon.colcon_core.environment:checking '/home/zach/arphi_driver/install/arphi_moveit/lib/pkgconfig/arphi_moveit.pc'
[0.625s] Level 1:colcon.colcon_core.environment:checking '/home/zach/arphi_driver/install/arphi_moveit/lib/python3.12/site-packages'
[0.625s] Level 1:colcon.colcon_core.environment:checking '/home/zach/arphi_driver/install/arphi_moveit/bin'
[0.625s] INFO:colcon.colcon_core.shell:Creating package script '/home/zach/arphi_driver/install/arphi_moveit/share/arphi_moveit/package.ps1'
[0.625s] INFO:colcon.colcon_core.shell:Creating package descriptor '/home/zach/arphi_driver/install/arphi_moveit/share/arphi_moveit/package.dsv'
[0.626s] INFO:colcon.colcon_core.shell:Creating package script '/home/zach/arphi_driver/install/arphi_moveit/share/arphi_moveit/package.sh'
[0.626s] INFO:colcon.colcon_core.shell:Creating package script '/home/zach/arphi_driver/install/arphi_moveit/share/arphi_moveit/package.bash'
[0.626s] INFO:colcon.colcon_core.shell:Creating package script '/home/zach/arphi_driver/install/arphi_moveit/share/arphi_moveit/package.zsh'
[0.626s] Level 1:colcon.colcon_core.environment:create_file_with_runtime_dependencies(/home/zach/arphi_driver/install/arphi_moveit/share/colcon-core/packages/arphi_moveit)
[0.627s] Level 1:colcon.colcon_core.environment:create_environment_scripts_only(arphi_moveit)
[0.627s] Level 1:colcon.colcon_core.environment:checking '/home/zach/arphi_driver/install/arphi_moveit' for CMake module files
[0.627s] Level 1:colcon.colcon_core.environment:checking '/home/zach/arphi_driver/install/arphi_moveit' for CMake config files
[0.628s] Level 1:colcon.colcon_core.shell:create_environment_hook('arphi_moveit', 'cmake_prefix_path')
[0.628s] INFO:colcon.colcon_core.shell:Creating environment hook '/home/zach/arphi_driver/install/arphi_moveit/share/arphi_moveit/hook/cmake_prefix_path.ps1'
[0.628s] INFO:colcon.colcon_core.shell:Creating environment descriptor '/home/zach/arphi_driver/install/arphi_moveit/share/arphi_moveit/hook/cmake_prefix_path.dsv'
[0.628s] INFO:colcon.colcon_core.shell:Creating environment hook '/home/zach/arphi_driver/install/arphi_moveit/share/arphi_moveit/hook/cmake_prefix_path.sh'
[0.629s] Level 1:colcon.colcon_core.environment:checking '/home/zach/arphi_driver/install/arphi_moveit/bin'
[0.629s] Level 1:colcon.colcon_core.environment:checking '/home/zach/arphi_driver/install/arphi_moveit/lib/pkgconfig/arphi_moveit.pc'
[0.629s] Level 1:colcon.colcon_core.environment:checking '/home/zach/arphi_driver/install/arphi_moveit/lib/python3.12/site-packages'
[0.630s] Level 1:colcon.colcon_core.environment:checking '/home/zach/arphi_driver/install/arphi_moveit/bin'
[0.630s] INFO:colcon.colcon_core.shell:Creating package script '/home/zach/arphi_driver/install/arphi_moveit/share/arphi_moveit/package.ps1'
[0.630s] INFO:colcon.colcon_core.shell:Creating package descriptor '/home/zach/arphi_driver/install/arphi_moveit/share/arphi_moveit/package.dsv'
[0.631s] INFO:colcon.colcon_core.shell:Creating package script '/home/zach/arphi_driver/install/arphi_moveit/share/arphi_moveit/package.sh'
[0.631s] INFO:colcon.colcon_core.shell:Creating package script '/home/zach/arphi_driver/install/arphi_moveit/share/arphi_moveit/package.bash'
[0.632s] INFO:colcon.colcon_core.shell:Creating package script '/home/zach/arphi_driver/install/arphi_moveit/share/arphi_moveit/package.zsh'
[0.632s] Level 1:colcon.colcon_core.environment:create_file_with_runtime_dependencies(/home/zach/arphi_driver/install/arphi_moveit/share/colcon-core/packages/arphi_moveit)
[0.659s] DEBUG:colcon.colcon_core.event_handler.log_command:Invoked command in '/home/zach/arphi_driver/build/arphi_gazebo' returned '0': CMAKE_PREFIX_PATH=/home/zach/arphi_driver/install/arphi_description:/home/zach/ar4_ros_driver/install/annin_ar4_moveit_config:/home/zach/ar4_ros_driver/install/annin_ar4_gazebo:/home/zach/ar4_ros_driver/install/annin_ar4_driver:/home/zach/ar4_ros_driver/install/annin_ar4_description:/home/zach/arphi_driver/install/interfaces:/home/zach/arphi_driver/install/arphi_interfaces:/home/zach/arphi_driver/install/arphi_moveit:/home/zach/arphi_driver/install/arphi_gazebo:/opt/ros/jazzy/opt/gz_sim_vendor:/opt/ros/jazzy/opt/gz_sensors_vendor:/opt/ros/jazzy/opt/gz_physics_vendor:/opt/ros/jazzy/opt/sdformat_vendor:/opt/ros/jazzy/opt/gz_gui_vendor:/opt/ros/jazzy/opt/gz_transport_vendor:/opt/ros/jazzy/opt/gz_rendering_vendor:/opt/ros/jazzy/opt/gz_plugin_vendor:/opt/ros/jazzy/opt/gz_fuel_tools_vendor:/opt/ros/jazzy/opt/gz_msgs_vendor:/opt/ros/jazzy/opt/gz_common_vendor:/opt/ros/jazzy/opt/gz_math_vendor:/opt/ros/jazzy/opt/gz_utils_vendor:/opt/ros/jazzy/opt/gz_tools_vendor:/opt/ros/jazzy/opt/gz_ogre_next_vendor:/opt/ros/jazzy/opt/gz_dartsim_vendor:/opt/ros/jazzy/opt/gz_cmake_vendor:/home/zach/arphi_driver/install/arphi_controllers:/opt/ros/jazzy DEBUGINFOD_URLS=https://debuginfod.ubuntu.com /usr/bin/cmake --build /home/zach/arphi_driver/build/arphi_gazebo -- -j16 -l16
[0.659s] DEBUG:colcon.colcon_core.event_handler.log_command:Invoking command in '/home/zach/arphi_driver/build/arphi_gazebo': CMAKE_PREFIX_PATH=/home/zach/arphi_driver/install/arphi_description:/home/zach/ar4_ros_driver/install/annin_ar4_moveit_config:/home/zach/ar4_ros_driver/install/annin_ar4_gazebo:/home/zach/ar4_ros_driver/install/annin_ar4_driver:/home/zach/ar4_ros_driver/install/annin_ar4_description:/home/zach/arphi_driver/install/interfaces:/home/zach/arphi_driver/install/arphi_interfaces:/home/zach/arphi_driver/install/arphi_moveit:/home/zach/arphi_driver/install/arphi_gazebo:/opt/ros/jazzy/opt/gz_sim_vendor:/opt/ros/jazzy/opt/gz_sensors_vendor:/opt/ros/jazzy/opt/gz_physics_vendor:/opt/ros/jazzy/opt/sdformat_vendor:/opt/ros/jazzy/opt/gz_gui_vendor:/opt/ros/jazzy/opt/gz_transport_vendor:/opt/ros/jazzy/opt/gz_rendering_vendor:/opt/ros/jazzy/opt/gz_plugin_vendor:/opt/ros/jazzy/opt/gz_fuel_tools_vendor:/opt/ros/jazzy/opt/gz_msgs_vendor:/opt/ros/jazzy/opt/gz_common_vendor:/opt/ros/jazzy/opt/gz_math_vendor:/opt/ros/jazzy/opt/gz_utils_vendor:/opt/ros/jazzy/opt/gz_tools_vendor:/opt/ros/jazzy/opt/gz_ogre_next_vendor:/opt/ros/jazzy/opt/gz_dartsim_vendor:/opt/ros/jazzy/opt/gz_cmake_vendor:/home/zach/arphi_driver/install/arphi_controllers:/opt/ros/jazzy DEBUGINFOD_URLS=https://debuginfod.ubuntu.com /usr/bin/cmake --install /home/zach/arphi_driver/build/arphi_gazebo
[0.670s] Level 1:colcon.colcon_core.environment:create_environment_scripts_only(arphi_gazebo)
[0.670s] Level 1:colcon.colcon_core.environment:checking '/home/zach/arphi_driver/install/arphi_gazebo' for CMake module files
[0.670s] DEBUG:colcon.colcon_core.event_handler.log_command:Invoked command in '/home/zach/arphi_driver/build/arphi_gazebo' returned '0': CMAKE_PREFIX_PATH=/home/zach/arphi_driver/install/arphi_description:/home/zach/ar4_ros_driver/install/annin_ar4_moveit_config:/home/zach/ar4_ros_driver/install/annin_ar4_gazebo:/home/zach/ar4_ros_driver/install/annin_ar4_driver:/home/zach/ar4_ros_driver/install/annin_ar4_description:/home/zach/arphi_driver/install/interfaces:/home/zach/arphi_driver/install/arphi_interfaces:/home/zach/arphi_driver/install/arphi_moveit:/home/zach/arphi_driver/install/arphi_gazebo:/opt/ros/jazzy/opt/gz_sim_vendor:/opt/ros/jazzy/opt/gz_sensors_vendor:/opt/ros/jazzy/opt/gz_physics_vendor:/opt/ros/jazzy/opt/sdformat_vendor:/opt/ros/jazzy/opt/gz_gui_vendor:/opt/ros/jazzy/opt/gz_transport_vendor:/opt/ros/jazzy/opt/gz_rendering_vendor:/opt/ros/jazzy/opt/gz_plugin_vendor:/opt/ros/jazzy/opt/gz_fuel_tools_vendor:/opt/ros/jazzy/opt/gz_msgs_vendor:/opt/ros/jazzy/opt/gz_common_vendor:/opt/ros/jazzy/opt/gz_math_vendor:/opt/ros/jazzy/opt/gz_utils_vendor:/opt/ros/jazzy/opt/gz_tools_vendor:/opt/ros/jazzy/opt/gz_ogre_next_vendor:/opt/ros/jazzy/opt/gz_dartsim_vendor:/opt/ros/jazzy/opt/gz_cmake_vendor:/home/zach/arphi_driver/install/arphi_controllers:/opt/ros/jazzy DEBUGINFOD_URLS=https://debuginfod.ubuntu.com /usr/bin/cmake --install /home/zach/arphi_driver/build/arphi_gazebo
[0.671s] Level 1:colcon.colcon_core.environment:checking '/home/zach/arphi_driver/install/arphi_gazebo' for CMake config files
[0.671s] Level 1:colcon.colcon_core.shell:create_environment_hook('arphi_gazebo', 'cmake_prefix_path')
[0.672s] INFO:colcon.colcon_core.shell:Creating environment hook '/home/zach/arphi_driver/install/arphi_gazebo/share/arphi_gazebo/hook/cmake_prefix_path.ps1'
[0.672s] INFO:colcon.colcon_core.shell:Creating environment descriptor '/home/zach/arphi_driver/install/arphi_gazebo/share/arphi_gazebo/hook/cmake_prefix_path.dsv'
[0.672s] INFO:colcon.colcon_core.shell:Creating environment hook '/home/zach/arphi_driver/install/arphi_gazebo/share/arphi_gazebo/hook/cmake_prefix_path.sh'
[0.673s] Level 1:colcon.colcon_core.environment:checking '/home/zach/arphi_driver/install/arphi_gazebo/bin'
[0.673s] Level 1:colcon.colcon_core.environment:checking '/home/zach/arphi_driver/install/arphi_gazebo/lib/pkgconfig/arphi_gazebo.pc'
[0.673s] Level 1:colcon.colcon_core.environment:checking '/home/zach/arphi_driver/install/arphi_gazebo/lib/python3.12/site-packages'
[0.673s] Level 1:colcon.colcon_core.environment:checking '/home/zach/arphi_driver/install/arphi_gazebo/bin'
[0.673s] INFO:colcon.colcon_core.shell:Creating package script '/home/zach/arphi_driver/install/arphi_gazebo/share/arphi_gazebo/package.ps1'
[0.674s] INFO:colcon.colcon_core.shell:Creating package descriptor '/home/zach/arphi_driver/install/arphi_gazebo/share/arphi_gazebo/package.dsv'
[0.674s] INFO:colcon.colcon_core.shell:Creating package script '/home/zach/arphi_driver/install/arphi_gazebo/share/arphi_gazebo/package.sh'
[0.675s] INFO:colcon.colcon_core.shell:Creating package script '/home/zach/arphi_driver/install/arphi_gazebo/share/arphi_gazebo/package.bash'
[0.675s] INFO:colcon.colcon_core.shell:Creating package script '/home/zach/arphi_driver/install/arphi_gazebo/share/arphi_gazebo/package.zsh'
[0.675s] Level 1:colcon.colcon_core.environment:create_file_with_runtime_dependencies(/home/zach/arphi_driver/install/arphi_gazebo/share/colcon-core/packages/arphi_gazebo)
[0.676s] Level 1:colcon.colcon_core.environment:create_environment_scripts_only(arphi_gazebo)
[0.676s] Level 1:colcon.colcon_core.environment:checking '/home/zach/arphi_driver/install/arphi_gazebo' for CMake module files
[0.676s] Level 1:colcon.colcon_core.environment:checking '/home/zach/arphi_driver/install/arphi_gazebo' for CMake config files
[0.676s] Level 1:colcon.colcon_core.shell:create_environment_hook('arphi_gazebo', 'cmake_prefix_path')
[0.676s] INFO:colcon.colcon_core.shell:Creating environment hook '/home/zach/arphi_driver/install/arphi_gazebo/share/arphi_gazebo/hook/cmake_prefix_path.ps1'
[0.677s] INFO:colcon.colcon_core.shell:Creating environment descriptor '/home/zach/arphi_driver/install/arphi_gazebo/share/arphi_gazebo/hook/cmake_prefix_path.dsv'
[0.677s] INFO:colcon.colcon_core.shell:Creating environment hook '/home/zach/arphi_driver/install/arphi_gazebo/share/arphi_gazebo/hook/cmake_prefix_path.sh'
[0.677s] Level 1:colcon.colcon_core.environment:checking '/home/zach/arphi_driver/install/arphi_gazebo/bin'
[0.677s] Level 1:colcon.colcon_core.environment:checking '/home/zach/arphi_driver/install/arphi_gazebo/lib/pkgconfig/arphi_gazebo.pc'
[0.677s] Level 1:colcon.colcon_core.environment:checking '/home/zach/arphi_driver/install/arphi_gazebo/lib/python3.12/site-packages'
[0.678s] Level 1:colcon.colcon_core.environment:checking '/home/zach/arphi_driver/install/arphi_gazebo/bin'
[0.678s] INFO:colcon.colcon_core.shell:Creating package script '/home/zach/arphi_driver/install/arphi_gazebo/share/arphi_gazebo/package.ps1'
[0.678s] INFO:colcon.colcon_core.shell:Creating package descriptor '/home/zach/arphi_driver/install/arphi_gazebo/share/arphi_gazebo/package.dsv'
[0.678s] INFO:colcon.colcon_core.shell:Creating package script '/home/zach/arphi_driver/install/arphi_gazebo/share/arphi_gazebo/package.sh'
[0.679s] INFO:colcon.colcon_core.shell:Creating package script '/home/zach/arphi_driver/install/arphi_gazebo/share/arphi_gazebo/package.bash'
[0.679s] INFO:colcon.colcon_core.shell:Creating package script '/home/zach/arphi_driver/install/arphi_gazebo/share/arphi_gazebo/package.zsh'
[0.679s] Level 1:colcon.colcon_core.environment:create_file_with_runtime_dependencies(/home/zach/arphi_driver/install/arphi_gazebo/share/colcon-core/packages/arphi_gazebo)
[0.886s] DEBUG:colcon.colcon_core.event_handler.log_command:Invoked command in '/home/zach/arphi_driver/build/arphi_interfaces' returned '0': CMAKE_PREFIX_PATH=${CMAKE_PREFIX_PATH}:/home/zach/arphi_driver/install/arphi_controllers:/opt/ros/jazzy DEBUGINFOD_URLS=https://debuginfod.ubuntu.com /usr/bin/cmake --build /home/zach/arphi_driver/build/arphi_interfaces -- -j16 -l16
[0.887s] DEBUG:colcon.colcon_core.event_handler.log_command:Invoking command in '/home/zach/arphi_driver/build/arphi_interfaces': CMAKE_PREFIX_PATH=${CMAKE_PREFIX_PATH}:/home/zach/arphi_driver/install/arphi_controllers:/opt/ros/jazzy DEBUGINFOD_URLS=https://debuginfod.ubuntu.com /usr/bin/cmake --install /home/zach/arphi_driver/build/arphi_interfaces
[0.931s] Level 1:colcon.colcon_core.environment:create_environment_scripts_only(arphi_interfaces)
[0.932s] DEBUG:colcon.colcon_core.event_handler.log_command:Invoked command in '/home/zach/arphi_driver/build/arphi_interfaces' returned '0': CMAKE_PREFIX_PATH=${CMAKE_PREFIX_PATH}:/home/zach/arphi_driver/install/arphi_controllers:/opt/ros/jazzy DEBUGINFOD_URLS=https://debuginfod.ubuntu.com /usr/bin/cmake --install /home/zach/arphi_driver/build/arphi_interfaces
[0.933s] Level 1:colcon.colcon_core.environment:checking '/home/zach/arphi_driver/install/arphi_interfaces' for CMake module files
[0.933s] Level 1:colcon.colcon_core.environment:checking '/home/zach/arphi_driver/install/arphi_interfaces' for CMake config files
[0.934s] Level 1:colcon.colcon_core.shell:create_environment_hook('arphi_interfaces', 'cmake_prefix_path')
[0.934s] INFO:colcon.colcon_core.shell:Creating environment hook '/home/zach/arphi_driver/install/arphi_interfaces/share/arphi_interfaces/hook/cmake_prefix_path.ps1'
[0.934s] INFO:colcon.colcon_core.shell:Creating environment descriptor '/home/zach/arphi_driver/install/arphi_interfaces/share/arphi_interfaces/hook/cmake_prefix_path.dsv'
[0.934s] INFO:colcon.colcon_core.shell:Creating environment hook '/home/zach/arphi_driver/install/arphi_interfaces/share/arphi_interfaces/hook/cmake_prefix_path.sh'
[0.935s] Level 1:colcon.colcon_core.environment:checking '/home/zach/arphi_driver/install/arphi_interfaces/lib'
[0.935s] Level 1:colcon.colcon_core.shell:create_environment_hook('arphi_interfaces', 'ld_library_path_lib')
[0.935s] INFO:colcon.colcon_core.shell:Creating environment hook '/home/zach/arphi_driver/install/arphi_interfaces/share/arphi_interfaces/hook/ld_library_path_lib.ps1'
[0.935s] INFO:colcon.colcon_core.shell:Creating environment descriptor '/home/zach/arphi_driver/install/arphi_interfaces/share/arphi_interfaces/hook/ld_library_path_lib.dsv'
[0.936s] INFO:colcon.colcon_core.shell:Creating environment hook '/home/zach/arphi_driver/install/arphi_interfaces/share/arphi_interfaces/hook/ld_library_path_lib.sh'
[0.936s] Level 1:colcon.colcon_core.environment:checking '/home/zach/arphi_driver/install/arphi_interfaces/bin'
[0.936s] Level 1:colcon.colcon_core.environment:checking '/home/zach/arphi_driver/install/arphi_interfaces/lib/pkgconfig/arphi_interfaces.pc'
[0.936s] Level 1:colcon.colcon_core.environment:checking '/home/zach/arphi_driver/install/arphi_interfaces/lib/python3.12/site-packages'
[0.936s] Level 1:colcon.colcon_core.shell:create_environment_hook('arphi_interfaces', 'pythonpath')
[0.936s] INFO:colcon.colcon_core.shell:Creating environment hook '/home/zach/arphi_driver/install/arphi_interfaces/share/arphi_interfaces/hook/pythonpath.ps1'
[0.937s] INFO:colcon.colcon_core.shell:Creating environment descriptor '/home/zach/arphi_driver/install/arphi_interfaces/share/arphi_interfaces/hook/pythonpath.dsv'
[0.937s] INFO:colcon.colcon_core.shell:Creating environment hook '/home/zach/arphi_driver/install/arphi_interfaces/share/arphi_interfaces/hook/pythonpath.sh'
[0.937s] Level 1:colcon.colcon_core.environment:checking '/home/zach/arphi_driver/install/arphi_interfaces/bin'
[0.937s] INFO:colcon.colcon_core.shell:Creating package script '/home/zach/arphi_driver/install/arphi_interfaces/share/arphi_interfaces/package.ps1'
[0.938s] INFO:colcon.colcon_core.shell:Creating package descriptor '/home/zach/arphi_driver/install/arphi_interfaces/share/arphi_interfaces/package.dsv'
[0.938s] INFO:colcon.colcon_core.shell:Creating package script '/home/zach/arphi_driver/install/arphi_interfaces/share/arphi_interfaces/package.sh'
[0.938s] INFO:colcon.colcon_core.shell:Creating package script '/home/zach/arphi_driver/install/arphi_interfaces/share/arphi_interfaces/package.bash'
[0.939s] INFO:colcon.colcon_core.shell:Creating package script '/home/zach/arphi_driver/install/arphi_interfaces/share/arphi_interfaces/package.zsh'
[0.939s] Level 1:colcon.colcon_core.environment:create_file_with_runtime_dependencies(/home/zach/arphi_driver/install/arphi_interfaces/share/colcon-core/packages/arphi_interfaces)
[0.939s] Level 1:colcon.colcon_core.environment:create_environment_scripts_only(arphi_interfaces)
[0.940s] Level 1:colcon.colcon_core.environment:checking '/home/zach/arphi_driver/install/arphi_interfaces' for CMake module files
[0.940s] Level 1:colcon.colcon_core.environment:checking '/home/zach/arphi_driver/install/arphi_interfaces' for CMake config files
[0.940s] Level 1:colcon.colcon_core.shell:create_environment_hook('arphi_interfaces', 'cmake_prefix_path')
[0.940s] INFO:colcon.colcon_core.shell:Creating environment hook '/home/zach/arphi_driver/install/arphi_interfaces/share/arphi_interfaces/hook/cmake_prefix_path.ps1'
[0.941s] INFO:colcon.colcon_core.shell:Creating environment descriptor '/home/zach/arphi_driver/install/arphi_interfaces/share/arphi_interfaces/hook/cmake_prefix_path.dsv'
[0.941s] INFO:colcon.colcon_core.shell:Creating environment hook '/home/zach/arphi_driver/install/arphi_interfaces/share/arphi_interfaces/hook/cmake_prefix_path.sh'
[0.941s] Level 1:colcon.colcon_core.environment:checking '/home/zach/arphi_driver/install/arphi_interfaces/lib'
[0.941s] Level 1:colcon.colcon_core.shell:create_environment_hook('arphi_interfaces', 'ld_library_path_lib')
[0.942s] INFO:colcon.colcon_core.shell:Creating environment hook '/home/zach/arphi_driver/install/arphi_interfaces/share/arphi_interfaces/hook/ld_library_path_lib.ps1'
[0.942s] INFO:colcon.colcon_core.shell:Creating environment descriptor '/home/zach/arphi_driver/install/arphi_interfaces/share/arphi_interfaces/hook/ld_library_path_lib.dsv'
[0.943s] INFO:colcon.colcon_core.shell:Creating environment hook '/home/zach/arphi_driver/install/arphi_interfaces/share/arphi_interfaces/hook/ld_library_path_lib.sh'
[0.943s] Level 1:colcon.colcon_core.environment:checking '/home/zach/arphi_driver/install/arphi_interfaces/bin'
[0.943s] Level 1:colcon.colcon_core.environment:checking '/home/zach/arphi_driver/install/arphi_interfaces/lib/pkgconfig/arphi_interfaces.pc'
[0.943s] Level 1:colcon.colcon_core.environment:checking '/home/zach/arphi_driver/install/arphi_interfaces/lib/python3.12/site-packages'
[0.943s] Level 1:colcon.colcon_core.shell:create_environment_hook('arphi_interfaces', 'pythonpath')
[0.943s] INFO:colcon.colcon_core.shell:Creating environment hook '/home/zach/arphi_driver/install/arphi_interfaces/share/arphi_interfaces/hook/pythonpath.ps1'
[0.943s] INFO:colcon.colcon_core.shell:Creating environment descriptor '/home/zach/arphi_driver/install/arphi_interfaces/share/arphi_interfaces/hook/pythonpath.dsv'
[0.943s] INFO:colcon.colcon_core.shell:Creating environment hook '/home/zach/arphi_driver/install/arphi_interfaces/share/arphi_interfaces/hook/pythonpath.sh'
[0.944s] Level 1:colcon.colcon_core.environment:checking '/home/zach/arphi_driver/install/arphi_interfaces/bin'
[0.944s] INFO:colcon.colcon_core.shell:Creating package script '/home/zach/arphi_driver/install/arphi_interfaces/share/arphi_interfaces/package.ps1'
[0.944s] INFO:colcon.colcon_core.shell:Creating package descriptor '/home/zach/arphi_driver/install/arphi_interfaces/share/arphi_interfaces/package.dsv'
[0.944s] INFO:colcon.colcon_core.shell:Creating package script '/home/zach/arphi_driver/install/arphi_interfaces/share/arphi_interfaces/package.sh'
[0.945s] INFO:colcon.colcon_core.shell:Creating package script '/home/zach/arphi_driver/install/arphi_interfaces/share/arphi_interfaces/package.bash'
[0.945s] INFO:colcon.colcon_core.shell:Creating package script '/home/zach/arphi_driver/install/arphi_interfaces/share/arphi_interfaces/package.zsh'
[0.945s] Level 1:colcon.colcon_core.environment:create_file_with_runtime_dependencies(/home/zach/arphi_driver/install/arphi_interfaces/share/colcon-core/packages/arphi_interfaces)
[0.981s] DEBUG:colcon.colcon_core.event_handler.log_command:Invoking command in '/home/zach/arphi_driver/src/arphi_controllers': DEBUGINFOD_URLS=https://debuginfod.ubuntu.com PYTHONPATH=/home/zach/arphi_driver/build/arphi_controllers/prefix_override:/usr/lib/python3/dist-packages/colcon_core/task/python/colcon_distutils_commands:/home/zach/arphi_driver/install/arphi_controllers/lib/python3.12/site-packages:${PYTHONPATH} /usr/bin/python3 -W ignore:setup.py install is deprecated -W ignore:easy_install command is deprecated setup.py egg_info --egg-base ../../build/arphi_controllers build --build-base /home/zach/arphi_driver/build/arphi_controllers/build install --record /home/zach/arphi_driver/build/arphi_controllers/install.log --single-version-externally-managed
[1.263s] Level 1:colcon.colcon_core.environment:checking '/home/zach/arphi_driver/install/arphi_controllers' for CMake module files
[1.264s] DEBUG:colcon.colcon_core.event_handler.log_command:Invoked command in '/home/zach/arphi_driver/src/arphi_controllers' returned '0': DEBUGINFOD_URLS=https://debuginfod.ubuntu.com PYTHONPATH=/home/zach/arphi_driver/build/arphi_controllers/prefix_override:/usr/lib/python3/dist-packages/colcon_core/task/python/colcon_distutils_commands:/home/zach/arphi_driver/install/arphi_controllers/lib/python3.12/site-packages:${PYTHONPATH} /usr/bin/python3 -W ignore:setup.py install is deprecated -W ignore:easy_install command is deprecated setup.py egg_info --egg-base ../../build/arphi_controllers build --build-base /home/zach/arphi_driver/build/arphi_controllers/build install --record /home/zach/arphi_driver/build/arphi_controllers/install.log --single-version-externally-managed
[1.264s] Level 1:colcon.colcon_core.environment:checking '/home/zach/arphi_driver/install/arphi_controllers' for CMake config files
[1.264s] Level 1:colcon.colcon_core.environment:checking '/home/zach/arphi_driver/install/arphi_controllers/lib'
[1.264s] Level 1:colcon.colcon_core.environment:checking '/home/zach/arphi_driver/install/arphi_controllers/bin'
[1.265s] Level 1:colcon.colcon_core.environment:checking '/home/zach/arphi_driver/install/arphi_controllers/lib/pkgconfig/arphi_controllers.pc'
[1.265s] Level 1:colcon.colcon_core.environment:checking '/home/zach/arphi_driver/install/arphi_controllers/lib/python3.12/site-packages'
[1.265s] Level 1:colcon.colcon_core.shell:create_environment_hook('arphi_controllers', 'pythonpath')
[1.265s] INFO:colcon.colcon_core.shell:Creating environment hook '/home/zach/arphi_driver/install/arphi_controllers/share/arphi_controllers/hook/pythonpath.ps1'
[1.265s] INFO:colcon.colcon_core.shell:Creating environment descriptor '/home/zach/arphi_driver/install/arphi_controllers/share/arphi_controllers/hook/pythonpath.dsv'
[1.265s] INFO:colcon.colcon_core.shell:Creating environment hook '/home/zach/arphi_driver/install/arphi_controllers/share/arphi_controllers/hook/pythonpath.sh'
[1.266s] Level 1:colcon.colcon_core.environment:checking '/home/zach/arphi_driver/install/arphi_controllers/bin'
[1.266s] Level 1:colcon.colcon_core.environment:create_environment_scripts_only(arphi_controllers)
[1.266s] INFO:colcon.colcon_core.shell:Creating package script '/home/zach/arphi_driver/install/arphi_controllers/share/arphi_controllers/package.ps1'
[1.266s] INFO:colcon.colcon_core.shell:Creating package descriptor '/home/zach/arphi_driver/install/arphi_controllers/share/arphi_controllers/package.dsv'
[1.266s] INFO:colcon.colcon_core.shell:Creating package script '/home/zach/arphi_driver/install/arphi_controllers/share/arphi_controllers/package.sh'
[1.266s] INFO:colcon.colcon_core.shell:Creating package script '/home/zach/arphi_driver/install/arphi_controllers/share/arphi_controllers/package.bash'
[1.267s] INFO:colcon.colcon_core.shell:Creating package script '/home/zach/arphi_driver/install/arphi_controllers/share/arphi_controllers/package.zsh'
[1.267s] Level 1:colcon.colcon_core.environment:create_file_with_runtime_dependencies(/home/zach/arphi_driver/install/arphi_controllers/share/colcon-core/packages/arphi_controllers)
[1.267s] DEBUG:colcon.colcon_parallel_executor.executor.parallel:closing loop
[1.267s] DEBUG:colcon.colcon_parallel_executor.executor.parallel:loop closed
[1.267s] DEBUG:colcon.colcon_parallel_executor.executor.parallel:run_until_complete finished with '0'
[1.267s] DEBUG:colcon.colcon_core.event_reactor:joining thread
[1.272s] INFO:colcon.colcon_core.plugin_system:Skipping extension 'colcon_notification.desktop_notification.terminal_notifier': Not used on non-Darwin systems
[1.272s] INFO:colcon.colcon_core.plugin_system:Skipping extension 'colcon_notification.desktop_notification.win32': Not used on non-Windows systems
[1.272s] INFO:colcon.colcon_notification.desktop_notification:Sending desktop notification using 'notify2'
[1.280s] DEBUG:colcon.colcon_core.event_reactor:joined thread
[1.280s] INFO:colcon.colcon_core.shell:Creating prefix script '/home/zach/arphi_driver/install/local_setup.ps1'
[1.281s] INFO:colcon.colcon_core.shell:Creating prefix util module '/home/zach/arphi_driver/install/_local_setup_util_ps1.py'
[1.282s] INFO:colcon.colcon_core.shell:Creating prefix chain script '/home/zach/arphi_driver/install/setup.ps1'
[1.282s] INFO:colcon.colcon_core.shell:Creating prefix script '/home/zach/arphi_driver/install/local_setup.sh'
[1.283s] INFO:colcon.colcon_core.shell:Creating prefix util module '/home/zach/arphi_driver/install/_local_setup_util_sh.py'
[1.283s] INFO:colcon.colcon_core.shell:Creating prefix chain script '/home/zach/arphi_driver/install/setup.sh'
[1.283s] INFO:colcon.colcon_core.shell:Creating prefix script '/home/zach/arphi_driver/install/local_setup.bash'
[1.284s] INFO:colcon.colcon_core.shell:Creating prefix chain script '/home/zach/arphi_driver/install/setup.bash'
[1.284s] INFO:colcon.colcon_core.shell:Creating prefix script '/home/zach/arphi_driver/install/local_setup.zsh'
[1.285s] INFO:colcon.colcon_core.shell:Creating prefix chain script '/home/zach/arphi_driver/install/setup.zsh'
