[  2%] Built target arphi_interfaces__rosidl_generator_type_description
[  2%] Built target ament_cmake_python_copy_arphi_interfaces
[  5%] Built target arphi_interfaces__cpp
[ 20%] Built target arphi_interfaces__rosidl_generator_c
[ 29%] Built target arphi_interfaces__rosidl_typesupport_introspection_c
[ 38%] Built target arphi_interfaces__rosidl_typesupport_introspection_cpp
[ 47%] Built target arphi_interfaces__rosidl_typesupport_c
[ 61%] Built target arphi_interfaces__rosidl_typesupport_fastrtps_c
[ 64%] Built target arphi_interfaces__rosidl_typesupport_cpp
[ 73%] Built target arphi_interfaces__rosidl_typesupport_fastrtps_cpp
[ 73%] Built target arphi_interfaces
[ 76%] Built target arphi_interfaces__py
[ 82%] Built target arphi_interfaces__rosidl_generator_py
[100%] Built target arphi_interfaces_s__rosidl_typesupport_c
[100%] Built target arphi_interfaces_s__rosidl_typesupport_fastrtps_c
[100%] Built target arphi_interfaces_s__rosidl_typesupport_introspection_c
running egg_info
writing arphi_interfaces.egg-info/PKG-INFO
writing dependency_links to arphi_interfaces.egg-info/dependency_links.txt
writing top-level names to arphi_interfaces.egg-info/top_level.txt
reading manifest file 'arphi_interfaces.egg-info/SOURCES.txt'
writing manifest file 'arphi_interfaces.egg-info/SOURCES.txt'
[100%] Built target ament_cmake_python_build_arphi_interfaces_egg
-- Install configuration: ""
-- Up-to-date: /home/zach/arphi_driver/install/arphi_interfaces/share/ament_index/resource_index/rosidl_interfaces/arphi_interfaces
-- Up-to-date: /home/zach/arphi_driver/install/arphi_interfaces/share/arphi_interfaces/msg/StepperCommands.json
-- Up-to-date: /home/zach/arphi_driver/install/arphi_interfaces/include/arphi_interfaces/arphi_interfaces
-- Up-to-date: /home/zach/arphi_driver/install/arphi_interfaces/include/arphi_interfaces/arphi_interfaces/msg
-- Up-to-date: /home/zach/arphi_driver/install/arphi_interfaces/include/arphi_interfaces/arphi_interfaces/msg/rosidl_generator_c__visibility_control.h
-- Up-to-date: /home/zach/arphi_driver/install/arphi_interfaces/include/arphi_interfaces/arphi_interfaces/msg/stepper_commands.h
-- Up-to-date: /home/zach/arphi_driver/install/arphi_interfaces/include/arphi_interfaces/arphi_interfaces/msg/detail
-- Up-to-date: /home/zach/arphi_driver/install/arphi_interfaces/include/arphi_interfaces/arphi_interfaces/msg/detail/stepper_commands__type_support.h
-- Up-to-date: /home/zach/arphi_driver/install/arphi_interfaces/include/arphi_interfaces/arphi_interfaces/msg/detail/stepper_commands__description.c
-- Up-to-date: /home/zach/arphi_driver/install/arphi_interfaces/include/arphi_interfaces/arphi_interfaces/msg/detail/stepper_commands__functions.h
-- Up-to-date: /home/zach/arphi_driver/install/arphi_interfaces/include/arphi_interfaces/arphi_interfaces/msg/detail/stepper_commands__struct.h
-- Up-to-date: /home/zach/arphi_driver/install/arphi_interfaces/include/arphi_interfaces/arphi_interfaces/msg/detail/stepper_commands__type_support.c
-- Up-to-date: /home/zach/arphi_driver/install/arphi_interfaces/include/arphi_interfaces/arphi_interfaces/msg/detail/stepper_commands__functions.c
-- Up-to-date: /home/zach/arphi_driver/install/arphi_interfaces/share/arphi_interfaces/environment/library_path.sh
-- Up-to-date: /home/zach/arphi_driver/install/arphi_interfaces/share/arphi_interfaces/environment/library_path.dsv
-- Up-to-date: /home/zach/arphi_driver/install/arphi_interfaces/lib/libarphi_interfaces__rosidl_generator_c.so
-- Up-to-date: /home/zach/arphi_driver/install/arphi_interfaces/include/arphi_interfaces/arphi_interfaces
-- Up-to-date: /home/zach/arphi_driver/install/arphi_interfaces/include/arphi_interfaces/arphi_interfaces/msg
-- Up-to-date: /home/zach/arphi_driver/install/arphi_interfaces/include/arphi_interfaces/arphi_interfaces/msg/rosidl_typesupport_fastrtps_c__visibility_control.h
-- Up-to-date: /home/zach/arphi_driver/install/arphi_interfaces/include/arphi_interfaces/arphi_interfaces/msg/detail
-- Up-to-date: /home/zach/arphi_driver/install/arphi_interfaces/include/arphi_interfaces/arphi_interfaces/msg/detail/stepper_commands__rosidl_typesupport_fastrtps_c.h
-- Up-to-date: /home/zach/arphi_driver/install/arphi_interfaces/lib/libarphi_interfaces__rosidl_typesupport_fastrtps_c.so
-- Up-to-date: /home/zach/arphi_driver/install/arphi_interfaces/include/arphi_interfaces/arphi_interfaces
-- Up-to-date: /home/zach/arphi_driver/install/arphi_interfaces/include/arphi_interfaces/arphi_interfaces/msg
-- Up-to-date: /home/zach/arphi_driver/install/arphi_interfaces/include/arphi_interfaces/arphi_interfaces/msg/rosidl_typesupport_introspection_c__visibility_control.h
-- Up-to-date: /home/zach/arphi_driver/install/arphi_interfaces/include/arphi_interfaces/arphi_interfaces/msg/detail
-- Up-to-date: /home/zach/arphi_driver/install/arphi_interfaces/include/arphi_interfaces/arphi_interfaces/msg/detail/stepper_commands__rosidl_typesupport_introspection_c.h
-- Up-to-date: /home/zach/arphi_driver/install/arphi_interfaces/include/arphi_interfaces/arphi_interfaces/msg/detail/stepper_commands__type_support.c
-- Up-to-date: /home/zach/arphi_driver/install/arphi_interfaces/lib/libarphi_interfaces__rosidl_typesupport_introspection_c.so
-- Up-to-date: /home/zach/arphi_driver/install/arphi_interfaces/lib/libarphi_interfaces__rosidl_typesupport_c.so
-- Up-to-date: /home/zach/arphi_driver/install/arphi_interfaces/include/arphi_interfaces/arphi_interfaces
-- Up-to-date: /home/zach/arphi_driver/install/arphi_interfaces/include/arphi_interfaces/arphi_interfaces/msg
-- Up-to-date: /home/zach/arphi_driver/install/arphi_interfaces/include/arphi_interfaces/arphi_interfaces/msg/rosidl_generator_cpp__visibility_control.hpp
-- Up-to-date: /home/zach/arphi_driver/install/arphi_interfaces/include/arphi_interfaces/arphi_interfaces/msg/stepper_commands.hpp
-- Up-to-date: /home/zach/arphi_driver/install/arphi_interfaces/include/arphi_interfaces/arphi_interfaces/msg/detail
-- Up-to-date: /home/zach/arphi_driver/install/arphi_interfaces/include/arphi_interfaces/arphi_interfaces/msg/detail/stepper_commands__builder.hpp
-- Up-to-date: /home/zach/arphi_driver/install/arphi_interfaces/include/arphi_interfaces/arphi_interfaces/msg/detail/stepper_commands__type_support.hpp
-- Up-to-date: /home/zach/arphi_driver/install/arphi_interfaces/include/arphi_interfaces/arphi_interfaces/msg/detail/stepper_commands__struct.hpp
-- Up-to-date: /home/zach/arphi_driver/install/arphi_interfaces/include/arphi_interfaces/arphi_interfaces/msg/detail/stepper_commands__traits.hpp
-- Up-to-date: /home/zach/arphi_driver/install/arphi_interfaces/include/arphi_interfaces/arphi_interfaces
-- Up-to-date: /home/zach/arphi_driver/install/arphi_interfaces/include/arphi_interfaces/arphi_interfaces/msg
-- Up-to-date: /home/zach/arphi_driver/install/arphi_interfaces/include/arphi_interfaces/arphi_interfaces/msg/rosidl_typesupport_fastrtps_cpp__visibility_control.h
-- Up-to-date: /home/zach/arphi_driver/install/arphi_interfaces/include/arphi_interfaces/arphi_interfaces/msg/detail
-- Up-to-date: /home/zach/arphi_driver/install/arphi_interfaces/include/arphi_interfaces/arphi_interfaces/msg/detail/dds_fastrtps
-- Up-to-date: /home/zach/arphi_driver/install/arphi_interfaces/include/arphi_interfaces/arphi_interfaces/msg/detail/stepper_commands__rosidl_typesupport_fastrtps_cpp.hpp
-- Up-to-date: /home/zach/arphi_driver/install/arphi_interfaces/lib/libarphi_interfaces__rosidl_typesupport_fastrtps_cpp.so
-- Up-to-date: /home/zach/arphi_driver/install/arphi_interfaces/include/arphi_interfaces/arphi_interfaces
-- Up-to-date: /home/zach/arphi_driver/install/arphi_interfaces/include/arphi_interfaces/arphi_interfaces/msg
-- Up-to-date: /home/zach/arphi_driver/install/arphi_interfaces/include/arphi_interfaces/arphi_interfaces/msg/detail
-- Up-to-date: /home/zach/arphi_driver/install/arphi_interfaces/include/arphi_interfaces/arphi_interfaces/msg/detail/stepper_commands__type_support.cpp
-- Up-to-date: /home/zach/arphi_driver/install/arphi_interfaces/include/arphi_interfaces/arphi_interfaces/msg/detail/stepper_commands__rosidl_typesupport_introspection_cpp.hpp
-- Up-to-date: /home/zach/arphi_driver/install/arphi_interfaces/lib/libarphi_interfaces__rosidl_typesupport_introspection_cpp.so
-- Up-to-date: /home/zach/arphi_driver/install/arphi_interfaces/lib/libarphi_interfaces__rosidl_typesupport_cpp.so
-- Up-to-date: /home/zach/arphi_driver/install/arphi_interfaces/share/arphi_interfaces/environment/pythonpath.sh
-- Up-to-date: /home/zach/arphi_driver/install/arphi_interfaces/share/arphi_interfaces/environment/pythonpath.dsv
-- Up-to-date: /home/zach/arphi_driver/install/arphi_interfaces/lib/python3.12/site-packages/arphi_interfaces-1.0.0-py3.12.egg-info
-- Installing: /home/zach/arphi_driver/install/arphi_interfaces/lib/python3.12/site-packages/arphi_interfaces-1.0.0-py3.12.egg-info/top_level.txt
-- Installing: /home/zach/arphi_driver/install/arphi_interfaces/lib/python3.12/site-packages/arphi_interfaces-1.0.0-py3.12.egg-info/SOURCES.txt
-- Installing: /home/zach/arphi_driver/install/arphi_interfaces/lib/python3.12/site-packages/arphi_interfaces-1.0.0-py3.12.egg-info/dependency_links.txt
-- Installing: /home/zach/arphi_driver/install/arphi_interfaces/lib/python3.12/site-packages/arphi_interfaces-1.0.0-py3.12.egg-info/PKG-INFO
-- Up-to-date: /home/zach/arphi_driver/install/arphi_interfaces/lib/python3.12/site-packages/arphi_interfaces
-- Up-to-date: /home/zach/arphi_driver/install/arphi_interfaces/lib/python3.12/site-packages/arphi_interfaces/_arphi_interfaces_s.ep.rosidl_typesupport_fastrtps_c.c
-- Up-to-date: /home/zach/arphi_driver/install/arphi_interfaces/lib/python3.12/site-packages/arphi_interfaces/_arphi_interfaces_s.ep.rosidl_typesupport_c.c
-- Up-to-date: /home/zach/arphi_driver/install/arphi_interfaces/lib/python3.12/site-packages/arphi_interfaces/msg
-- Up-to-date: /home/zach/arphi_driver/install/arphi_interfaces/lib/python3.12/site-packages/arphi_interfaces/msg/_stepper_commands.py
-- Up-to-date: /home/zach/arphi_driver/install/arphi_interfaces/lib/python3.12/site-packages/arphi_interfaces/msg/__init__.py
-- Up-to-date: /home/zach/arphi_driver/install/arphi_interfaces/lib/python3.12/site-packages/arphi_interfaces/msg/_stepper_commands_s.c
-- Up-to-date: /home/zach/arphi_driver/install/arphi_interfaces/lib/python3.12/site-packages/arphi_interfaces/arphi_interfaces_s__rosidl_typesupport_c.so
-- Up-to-date: /home/zach/arphi_driver/install/arphi_interfaces/lib/python3.12/site-packages/arphi_interfaces/__init__.py
-- Up-to-date: /home/zach/arphi_driver/install/arphi_interfaces/lib/python3.12/site-packages/arphi_interfaces/arphi_interfaces_s__rosidl_typesupport_introspection_c.so
-- Up-to-date: /home/zach/arphi_driver/install/arphi_interfaces/lib/python3.12/site-packages/arphi_interfaces/arphi_interfaces_s__rosidl_typesupport_fastrtps_c.so
-- Up-to-date: /home/zach/arphi_driver/install/arphi_interfaces/lib/python3.12/site-packages/arphi_interfaces/_arphi_interfaces_s.ep.rosidl_typesupport_introspection_c.c
Listing '/home/zach/arphi_driver/install/arphi_interfaces/lib/python3.12/site-packages/arphi_interfaces'...
Listing '/home/zach/arphi_driver/install/arphi_interfaces/lib/python3.12/site-packages/arphi_interfaces/msg'...
-- Up-to-date: /home/zach/arphi_driver/install/arphi_interfaces/lib/python3.12/site-packages/arphi_interfaces/arphi_interfaces_s__rosidl_typesupport_fastrtps_c.so
-- Up-to-date: /home/zach/arphi_driver/install/arphi_interfaces/lib/python3.12/site-packages/arphi_interfaces/arphi_interfaces_s__rosidl_typesupport_introspection_c.so
-- Up-to-date: /home/zach/arphi_driver/install/arphi_interfaces/lib/python3.12/site-packages/arphi_interfaces/arphi_interfaces_s__rosidl_typesupport_c.so
-- Up-to-date: /home/zach/arphi_driver/install/arphi_interfaces/lib/libarphi_interfaces__rosidl_generator_py.so
-- Up-to-date: /home/zach/arphi_driver/install/arphi_interfaces/share/arphi_interfaces/msg/StepperCommands.idl
-- Up-to-date: /home/zach/arphi_driver/install/arphi_interfaces/share/arphi_interfaces/msg/StepperCommands.msg
-- Up-to-date: /home/zach/arphi_driver/install/arphi_interfaces/share/ament_index/resource_index/package_run_dependencies/arphi_interfaces
-- Up-to-date: /home/zach/arphi_driver/install/arphi_interfaces/share/ament_index/resource_index/parent_prefix_path/arphi_interfaces
-- Up-to-date: /home/zach/arphi_driver/install/arphi_interfaces/share/arphi_interfaces/environment/ament_prefix_path.sh
-- Up-to-date: /home/zach/arphi_driver/install/arphi_interfaces/share/arphi_interfaces/environment/ament_prefix_path.dsv
-- Up-to-date: /home/zach/arphi_driver/install/arphi_interfaces/share/arphi_interfaces/environment/path.sh
-- Up-to-date: /home/zach/arphi_driver/install/arphi_interfaces/share/arphi_interfaces/environment/path.dsv
-- Up-to-date: /home/zach/arphi_driver/install/arphi_interfaces/share/arphi_interfaces/local_setup.bash
-- Up-to-date: /home/zach/arphi_driver/install/arphi_interfaces/share/arphi_interfaces/local_setup.sh
-- Up-to-date: /home/zach/arphi_driver/install/arphi_interfaces/share/arphi_interfaces/local_setup.zsh
-- Up-to-date: /home/zach/arphi_driver/install/arphi_interfaces/share/arphi_interfaces/local_setup.dsv
-- Installing: /home/zach/arphi_driver/install/arphi_interfaces/share/arphi_interfaces/package.dsv
-- Up-to-date: /home/zach/arphi_driver/install/arphi_interfaces/share/ament_index/resource_index/packages/arphi_interfaces
-- Up-to-date: /home/zach/arphi_driver/install/arphi_interfaces/share/arphi_interfaces/cmake/export_arphi_interfaces__rosidl_generator_cExport.cmake
-- Up-to-date: /home/zach/arphi_driver/install/arphi_interfaces/share/arphi_interfaces/cmake/export_arphi_interfaces__rosidl_generator_cExport-noconfig.cmake
-- Up-to-date: /home/zach/arphi_driver/install/arphi_interfaces/share/arphi_interfaces/cmake/export_arphi_interfaces__rosidl_typesupport_fastrtps_cExport.cmake
-- Up-to-date: /home/zach/arphi_driver/install/arphi_interfaces/share/arphi_interfaces/cmake/export_arphi_interfaces__rosidl_typesupport_fastrtps_cExport-noconfig.cmake
-- Up-to-date: /home/zach/arphi_driver/install/arphi_interfaces/share/arphi_interfaces/cmake/arphi_interfaces__rosidl_typesupport_introspection_cExport.cmake
-- Up-to-date: /home/zach/arphi_driver/install/arphi_interfaces/share/arphi_interfaces/cmake/arphi_interfaces__rosidl_typesupport_introspection_cExport-noconfig.cmake
-- Up-to-date: /home/zach/arphi_driver/install/arphi_interfaces/share/arphi_interfaces/cmake/arphi_interfaces__rosidl_typesupport_cExport.cmake
-- Up-to-date: /home/zach/arphi_driver/install/arphi_interfaces/share/arphi_interfaces/cmake/arphi_interfaces__rosidl_typesupport_cExport-noconfig.cmake
-- Up-to-date: /home/zach/arphi_driver/install/arphi_interfaces/share/arphi_interfaces/cmake/export_arphi_interfaces__rosidl_generator_cppExport.cmake
-- Up-to-date: /home/zach/arphi_driver/install/arphi_interfaces/share/arphi_interfaces/cmake/export_arphi_interfaces__rosidl_typesupport_fastrtps_cppExport.cmake
-- Up-to-date: /home/zach/arphi_driver/install/arphi_interfaces/share/arphi_interfaces/cmake/export_arphi_interfaces__rosidl_typesupport_fastrtps_cppExport-noconfig.cmake
-- Up-to-date: /home/zach/arphi_driver/install/arphi_interfaces/share/arphi_interfaces/cmake/arphi_interfaces__rosidl_typesupport_introspection_cppExport.cmake
-- Up-to-date: /home/zach/arphi_driver/install/arphi_interfaces/share/arphi_interfaces/cmake/arphi_interfaces__rosidl_typesupport_introspection_cppExport-noconfig.cmake
-- Up-to-date: /home/zach/arphi_driver/install/arphi_interfaces/share/arphi_interfaces/cmake/arphi_interfaces__rosidl_typesupport_cppExport.cmake
-- Up-to-date: /home/zach/arphi_driver/install/arphi_interfaces/share/arphi_interfaces/cmake/arphi_interfaces__rosidl_typesupport_cppExport-noconfig.cmake
-- Up-to-date: /home/zach/arphi_driver/install/arphi_interfaces/share/arphi_interfaces/cmake/export_arphi_interfaces__rosidl_generator_pyExport.cmake
-- Up-to-date: /home/zach/arphi_driver/install/arphi_interfaces/share/arphi_interfaces/cmake/export_arphi_interfaces__rosidl_generator_pyExport-noconfig.cmake
-- Up-to-date: /home/zach/arphi_driver/install/arphi_interfaces/share/arphi_interfaces/cmake/rosidl_cmake-extras.cmake
-- Up-to-date: /home/zach/arphi_driver/install/arphi_interfaces/share/arphi_interfaces/cmake/ament_cmake_export_include_directories-extras.cmake
-- Up-to-date: /home/zach/arphi_driver/install/arphi_interfaces/share/arphi_interfaces/cmake/ament_cmake_export_libraries-extras.cmake
-- Up-to-date: /home/zach/arphi_driver/install/arphi_interfaces/share/arphi_interfaces/cmake/ament_cmake_export_targets-extras.cmake
-- Up-to-date: /home/zach/arphi_driver/install/arphi_interfaces/share/arphi_interfaces/cmake/rosidl_cmake_export_typesupport_targets-extras.cmake
-- Up-to-date: /home/zach/arphi_driver/install/arphi_interfaces/share/arphi_interfaces/cmake/ament_cmake_export_dependencies-extras.cmake
-- Up-to-date: /home/zach/arphi_driver/install/arphi_interfaces/share/arphi_interfaces/cmake/rosidl_cmake_export_typesupport_libraries-extras.cmake
-- Up-to-date: /home/zach/arphi_driver/install/arphi_interfaces/share/arphi_interfaces/cmake/arphi_interfacesConfig.cmake
-- Up-to-date: /home/zach/arphi_driver/install/arphi_interfaces/share/arphi_interfaces/cmake/arphi_interfacesConfig-version.cmake
-- Up-to-date: /home/zach/arphi_driver/install/arphi_interfaces/share/arphi_interfaces/package.xml
