[0.218s] Invoking command in '/home/zach/arphi_driver/build/arphi_interfaces': CMAKE_PREFIX_PATH=${CMAKE_PREFIX_PATH}:/home/zach/arphi_driver/install/arphi_controllers:/opt/ros/jazzy DEBUGINFOD_URLS=https://debuginfod.ubuntu.com /usr/bin/cmake --build /home/zach/arphi_driver/build/arphi_interfaces -- -j16 -l16
[0.276s] [  2%] Built target arphi_interfaces__rosidl_generator_type_description
[0.286s] [  2%] Built target ament_cmake_python_copy_arphi_interfaces
[0.299s] [  5%] Built target arphi_interfaces__cpp
[0.301s] [ 20%] Built target arphi_interfaces__rosidl_generator_c
[0.324s] [ 29%] Built target arphi_interfaces__rosidl_typesupport_introspection_c
[0.326s] [ 38%] Built target arphi_interfaces__rosidl_typesupport_introspection_cpp
[0.326s] [ 47%] Built target arphi_interfaces__rosidl_typesupport_c
[0.328s] [ 61%] Built target arphi_interfaces__rosidl_typesupport_fastrtps_c
[0.328s] [ 64%] Built target arphi_interfaces__rosidl_typesupport_cpp
[0.331s] [ 73%] Built target arphi_interfaces__rosidl_typesupport_fastrtps_cpp
[0.357s] [ 73%] Built target arphi_interfaces
[0.383s] [ 76%] Built target arphi_interfaces__py
[0.413s] [ 82%] Built target arphi_interfaces__rosidl_generator_py
[0.439s] [100%] Built target arphi_interfaces_s__rosidl_typesupport_c
[0.439s] [100%] Built target arphi_interfaces_s__rosidl_typesupport_fastrtps_c
[0.439s] [100%] Built target arphi_interfaces_s__rosidl_typesupport_introspection_c
[0.456s] running egg_info
[0.468s] writing arphi_interfaces.egg-info/PKG-INFO
[0.468s] writing dependency_links to arphi_interfaces.egg-info/dependency_links.txt
[0.468s] writing top-level names to arphi_interfaces.egg-info/top_level.txt
[0.504s] reading manifest file 'arphi_interfaces.egg-info/SOURCES.txt'
[0.504s] writing manifest file 'arphi_interfaces.egg-info/SOURCES.txt'
[0.529s] [100%] Built target ament_cmake_python_build_arphi_interfaces_egg
[0.543s] Invoked command in '/home/zach/arphi_driver/build/arphi_interfaces' returned '0': CMAKE_PREFIX_PATH=${CMAKE_PREFIX_PATH}:/home/zach/arphi_driver/install/arphi_controllers:/opt/ros/jazzy DEBUGINFOD_URLS=https://debuginfod.ubuntu.com /usr/bin/cmake --build /home/zach/arphi_driver/build/arphi_interfaces -- -j16 -l16
[0.544s] Invoking command in '/home/zach/arphi_driver/build/arphi_interfaces': CMAKE_PREFIX_PATH=${CMAKE_PREFIX_PATH}:/home/zach/arphi_driver/install/arphi_controllers:/opt/ros/jazzy DEBUGINFOD_URLS=https://debuginfod.ubuntu.com /usr/bin/cmake --install /home/zach/arphi_driver/build/arphi_interfaces
[0.552s] -- Install configuration: ""
[0.553s] -- Up-to-date: /home/zach/arphi_driver/install/arphi_interfaces/share/ament_index/resource_index/rosidl_interfaces/arphi_interfaces
[0.553s] -- Up-to-date: /home/zach/arphi_driver/install/arphi_interfaces/share/arphi_interfaces/msg/StepperCommands.json
[0.553s] -- Up-to-date: /home/zach/arphi_driver/install/arphi_interfaces/include/arphi_interfaces/arphi_interfaces
[0.553s] -- Up-to-date: /home/zach/arphi_driver/install/arphi_interfaces/include/arphi_interfaces/arphi_interfaces/msg
[0.553s] -- Up-to-date: /home/zach/arphi_driver/install/arphi_interfaces/include/arphi_interfaces/arphi_interfaces/msg/rosidl_generator_c__visibility_control.h
[0.553s] -- Up-to-date: /home/zach/arphi_driver/install/arphi_interfaces/include/arphi_interfaces/arphi_interfaces/msg/stepper_commands.h
[0.553s] -- Up-to-date: /home/zach/arphi_driver/install/arphi_interfaces/include/arphi_interfaces/arphi_interfaces/msg/detail
[0.553s] -- Up-to-date: /home/zach/arphi_driver/install/arphi_interfaces/include/arphi_interfaces/arphi_interfaces/msg/detail/stepper_commands__type_support.h
[0.553s] -- Up-to-date: /home/zach/arphi_driver/install/arphi_interfaces/include/arphi_interfaces/arphi_interfaces/msg/detail/stepper_commands__description.c
[0.554s] -- Up-to-date: /home/zach/arphi_driver/install/arphi_interfaces/include/arphi_interfaces/arphi_interfaces/msg/detail/stepper_commands__functions.h
[0.554s] -- Up-to-date: /home/zach/arphi_driver/install/arphi_interfaces/include/arphi_interfaces/arphi_interfaces/msg/detail/stepper_commands__struct.h
[0.554s] -- Up-to-date: /home/zach/arphi_driver/install/arphi_interfaces/include/arphi_interfaces/arphi_interfaces/msg/detail/stepper_commands__type_support.c
[0.554s] -- Up-to-date: /home/zach/arphi_driver/install/arphi_interfaces/include/arphi_interfaces/arphi_interfaces/msg/detail/stepper_commands__functions.c
[0.554s] -- Up-to-date: /home/zach/arphi_driver/install/arphi_interfaces/share/arphi_interfaces/environment/library_path.sh
[0.554s] -- Up-to-date: /home/zach/arphi_driver/install/arphi_interfaces/share/arphi_interfaces/environment/library_path.dsv
[0.554s] -- Up-to-date: /home/zach/arphi_driver/install/arphi_interfaces/lib/libarphi_interfaces__rosidl_generator_c.so
[0.554s] -- Up-to-date: /home/zach/arphi_driver/install/arphi_interfaces/include/arphi_interfaces/arphi_interfaces
[0.554s] -- Up-to-date: /home/zach/arphi_driver/install/arphi_interfaces/include/arphi_interfaces/arphi_interfaces/msg
[0.554s] -- Up-to-date: /home/zach/arphi_driver/install/arphi_interfaces/include/arphi_interfaces/arphi_interfaces/msg/rosidl_typesupport_fastrtps_c__visibility_control.h
[0.554s] -- Up-to-date: /home/zach/arphi_driver/install/arphi_interfaces/include/arphi_interfaces/arphi_interfaces/msg/detail
[0.554s] -- Up-to-date: /home/zach/arphi_driver/install/arphi_interfaces/include/arphi_interfaces/arphi_interfaces/msg/detail/stepper_commands__rosidl_typesupport_fastrtps_c.h
[0.554s] -- Up-to-date: /home/zach/arphi_driver/install/arphi_interfaces/lib/libarphi_interfaces__rosidl_typesupport_fastrtps_c.so
[0.554s] -- Up-to-date: /home/zach/arphi_driver/install/arphi_interfaces/include/arphi_interfaces/arphi_interfaces
[0.554s] -- Up-to-date: /home/zach/arphi_driver/install/arphi_interfaces/include/arphi_interfaces/arphi_interfaces/msg
[0.554s] -- Up-to-date: /home/zach/arphi_driver/install/arphi_interfaces/include/arphi_interfaces/arphi_interfaces/msg/rosidl_typesupport_introspection_c__visibility_control.h
[0.554s] -- Up-to-date: /home/zach/arphi_driver/install/arphi_interfaces/include/arphi_interfaces/arphi_interfaces/msg/detail
[0.554s] -- Up-to-date: /home/zach/arphi_driver/install/arphi_interfaces/include/arphi_interfaces/arphi_interfaces/msg/detail/stepper_commands__rosidl_typesupport_introspection_c.h
[0.554s] -- Up-to-date: /home/zach/arphi_driver/install/arphi_interfaces/include/arphi_interfaces/arphi_interfaces/msg/detail/stepper_commands__type_support.c
[0.554s] -- Up-to-date: /home/zach/arphi_driver/install/arphi_interfaces/lib/libarphi_interfaces__rosidl_typesupport_introspection_c.so
[0.554s] -- Up-to-date: /home/zach/arphi_driver/install/arphi_interfaces/lib/libarphi_interfaces__rosidl_typesupport_c.so
[0.554s] -- Up-to-date: /home/zach/arphi_driver/install/arphi_interfaces/include/arphi_interfaces/arphi_interfaces
[0.554s] -- Up-to-date: /home/zach/arphi_driver/install/arphi_interfaces/include/arphi_interfaces/arphi_interfaces/msg
[0.555s] -- Up-to-date: /home/zach/arphi_driver/install/arphi_interfaces/include/arphi_interfaces/arphi_interfaces/msg/rosidl_generator_cpp__visibility_control.hpp
[0.555s] -- Up-to-date: /home/zach/arphi_driver/install/arphi_interfaces/include/arphi_interfaces/arphi_interfaces/msg/stepper_commands.hpp
[0.555s] -- Up-to-date: /home/zach/arphi_driver/install/arphi_interfaces/include/arphi_interfaces/arphi_interfaces/msg/detail
[0.555s] -- Up-to-date: /home/zach/arphi_driver/install/arphi_interfaces/include/arphi_interfaces/arphi_interfaces/msg/detail/stepper_commands__builder.hpp
[0.555s] -- Up-to-date: /home/zach/arphi_driver/install/arphi_interfaces/include/arphi_interfaces/arphi_interfaces/msg/detail/stepper_commands__type_support.hpp
[0.555s] -- Up-to-date: /home/zach/arphi_driver/install/arphi_interfaces/include/arphi_interfaces/arphi_interfaces/msg/detail/stepper_commands__struct.hpp
[0.555s] -- Up-to-date: /home/zach/arphi_driver/install/arphi_interfaces/include/arphi_interfaces/arphi_interfaces/msg/detail/stepper_commands__traits.hpp
[0.555s] -- Up-to-date: /home/zach/arphi_driver/install/arphi_interfaces/include/arphi_interfaces/arphi_interfaces
[0.555s] -- Up-to-date: /home/zach/arphi_driver/install/arphi_interfaces/include/arphi_interfaces/arphi_interfaces/msg
[0.555s] -- Up-to-date: /home/zach/arphi_driver/install/arphi_interfaces/include/arphi_interfaces/arphi_interfaces/msg/rosidl_typesupport_fastrtps_cpp__visibility_control.h
[0.555s] -- Up-to-date: /home/zach/arphi_driver/install/arphi_interfaces/include/arphi_interfaces/arphi_interfaces/msg/detail
[0.555s] -- Up-to-date: /home/zach/arphi_driver/install/arphi_interfaces/include/arphi_interfaces/arphi_interfaces/msg/detail/dds_fastrtps
[0.555s] -- Up-to-date: /home/zach/arphi_driver/install/arphi_interfaces/include/arphi_interfaces/arphi_interfaces/msg/detail/stepper_commands__rosidl_typesupport_fastrtps_cpp.hpp
[0.555s] -- Up-to-date: /home/zach/arphi_driver/install/arphi_interfaces/lib/libarphi_interfaces__rosidl_typesupport_fastrtps_cpp.so
[0.555s] -- Up-to-date: /home/zach/arphi_driver/install/arphi_interfaces/include/arphi_interfaces/arphi_interfaces
[0.555s] -- Up-to-date: /home/zach/arphi_driver/install/arphi_interfaces/include/arphi_interfaces/arphi_interfaces/msg
[0.555s] -- Up-to-date: /home/zach/arphi_driver/install/arphi_interfaces/include/arphi_interfaces/arphi_interfaces/msg/detail
[0.555s] -- Up-to-date: /home/zach/arphi_driver/install/arphi_interfaces/include/arphi_interfaces/arphi_interfaces/msg/detail/stepper_commands__type_support.cpp
[0.555s] -- Up-to-date: /home/zach/arphi_driver/install/arphi_interfaces/include/arphi_interfaces/arphi_interfaces/msg/detail/stepper_commands__rosidl_typesupport_introspection_cpp.hpp
[0.555s] -- Up-to-date: /home/zach/arphi_driver/install/arphi_interfaces/lib/libarphi_interfaces__rosidl_typesupport_introspection_cpp.so
[0.555s] -- Up-to-date: /home/zach/arphi_driver/install/arphi_interfaces/lib/libarphi_interfaces__rosidl_typesupport_cpp.so
[0.555s] -- Up-to-date: /home/zach/arphi_driver/install/arphi_interfaces/share/arphi_interfaces/environment/pythonpath.sh
[0.555s] -- Up-to-date: /home/zach/arphi_driver/install/arphi_interfaces/share/arphi_interfaces/environment/pythonpath.dsv
[0.555s] -- Up-to-date: /home/zach/arphi_driver/install/arphi_interfaces/lib/python3.12/site-packages/arphi_interfaces-1.0.0-py3.12.egg-info
[0.555s] -- Installing: /home/zach/arphi_driver/install/arphi_interfaces/lib/python3.12/site-packages/arphi_interfaces-1.0.0-py3.12.egg-info/top_level.txt
[0.555s] -- Installing: /home/zach/arphi_driver/install/arphi_interfaces/lib/python3.12/site-packages/arphi_interfaces-1.0.0-py3.12.egg-info/SOURCES.txt
[0.556s] -- Installing: /home/zach/arphi_driver/install/arphi_interfaces/lib/python3.12/site-packages/arphi_interfaces-1.0.0-py3.12.egg-info/dependency_links.txt
[0.556s] -- Installing: /home/zach/arphi_driver/install/arphi_interfaces/lib/python3.12/site-packages/arphi_interfaces-1.0.0-py3.12.egg-info/PKG-INFO
[0.556s] -- Up-to-date: /home/zach/arphi_driver/install/arphi_interfaces/lib/python3.12/site-packages/arphi_interfaces
[0.556s] -- Up-to-date: /home/zach/arphi_driver/install/arphi_interfaces/lib/python3.12/site-packages/arphi_interfaces/_arphi_interfaces_s.ep.rosidl_typesupport_fastrtps_c.c
[0.556s] -- Up-to-date: /home/zach/arphi_driver/install/arphi_interfaces/lib/python3.12/site-packages/arphi_interfaces/_arphi_interfaces_s.ep.rosidl_typesupport_c.c
[0.556s] -- Up-to-date: /home/zach/arphi_driver/install/arphi_interfaces/lib/python3.12/site-packages/arphi_interfaces/msg
[0.556s] -- Up-to-date: /home/zach/arphi_driver/install/arphi_interfaces/lib/python3.12/site-packages/arphi_interfaces/msg/_stepper_commands.py
[0.556s] -- Up-to-date: /home/zach/arphi_driver/install/arphi_interfaces/lib/python3.12/site-packages/arphi_interfaces/msg/__init__.py
[0.556s] -- Up-to-date: /home/zach/arphi_driver/install/arphi_interfaces/lib/python3.12/site-packages/arphi_interfaces/msg/_stepper_commands_s.c
[0.556s] -- Up-to-date: /home/zach/arphi_driver/install/arphi_interfaces/lib/python3.12/site-packages/arphi_interfaces/arphi_interfaces_s__rosidl_typesupport_c.so
[0.556s] -- Up-to-date: /home/zach/arphi_driver/install/arphi_interfaces/lib/python3.12/site-packages/arphi_interfaces/__init__.py
[0.556s] -- Up-to-date: /home/zach/arphi_driver/install/arphi_interfaces/lib/python3.12/site-packages/arphi_interfaces/arphi_interfaces_s__rosidl_typesupport_introspection_c.so
[0.556s] -- Up-to-date: /home/zach/arphi_driver/install/arphi_interfaces/lib/python3.12/site-packages/arphi_interfaces/arphi_interfaces_s__rosidl_typesupport_fastrtps_c.so
[0.556s] -- Up-to-date: /home/zach/arphi_driver/install/arphi_interfaces/lib/python3.12/site-packages/arphi_interfaces/_arphi_interfaces_s.ep.rosidl_typesupport_introspection_c.c
[0.580s] Listing '/home/zach/arphi_driver/install/arphi_interfaces/lib/python3.12/site-packages/arphi_interfaces'...
[0.580s] Listing '/home/zach/arphi_driver/install/arphi_interfaces/lib/python3.12/site-packages/arphi_interfaces/msg'...
[0.584s] -- Up-to-date: /home/zach/arphi_driver/install/arphi_interfaces/lib/python3.12/site-packages/arphi_interfaces/arphi_interfaces_s__rosidl_typesupport_fastrtps_c.so
[0.584s] -- Up-to-date: /home/zach/arphi_driver/install/arphi_interfaces/lib/python3.12/site-packages/arphi_interfaces/arphi_interfaces_s__rosidl_typesupport_introspection_c.so
[0.584s] -- Up-to-date: /home/zach/arphi_driver/install/arphi_interfaces/lib/python3.12/site-packages/arphi_interfaces/arphi_interfaces_s__rosidl_typesupport_c.so
[0.584s] -- Up-to-date: /home/zach/arphi_driver/install/arphi_interfaces/lib/libarphi_interfaces__rosidl_generator_py.so
[0.584s] -- Up-to-date: /home/zach/arphi_driver/install/arphi_interfaces/share/arphi_interfaces/msg/StepperCommands.idl
[0.585s] -- Up-to-date: /home/zach/arphi_driver/install/arphi_interfaces/share/arphi_interfaces/msg/StepperCommands.msg
[0.585s] -- Up-to-date: /home/zach/arphi_driver/install/arphi_interfaces/share/ament_index/resource_index/package_run_dependencies/arphi_interfaces
[0.585s] -- Up-to-date: /home/zach/arphi_driver/install/arphi_interfaces/share/ament_index/resource_index/parent_prefix_path/arphi_interfaces
[0.585s] -- Up-to-date: /home/zach/arphi_driver/install/arphi_interfaces/share/arphi_interfaces/environment/ament_prefix_path.sh
[0.585s] -- Up-to-date: /home/zach/arphi_driver/install/arphi_interfaces/share/arphi_interfaces/environment/ament_prefix_path.dsv
[0.585s] -- Up-to-date: /home/zach/arphi_driver/install/arphi_interfaces/share/arphi_interfaces/environment/path.sh
[0.585s] -- Up-to-date: /home/zach/arphi_driver/install/arphi_interfaces/share/arphi_interfaces/environment/path.dsv
[0.585s] -- Up-to-date: /home/zach/arphi_driver/install/arphi_interfaces/share/arphi_interfaces/local_setup.bash
[0.585s] -- Up-to-date: /home/zach/arphi_driver/install/arphi_interfaces/share/arphi_interfaces/local_setup.sh
[0.585s] -- Up-to-date: /home/zach/arphi_driver/install/arphi_interfaces/share/arphi_interfaces/local_setup.zsh
[0.585s] -- Up-to-date: /home/zach/arphi_driver/install/arphi_interfaces/share/arphi_interfaces/local_setup.dsv
[0.585s] -- Installing: /home/zach/arphi_driver/install/arphi_interfaces/share/arphi_interfaces/package.dsv
[0.585s] -- Up-to-date: /home/zach/arphi_driver/install/arphi_interfaces/share/ament_index/resource_index/packages/arphi_interfaces
[0.585s] -- Up-to-date: /home/zach/arphi_driver/install/arphi_interfaces/share/arphi_interfaces/cmake/export_arphi_interfaces__rosidl_generator_cExport.cmake
[0.585s] -- Up-to-date: /home/zach/arphi_driver/install/arphi_interfaces/share/arphi_interfaces/cmake/export_arphi_interfaces__rosidl_generator_cExport-noconfig.cmake
[0.585s] -- Up-to-date: /home/zach/arphi_driver/install/arphi_interfaces/share/arphi_interfaces/cmake/export_arphi_interfaces__rosidl_typesupport_fastrtps_cExport.cmake
[0.585s] -- Up-to-date: /home/zach/arphi_driver/install/arphi_interfaces/share/arphi_interfaces/cmake/export_arphi_interfaces__rosidl_typesupport_fastrtps_cExport-noconfig.cmake
[0.585s] -- Up-to-date: /home/zach/arphi_driver/install/arphi_interfaces/share/arphi_interfaces/cmake/arphi_interfaces__rosidl_typesupport_introspection_cExport.cmake
[0.585s] -- Up-to-date: /home/zach/arphi_driver/install/arphi_interfaces/share/arphi_interfaces/cmake/arphi_interfaces__rosidl_typesupport_introspection_cExport-noconfig.cmake
[0.586s] -- Up-to-date: /home/zach/arphi_driver/install/arphi_interfaces/share/arphi_interfaces/cmake/arphi_interfaces__rosidl_typesupport_cExport.cmake
[0.586s] -- Up-to-date: /home/zach/arphi_driver/install/arphi_interfaces/share/arphi_interfaces/cmake/arphi_interfaces__rosidl_typesupport_cExport-noconfig.cmake
[0.586s] -- Up-to-date: /home/zach/arphi_driver/install/arphi_interfaces/share/arphi_interfaces/cmake/export_arphi_interfaces__rosidl_generator_cppExport.cmake
[0.586s] -- Up-to-date: /home/zach/arphi_driver/install/arphi_interfaces/share/arphi_interfaces/cmake/export_arphi_interfaces__rosidl_typesupport_fastrtps_cppExport.cmake
[0.586s] -- Up-to-date: /home/zach/arphi_driver/install/arphi_interfaces/share/arphi_interfaces/cmake/export_arphi_interfaces__rosidl_typesupport_fastrtps_cppExport-noconfig.cmake
[0.586s] -- Up-to-date: /home/zach/arphi_driver/install/arphi_interfaces/share/arphi_interfaces/cmake/arphi_interfaces__rosidl_typesupport_introspection_cppExport.cmake
[0.586s] -- Up-to-date: /home/zach/arphi_driver/install/arphi_interfaces/share/arphi_interfaces/cmake/arphi_interfaces__rosidl_typesupport_introspection_cppExport-noconfig.cmake
[0.586s] -- Up-to-date: /home/zach/arphi_driver/install/arphi_interfaces/share/arphi_interfaces/cmake/arphi_interfaces__rosidl_typesupport_cppExport.cmake
[0.586s] -- Up-to-date: /home/zach/arphi_driver/install/arphi_interfaces/share/arphi_interfaces/cmake/arphi_interfaces__rosidl_typesupport_cppExport-noconfig.cmake
[0.586s] -- Up-to-date: /home/zach/arphi_driver/install/arphi_interfaces/share/arphi_interfaces/cmake/export_arphi_interfaces__rosidl_generator_pyExport.cmake
[0.586s] -- Up-to-date: /home/zach/arphi_driver/install/arphi_interfaces/share/arphi_interfaces/cmake/export_arphi_interfaces__rosidl_generator_pyExport-noconfig.cmake
[0.586s] -- Up-to-date: /home/zach/arphi_driver/install/arphi_interfaces/share/arphi_interfaces/cmake/rosidl_cmake-extras.cmake
[0.586s] -- Up-to-date: /home/zach/arphi_driver/install/arphi_interfaces/share/arphi_interfaces/cmake/ament_cmake_export_include_directories-extras.cmake
[0.586s] -- Up-to-date: /home/zach/arphi_driver/install/arphi_interfaces/share/arphi_interfaces/cmake/ament_cmake_export_libraries-extras.cmake
[0.586s] -- Up-to-date: /home/zach/arphi_driver/install/arphi_interfaces/share/arphi_interfaces/cmake/ament_cmake_export_targets-extras.cmake
[0.586s] -- Up-to-date: /home/zach/arphi_driver/install/arphi_interfaces/share/arphi_interfaces/cmake/rosidl_cmake_export_typesupport_targets-extras.cmake
[0.586s] -- Up-to-date: /home/zach/arphi_driver/install/arphi_interfaces/share/arphi_interfaces/cmake/ament_cmake_export_dependencies-extras.cmake
[0.586s] -- Up-to-date: /home/zach/arphi_driver/install/arphi_interfaces/share/arphi_interfaces/cmake/rosidl_cmake_export_typesupport_libraries-extras.cmake
[0.586s] -- Up-to-date: /home/zach/arphi_driver/install/arphi_interfaces/share/arphi_interfaces/cmake/arphi_interfacesConfig.cmake
[0.586s] -- Up-to-date: /home/zach/arphi_driver/install/arphi_interfaces/share/arphi_interfaces/cmake/arphi_interfacesConfig-version.cmake
[0.586s] -- Up-to-date: /home/zach/arphi_driver/install/arphi_interfaces/share/arphi_interfaces/package.xml
[0.588s] Invoked command in '/home/zach/arphi_driver/build/arphi_interfaces' returned '0': CMAKE_PREFIX_PATH=${CMAKE_PREFIX_PATH}:/home/zach/arphi_driver/install/arphi_controllers:/opt/ros/jazzy DEBUGINFOD_URLS=https://debuginfod.ubuntu.com /usr/bin/cmake --install /home/zach/arphi_driver/build/arphi_interfaces
