-- Install configuration: ""
-- Up-to-date: /home/zach/arphi_driver/install/arphi_gazebo/share/arphi_gazebo/launch
-- Up-to-date: /home/zach/arphi_driver/install/arphi_gazebo/share/arphi_gazebo/launch/launch.py
-- Up-to-date: /home/zach/arphi_driver/install/arphi_gazebo/share/arphi_gazebo/worlds
-- Up-to-date: /home/zach/arphi_driver/install/arphi_gazebo/share/arphi_gazebo/worlds/empty.world
-- Up-to-date: /home/zach/arphi_driver/install/arphi_gazebo/share/ament_index/resource_index/package_run_dependencies/arphi_gazebo
-- Up-to-date: /home/zach/arphi_driver/install/arphi_gazebo/share/ament_index/resource_index/parent_prefix_path/arphi_gazebo
-- Up-to-date: /home/zach/arphi_driver/install/arphi_gazebo/share/arphi_gazebo/environment/ament_prefix_path.sh
-- Up-to-date: /home/zach/arphi_driver/install/arphi_gazebo/share/arphi_gazebo/environment/ament_prefix_path.dsv
-- Up-to-date: /home/zach/arphi_driver/install/arphi_gazebo/share/arphi_gazebo/environment/path.sh
-- Up-to-date: /home/zach/arphi_driver/install/arphi_gazebo/share/arphi_gazebo/environment/path.dsv
-- Up-to-date: /home/zach/arphi_driver/install/arphi_gazebo/share/arphi_gazebo/local_setup.bash
-- Up-to-date: /home/zach/arphi_driver/install/arphi_gazebo/share/arphi_gazebo/local_setup.sh
-- Up-to-date: /home/zach/arphi_driver/install/arphi_gazebo/share/arphi_gazebo/local_setup.zsh
-- Up-to-date: /home/zach/arphi_driver/install/arphi_gazebo/share/arphi_gazebo/local_setup.dsv
-- Up-to-date: /home/zach/arphi_driver/install/arphi_gazebo/share/arphi_gazebo/package.dsv
-- Up-to-date: /home/zach/arphi_driver/install/arphi_gazebo/share/ament_index/resource_index/packages/arphi_gazebo
-- Up-to-date: /home/zach/arphi_driver/install/arphi_gazebo/share/arphi_gazebo/cmake/arphi_gazeboConfig.cmake
-- Up-to-date: /home/zach/arphi_driver/install/arphi_gazebo/share/arphi_gazebo/cmake/arphi_gazeboConfig-version.cmake
-- Up-to-date: /home/zach/arphi_driver/install/arphi_gazebo/share/arphi_gazebo/package.xml
