[0.030s] Invoking command in '/home/zach/arphi_driver/build/arphi_description': CMAKE_PREFIX_PATH=${CMAKE_PREFIX_PATH}:/home/zach/arphi_driver/install/arphi_controllers:/opt/ros/jazzy DEBUGINFOD_URLS=https://debuginfod.ubuntu.com /usr/bin/cmake --build /home/zach/arphi_driver/build/arphi_description -- -j16 -l16
[0.238s] Invoked command in '/home/zach/arphi_driver/build/arphi_description' returned '0': CMAKE_PREFIX_PATH=${CMAKE_PREFIX_PATH}:/home/zach/arphi_driver/install/arphi_controllers:/opt/ros/jazzy DEBUGINFOD_URLS=https://debuginfod.ubuntu.com /usr/bin/cmake --build /home/zach/arphi_driver/build/arphi_description -- -j16 -l16
[0.249s] Invoking command in '/home/zach/arphi_driver/build/arphi_description': CMAKE_PREFIX_PATH=${CMAKE_PREFIX_PATH}:/home/zach/arphi_driver/install/arphi_controllers:/opt/ros/jazzy DEBUGINFOD_URLS=https://debuginfod.ubuntu.com /usr/bin/cmake --install /home/zach/arphi_driver/build/arphi_description
[0.257s] -- Install configuration: ""
[0.258s] -- Up-to-date: /home/zach/arphi_driver/install/arphi_description/share/arphi_description/meshes
[0.258s] -- Up-to-date: /home/zach/arphi_driver/install/arphi_description/share/arphi_description/meshes/link_4.STL
[0.258s] -- Up-to-date: /home/zach/arphi_driver/install/arphi_description/share/arphi_description/meshes/link_6.STL
[0.258s] -- Up-to-date: /home/zach/arphi_driver/install/arphi_description/share/arphi_description/meshes/link_3.STL
[0.258s] -- Up-to-date: /home/zach/arphi_driver/install/arphi_description/share/arphi_description/meshes/link_2.STL
[0.258s] -- Up-to-date: /home/zach/arphi_driver/install/arphi_description/share/arphi_description/meshes/link_1.STL
[0.258s] -- Up-to-date: /home/zach/arphi_driver/install/arphi_description/share/arphi_description/meshes/base_link.STL
[0.258s] -- Up-to-date: /home/zach/arphi_driver/install/arphi_description/share/arphi_description/meshes/link_5.STL
[0.258s] -- Up-to-date: /home/zach/arphi_driver/install/arphi_description/share/arphi_description/urdf
[0.258s] -- Up-to-date: /home/zach/arphi_driver/install/arphi_description/share/arphi_description/urdf/arphi.urdf.xacro
[0.258s] -- Up-to-date: /home/zach/arphi_driver/install/arphi_description/share/arphi_description/urdf/your_robot.urdf
[0.258s] -- Up-to-date: /home/zach/arphi_driver/install/arphi_description/share/arphi_description/urdf/arphi.ros2_control.xacro
[0.258s] -- Up-to-date: /home/zach/arphi_driver/install/arphi_description/share/arphi_description/urdf/primary.urdf.xacro
[0.258s] -- Up-to-date: /home/zach/arphi_driver/install/arphi_description/share/arphi_description/urdf/arphi_gazebo.urdf.xacro
[0.259s] -- Up-to-date: /home/zach/arphi_driver/install/arphi_description/share/arphi_description/config
[0.259s] -- Up-to-date: /home/zach/arphi_driver/install/arphi_description/share/arphi_description/config/controllers.yaml
[0.259s] -- Up-to-date: /home/zach/arphi_driver/install/arphi_description/share/arphi_description/config/arphi_gz.ros2_control.yaml
[0.259s] -- Up-to-date: /home/zach/arphi_driver/install/arphi_description/share/arphi_description/config/gazebo_params.yaml
[0.259s] -- Up-to-date: /home/zach/arphi_driver/install/arphi_description/share/ament_index/resource_index/package_run_dependencies/arphi_description
[0.259s] -- Up-to-date: /home/zach/arphi_driver/install/arphi_description/share/ament_index/resource_index/parent_prefix_path/arphi_description
[0.259s] -- Up-to-date: /home/zach/arphi_driver/install/arphi_description/share/arphi_description/environment/ament_prefix_path.sh
[0.259s] -- Up-to-date: /home/zach/arphi_driver/install/arphi_description/share/arphi_description/environment/ament_prefix_path.dsv
[0.259s] -- Up-to-date: /home/zach/arphi_driver/install/arphi_description/share/arphi_description/environment/path.sh
[0.259s] -- Up-to-date: /home/zach/arphi_driver/install/arphi_description/share/arphi_description/environment/path.dsv
[0.259s] -- Up-to-date: /home/zach/arphi_driver/install/arphi_description/share/arphi_description/local_setup.bash
[0.259s] -- Up-to-date: /home/zach/arphi_driver/install/arphi_description/share/arphi_description/local_setup.sh
[0.259s] -- Up-to-date: /home/zach/arphi_driver/install/arphi_description/share/arphi_description/local_setup.zsh
[0.259s] -- Up-to-date: /home/zach/arphi_driver/install/arphi_description/share/arphi_description/local_setup.dsv
[0.259s] -- Installing: /home/zach/arphi_driver/install/arphi_description/share/arphi_description/package.dsv
[0.259s] -- Up-to-date: /home/zach/arphi_driver/install/arphi_description/share/ament_index/resource_index/packages/arphi_description
[0.259s] -- Up-to-date: /home/zach/arphi_driver/install/arphi_description/share/arphi_description/cmake/arphi_descriptionConfig.cmake
[0.259s] -- Up-to-date: /home/zach/arphi_driver/install/arphi_description/share/arphi_description/cmake/arphi_descriptionConfig-version.cmake
[0.259s] -- Up-to-date: /home/zach/arphi_driver/install/arphi_description/share/arphi_description/package.xml
[0.260s] Invoked command in '/home/zach/arphi_driver/build/arphi_description' returned '0': CMAKE_PREFIX_PATH=${CMAKE_PREFIX_PATH}:/home/zach/arphi_driver/install/arphi_controllers:/opt/ros/jazzy DEBUGINFOD_URLS=https://debuginfod.ubuntu.com /usr/bin/cmake --install /home/zach/arphi_driver/build/arphi_description
